2025-01-31 17:16:11.550 [info] [main] Log level: Info
2025-01-31 17:16:11.550 [info] [main] Validating found git in: "git"
2025-01-31 17:16:11.550 [info] [main] Using git "2.48.1" from "git"
2025-01-31 17:16:11.550 [info] [Model][doInitialScan] Initial repository scan started
2025-01-31 17:16:11.550 [info] > git rev-parse --show-toplevel [73ms]
2025-01-31 17:16:11.550 [info] > git rev-parse --git-dir --git-common-dir [24ms]
2025-01-31 17:16:11.550 [info] [Model][openRepository] Opened repository: /home/miguel/Desktop/repositories/dimpro-rest
2025-01-31 17:16:11.555 [info] > git rev-parse --show-toplevel [28ms]
2025-01-31 17:16:11.557 [info] > git config --get commit.template [38ms]
2025-01-31 17:16:11.835 [info] > git rev-parse --show-toplevel [102ms]
2025-01-31 17:16:11.947 [info] > git for-each-ref --format=%(refname)%00%(upstream:short)%00%(objectname)%00%(upstream:track)%00%(upstream:remotename)%00%(upstream:remoteref) refs/heads/cambios-miguel refs/remotes/cambios-miguel [128ms]
2025-01-31 17:16:11.963 [info] > git rev-parse --show-toplevel [20ms]
2025-01-31 17:16:11.968 [info] [Model][doInitialScan] Initial repository scan completed - repositories (1), closed repositories (0), parent repositories (0), unsafe repositories (0)
2025-01-31 17:16:12.234 [info] > git show --textconv :backend/dimpro/models.py [242ms]
2025-01-31 17:16:12.234 [info] > git ls-files --stage -- /home/miguel/Desktop/repositories/dimpro-rest/backend/dimpro/models.py [223ms]
2025-01-31 17:16:12.374 [info] > git check-ignore -v -z --stdin [120ms]
2025-01-31 17:16:12.377 [info] > git cat-file -s 1bc51983fbaff44282fd77a0e3f27ea9ba16ce5f [135ms]
2025-01-31 17:16:12.378 [info] > git log --format=%H%n%aN%n%aE%n%at%n%ct%n%P%n%D%n%B -z -n126 --follow -- /home/miguel/Desktop/repositories/dimpro-rest/backend/dimpro/models.py [150ms]
2025-01-31 17:16:12.499 [info] > git status -z -uall [58ms]
2025-01-31 17:16:12.507 [info] > git for-each-ref --sort -committerdate --format %(refname) %(objectname) %(*objectname) [46ms]
2025-01-31 17:16:12.632 [info] > git for-each-ref --format=%(refname)%00%(upstream:short)%00%(objectname)%00%(upstream:track)%00%(upstream:remotename)%00%(upstream:remoteref) refs/heads/cambios-miguel refs/remotes/cambios-miguel [88ms]
2025-01-31 17:16:12.645 [info] > git blame --root --incremental e9fd8761bae84fa1f561f1e8289387e758ff685b -- /home/miguel/Desktop/repositories/dimpro-rest/backend/dimpro/models.py [158ms]
2025-01-31 17:16:12.682 [info] > git config --local branch.cambios-miguel.vscode-merge-base [36ms]
2025-01-31 17:16:12.702 [info] > git config --get commit.template [87ms]
2025-01-31 17:16:12.717 [info] > git for-each-ref --format=%(refname)%00%(upstream:short)%00%(objectname)%00%(upstream:track)%00%(upstream:remotename)%00%(upstream:remoteref) refs/heads/origin/cambios-miguel refs/remotes/origin/cambios-miguel [15ms]
2025-01-31 17:16:12.749 [info] > git merge-base refs/heads/cambios-miguel refs/remotes/origin/cambios-miguel [21ms]
2025-01-31 17:16:12.786 [info] > git diff --name-status -z --diff-filter=ADMR e9fd8761bae84fa1f561f1e8289387e758ff685b...refs/remotes/origin/cambios-miguel [28ms]
2025-01-31 17:16:12.789 [info] > git for-each-ref --format=%(refname)%00%(upstream:short)%00%(objectname)%00%(upstream:track)%00%(upstream:remotename)%00%(upstream:remoteref) refs/heads/cambios-miguel refs/remotes/cambios-miguel [49ms]
2025-01-31 17:16:12.895 [info] > git status -z -uall [53ms]
2025-01-31 17:16:12.896 [info] > git for-each-ref --sort -committerdate --format %(refname) %(objectname) %(*objectname) [40ms]
2025-01-31 17:16:14.368 [info] > git check-ignore -v -z --stdin [132ms]
2025-01-31 17:16:14.893 [info] > git check-ignore -v -z --stdin [47ms]
2025-01-31 17:16:17.991 [info] > git check-ignore -v -z --stdin [1ms]
2025-01-31 17:16:21.848 [info] > git log --format=%H%n%aN%n%aE%n%at%n%ct%n%P%n%D%n%B -z -n126 --follow -- /home/miguel/Desktop/repositories/dimpro-rest/backend/db.sqlite3 [22ms]
2025-01-31 17:16:26.544 [info] > git check-ignore -v -z --stdin [2ms]
2025-01-31 17:16:28.695 [info] > git log --format=%H%n%aN%n%aE%n%at%n%ct%n%P%n%D%n%B -z --shortstat --diff-merges=first-parent -n50 --skip=0 --topo-order --decorate=full --stdin [2777ms]
2025-01-31 17:16:43.667 [info] > git config --get commit.template [9ms]
2025-01-31 17:16:43.668 [info] > git for-each-ref --format=%(refname)%00%(upstream:short)%00%(objectname)%00%(upstream:track)%00%(upstream:remotename)%00%(upstream:remoteref) refs/heads/cambios-miguel refs/remotes/cambios-miguel [2ms]
2025-01-31 17:16:43.686 [info] > git status -z -uall [10ms]
2025-01-31 17:16:43.688 [info] > git for-each-ref --sort -committerdate --format %(refname) %(objectname) %(*objectname) [2ms]
2025-01-31 17:16:44.829 [info] > git rev-list --count 1441d6fe780cfc1d88d25ae0b6b3d9422a7eeaa8.. -- /home/miguel/Desktop/repositories/dimpro-rest/backend/db.sqlite3 [3ms]
2025-01-31 17:16:44.850 [info] > git log --format=%H%n%aN%n%aE%n%at%n%ct%n%P%n%D%n%B -z -n12 --follow -- /home/miguel/Desktop/repositories/dimpro-rest/backend/db.sqlite3 [12ms]
2025-01-31 17:16:49.188 [info] > git log --format=%H%n%aN%n%aE%n%at%n%ct%n%P%n%D%n%B -z -n126 --follow -- /home/miguel/Desktop/repositories/dimpro-rest/backend/db1.sqlite3 [5ms]
2025-01-31 17:16:50.174 [info] > git log --format=%H%n%aN%n%aE%n%at%n%ct%n%P%n%D%n%B -z -n126 --follow -- /home/miguel/Desktop/repositories/dimpro-rest/backend/db.sqlite3 [25ms]
2025-01-31 17:16:55.198 [info] > git log --format=%H%n%aN%n%aE%n%at%n%ct%n%P%n%D%n%B -z --shortstat --diff-merges=first-parent -n50 --skip=0 --topo-order --decorate=full --stdin [2273ms]
2025-01-31 17:16:57.743 [info] > git add -A -- /home/miguel/Desktop/repositories/dimpro-rest/backend/db.sqlite3 [5ms]
2025-01-31 17:16:57.758 [info] > git config --get commit.template [8ms]
2025-01-31 17:16:57.758 [info] > git for-each-ref --format=%(refname)%00%(upstream:short)%00%(objectname)%00%(upstream:track)%00%(upstream:remotename)%00%(upstream:remoteref) refs/heads/cambios-miguel refs/remotes/cambios-miguel [1ms]
2025-01-31 17:16:57.775 [info] > git status -z -uall [9ms]
2025-01-31 17:16:57.776 [info] > git for-each-ref --sort -committerdate --format %(refname) %(objectname) %(*objectname) [2ms]
2025-01-31 17:16:58.834 [info] > git config --get commit.template [10ms]
2025-01-31 17:16:58.835 [info] > git for-each-ref --format=%(refname)%00%(upstream:short)%00%(objectname)%00%(upstream:track)%00%(upstream:remotename)%00%(upstream:remoteref) refs/heads/cambios-miguel refs/remotes/cambios-miguel [2ms]
2025-01-31 17:16:58.854 [info] > git status -z -uall [9ms]
2025-01-31 17:16:58.855 [info] > git for-each-ref --sort -committerdate --format %(refname) %(objectname) %(*objectname) [2ms]
2025-01-31 17:17:00.227 [info] > git branch [1ms]
2025-01-31 17:17:00.238 [info] > git reset -q HEAD -- /home/miguel/Desktop/repositories/dimpro-rest/backend/db.sqlite3 [4ms]
2025-01-31 17:17:00.253 [info] > git config --get commit.template [8ms]
2025-01-31 17:17:00.253 [info] > git for-each-ref --format=%(refname)%00%(upstream:short)%00%(objectname)%00%(upstream:track)%00%(upstream:remotename)%00%(upstream:remoteref) refs/heads/cambios-miguel refs/remotes/cambios-miguel [2ms]
2025-01-31 17:17:00.269 [info] > git status -z -uall [9ms]
2025-01-31 17:17:00.270 [info] > git for-each-ref --sort -committerdate --format %(refname) %(objectname) %(*objectname) [2ms]
2025-01-31 17:17:03.870 [info] > git config --get commit.template [1ms]
2025-01-31 17:17:03.880 [info] > git for-each-ref --format=%(refname)%00%(upstream:short)%00%(objectname)%00%(upstream:track)%00%(upstream:remotename)%00%(upstream:remoteref) refs/heads/cambios-miguel refs/remotes/cambios-miguel [2ms]
2025-01-31 17:17:03.899 [info] > git status -z -uall [11ms]
2025-01-31 17:17:03.901 [info] > git for-each-ref --sort -committerdate --format %(refname) %(objectname) %(*objectname) [3ms]
2025-01-31 17:17:05.238 [info] > git ls-tree -l HEAD -- /home/miguel/Desktop/repositories/dimpro-rest/backend/db.sqlite3 [2ms]
2025-01-31 17:17:05.270 [info] > git show --textconv HEAD:backend/db.sqlite3 [17ms]
2025-01-31 17:17:05.270 [info] > git show --textconv HEAD:backend/db.sqlite3 [5ms]
2025-01-31 17:17:12.319 [info] > git add -A -- /home/miguel/Desktop/repositories/dimpro-rest/backend/db.sqlite3 [5ms]
2025-01-31 17:17:12.343 [info] > git config --get commit.template [10ms]
2025-01-31 17:17:12.344 [info] > git for-each-ref --format=%(refname)%00%(upstream:short)%00%(objectname)%00%(upstream:track)%00%(upstream:remotename)%00%(upstream:remoteref) refs/heads/cambios-miguel refs/remotes/cambios-miguel [1ms]
2025-01-31 17:17:12.362 [info] > git status -z -uall [10ms]
2025-01-31 17:17:12.363 [info] > git for-each-ref --sort -committerdate --format %(refname) %(objectname) %(*objectname) [2ms]
2025-01-31 17:17:13.411 [info] > git config --get commit.template [10ms]
2025-01-31 17:17:13.412 [info] > git for-each-ref --format=%(refname)%00%(upstream:short)%00%(objectname)%00%(upstream:track)%00%(upstream:remotename)%00%(upstream:remoteref) refs/heads/cambios-miguel refs/remotes/cambios-miguel [2ms]
2025-01-31 17:17:13.429 [info] > git status -z -uall [9ms]
2025-01-31 17:17:13.430 [info] > git for-each-ref --sort -committerdate --format %(refname) %(objectname) %(*objectname) [2ms]
2025-01-31 17:17:16.097 [info] > git ls-tree -l HEAD -- /home/miguel/Desktop/repositories/dimpro-rest/backend/db.sqlite3 [13ms]
2025-01-31 17:17:16.100 [info] > git ls-files --stage -- /home/miguel/Desktop/repositories/dimpro-rest/backend/db.sqlite3 [3ms]
2025-01-31 17:17:16.128 [info] > git cat-file -s d43bd86c68cc1fc0126154c1cb14b27c5207f0c1 [16ms]
2025-01-31 17:17:16.170 [info] > git show --textconv HEAD:backend/db.sqlite3 [45ms]
2025-01-31 17:17:16.170 [info] > git show --textconv HEAD:backend/db.sqlite3 [27ms]
2025-01-31 17:17:16.170 [info] > git show --textconv :backend/db.sqlite3 [15ms]
2025-01-31 17:17:16.173 [info] > git show --textconv :backend/db.sqlite3 [4ms]
2025-01-31 17:17:16.582 [info] > git check-ignore -v -z --stdin [1ms]
2025-01-31 17:17:18.455 [info] > git config --get commit.template [9ms]
2025-01-31 17:17:18.456 [info] > git for-each-ref --format=%(refname)%00%(upstream:short)%00%(objectname)%00%(upstream:track)%00%(upstream:remotename)%00%(upstream:remoteref) refs/heads/cambios-miguel refs/remotes/cambios-miguel [2ms]
2025-01-31 17:17:18.475 [info] > git status -z -uall [10ms]
2025-01-31 17:17:18.476 [info] > git for-each-ref --sort -committerdate --format %(refname) %(objectname) %(*objectname) [2ms]
2025-01-31 17:17:31.123 [info] > git config --get commit.template [2ms]
2025-01-31 17:17:31.140 [info] > git for-each-ref --format=%(refname)%00%(upstream:short)%00%(objectname)%00%(upstream:track)%00%(upstream:remotename)%00%(upstream:remoteref) refs/heads/cambios-miguel refs/remotes/cambios-miguel [3ms]
2025-01-31 17:17:31.167 [info] > git status -z -uall [15ms]
2025-01-31 17:17:31.168 [info] > git for-each-ref --sort -committerdate --format %(refname) %(objectname) %(*objectname) [4ms]
2025-01-31 17:17:33.287 [info] > git config --get commit.template [10ms]
2025-01-31 17:17:33.288 [info] > git for-each-ref --format=%(refname)%00%(upstream:short)%00%(objectname)%00%(upstream:track)%00%(upstream:remotename)%00%(upstream:remoteref) refs/heads/cambios-miguel refs/remotes/cambios-miguel [2ms]
2025-01-31 17:17:33.306 [info] > git status -z -uall [10ms]
2025-01-31 17:17:33.307 [info] > git for-each-ref --sort -committerdate --format %(refname) %(objectname) %(*objectname) [2ms]
2025-01-31 17:17:34.853 [info] > git rev-list --count 1441d6fe780cfc1d88d25ae0b6b3d9422a7eeaa8.. -- /home/miguel/Desktop/repositories/dimpro-rest/backend/db.sqlite3 [3ms]
2025-01-31 17:17:34.876 [info] > git log --format=%H%n%aN%n%aE%n%at%n%ct%n%P%n%D%n%B -z -n12 --follow -- /home/miguel/Desktop/repositories/dimpro-rest/backend/db.sqlite3 [15ms]
2025-01-31 17:17:40.391 [info] > git config --get commit.template [2ms]
2025-01-31 17:17:40.407 [info] > git for-each-ref --format=%(refname)%00%(upstream:short)%00%(objectname)%00%(upstream:track)%00%(upstream:remotename)%00%(upstream:remoteref) refs/heads/cambios-miguel refs/remotes/cambios-miguel [2ms]
2025-01-31 17:17:40.433 [info] > git status -z -uall [16ms]
2025-01-31 17:17:40.443 [info] > git for-each-ref --sort -committerdate --format %(refname) %(objectname) %(*objectname) [12ms]
2025-01-31 17:17:40.463 [info] > git rev-list --count 087068695f5e1730760ebee7b64416ebfa72cc9b.. -- /home/miguel/Desktop/repositories/dimpro-rest/backend/db.sqlite3 [19ms]
2025-01-31 17:17:40.477 [info] > git merge-base refs/heads/cambios-miguel refs/remotes/origin/cambios-miguel [17ms]
2025-01-31 17:17:40.495 [info] > git diff --name-status -z --diff-filter=ADMR e9fd8761bae84fa1f561f1e8289387e758ff685b...refs/remotes/origin/cambios-miguel [6ms]
2025-01-31 17:17:40.496 [info] > git log --format=%H%n%aN%n%aE%n%at%n%ct%n%P%n%D%n%B -z -n11 --follow -- /home/miguel/Desktop/repositories/dimpro-rest/backend/db.sqlite3 [20ms]
2025-01-31 17:17:41.021 [info] > git rev-list --count d1e12d7983cff403b4e0daac3671e31cb1b8430e.. -- /home/miguel/Desktop/repositories/dimpro-rest/backend/db.sqlite3 [2ms]
2025-01-31 17:17:41.034 [info] > git log --format=%H%n%aN%n%aE%n%at%n%ct%n%P%n%D%n%B -z -n10 --follow -- /home/miguel/Desktop/repositories/dimpro-rest/backend/db.sqlite3 [3ms]
2025-01-31 17:17:41.509 [info] > git config --get commit.template [7ms]
2025-01-31 17:17:41.510 [info] > git for-each-ref --format=%(refname)%00%(upstream:short)%00%(objectname)%00%(upstream:track)%00%(upstream:remotename)%00%(upstream:remoteref) refs/heads/cambios-miguel refs/remotes/cambios-miguel [1ms]
2025-01-31 17:17:41.525 [info] > git status -z -uall [8ms]
2025-01-31 17:17:41.526 [info] > git for-each-ref --sort -committerdate --format %(refname) %(objectname) %(*objectname) [1ms]
2025-01-31 17:17:43.833 [info] > git log --format=%H%n%aN%n%aE%n%at%n%ct%n%P%n%D%n%B -z -n126 --follow -- /home/miguel/Desktop/repositories/dimpro-rest/backend/db1.sqlite3 [12ms]
2025-01-31 17:17:46.553 [info] > git config --get commit.template [12ms]
2025-01-31 17:17:46.554 [info] > git for-each-ref --format=%(refname)%00%(upstream:short)%00%(objectname)%00%(upstream:track)%00%(upstream:remotename)%00%(upstream:remoteref) refs/heads/cambios-miguel refs/remotes/cambios-miguel [2ms]
2025-01-31 17:17:46.574 [info] > git status -z -uall [11ms]
2025-01-31 17:17:46.575 [info] > git for-each-ref --sort -committerdate --format %(refname) %(objectname) %(*objectname) [2ms]
2025-01-31 17:17:48.954 [info] > git log --format=%H%n%aN%n%aE%n%at%n%ct%n%P%n%D%n%B -z -n126 --follow -- /home/miguel/Desktop/repositories/dimpro-rest/backend/dimpro/models.py [21ms]
2025-01-31 17:17:49.184 [info] > git show --textconv :backend/dimpro/models.py [13ms]
2025-01-31 17:17:49.186 [info] > git ls-files --stage -- /home/miguel/Desktop/repositories/dimpro-rest/backend/dimpro/models.py [3ms]
2025-01-31 17:17:49.200 [info] > git cat-file -s 1bc51983fbaff44282fd77a0e3f27ea9ba16ce5f [4ms]
2025-01-31 17:17:49.241 [info] > git blame --root --incremental 9c90a47e0cdef996ee4831b47964653c7c7e5c52 -- /home/miguel/Desktop/repositories/dimpro-rest/backend/dimpro/models.py [15ms]
2025-01-31 17:17:51.593 [info] > git config --get commit.template [8ms]
2025-01-31 17:17:51.594 [info] > git for-each-ref --format=%(refname)%00%(upstream:short)%00%(objectname)%00%(upstream:track)%00%(upstream:remotename)%00%(upstream:remoteref) refs/heads/cambios-miguel refs/remotes/cambios-miguel [2ms]
2025-01-31 17:17:51.609 [info] > git status -z -uall [8ms]
2025-01-31 17:17:51.610 [info] > git for-each-ref --sort -committerdate --format %(refname) %(objectname) %(*objectname) [1ms]
2025-01-31 17:17:58.810 [info] > git config --get commit.template [11ms]
2025-01-31 17:17:58.812 [info] > git for-each-ref --format=%(refname)%00%(upstream:short)%00%(objectname)%00%(upstream:track)%00%(upstream:remotename)%00%(upstream:remoteref) refs/heads/cambios-miguel refs/remotes/cambios-miguel [3ms]
2025-01-31 17:17:58.838 [info] > git status -z -uall [16ms]
2025-01-31 17:17:58.839 [info] > git for-each-ref --sort -committerdate --format %(refname) %(objectname) %(*objectname) [4ms]
2025-01-31 17:17:58.935 [info] > git log --format=%H%n%aN%n%aE%n%at%n%ct%n%P%n%D%n%B -z -n126 --follow -- /home/miguel/Desktop/repositories/dimpro-rest/backend/db.sqlite3 [42ms]
2025-01-31 17:19:05.754 [info] > git config --get commit.template [8ms]
2025-01-31 17:19:05.754 [info] > git for-each-ref --format=%(refname)%00%(upstream:short)%00%(objectname)%00%(upstream:track)%00%(upstream:remotename)%00%(upstream:remoteref) refs/heads/cambios-miguel refs/remotes/cambios-miguel [1ms]
2025-01-31 17:19:05.771 [info] > git status -z -uall [9ms]
2025-01-31 17:19:05.772 [info] > git for-each-ref --sort -committerdate --format %(refname) %(objectname) %(*objectname) [1ms]
2025-01-31 17:19:13.585 [info] > git config --get commit.template [10ms]
2025-01-31 17:19:13.586 [info] > git for-each-ref --format=%(refname)%00%(upstream:short)%00%(objectname)%00%(upstream:track)%00%(upstream:remotename)%00%(upstream:remoteref) refs/heads/cambios-miguel refs/remotes/cambios-miguel [1ms]
2025-01-31 17:19:13.606 [info] > git status -z -uall [11ms]
2025-01-31 17:19:13.607 [info] > git for-each-ref --sort -committerdate --format %(refname) %(objectname) %(*objectname) [2ms]
2025-01-31 17:21:35.281 [info] > git config --get commit.template [8ms]
2025-01-31 17:21:35.281 [info] > git for-each-ref --format=%(refname)%00%(upstream:short)%00%(objectname)%00%(upstream:track)%00%(upstream:remotename)%00%(upstream:remoteref) refs/heads/cambios-miguel refs/remotes/cambios-miguel [1ms]
2025-01-31 17:21:35.298 [info] > git status -z -uall [9ms]
2025-01-31 17:21:35.299 [info] > git for-each-ref --sort -committerdate --format %(refname) %(objectname) %(*objectname) [2ms]
2025-01-31 17:21:41.963 [info] > git config --get commit.template [9ms]
2025-01-31 17:21:41.964 [info] > git for-each-ref --format=%(refname)%00%(upstream:short)%00%(objectname)%00%(upstream:track)%00%(upstream:remotename)%00%(upstream:remoteref) refs/heads/cambios-miguel refs/remotes/cambios-miguel [2ms]
2025-01-31 17:21:41.980 [info] > git status -z -uall [8ms]
2025-01-31 17:21:41.981 [info] > git for-each-ref --sort -committerdate --format %(refname) %(objectname) %(*objectname) [1ms]
2025-01-31 17:21:46.105 [info] > git log --format=%H%n%aN%n%aE%n%at%n%ct%n%P%n%D%n%B -z -n126 --follow -- /home/miguel/Desktop/repositories/dimpro-rest/backend/dimpro/models.py [19ms]
2025-01-31 17:21:46.300 [info] > git show --textconv :backend/dimpro/models.py [22ms]
2025-01-31 17:21:46.305 [info] > git ls-files --stage -- /home/miguel/Desktop/repositories/dimpro-rest/backend/dimpro/models.py [1ms]
2025-01-31 17:21:46.325 [info] > git cat-file -s 1bc51983fbaff44282fd77a0e3f27ea9ba16ce5f [6ms]
