2025-01-22 23:00:47.427 [info] Reading sessions from keychain...
2025-01-22 23:00:47.427 [info] Getting sessions for all scopes...
2025-01-22 23:00:47.427 [info] Getting sessions for all scopes...
2025-01-22 23:00:47.427 [info] Got stored sessions!
2025-01-22 23:00:47.427 [info] Got 2 verified sessions.
2025-01-22 23:00:47.427 [info] Got 2 sessions for ...
2025-01-22 23:00:47.427 [info] Got 2 sessions for ...
2025-01-22 23:00:47.427 [info] Getting sessions for all scopes...
2025-01-22 23:00:47.427 [info] Got 2 sessions for ...
2025-01-22 23:00:47.427 [info] Getting sessions for all scopes...
2025-01-22 23:00:47.427 [info] Got 2 sessions for ...
2025-01-22 23:00:47.427 [info] Getting sessions for all scopes...
2025-01-22 23:00:47.427 [info] Got 2 sessions for ...
2025-01-22 23:00:47.427 [info] Getting sessions for all scopes...
2025-01-22 23:00:47.428 [info] Got 2 sessions for ...
2025-01-22 23:00:47.428 [info] Getting sessions for all scopes...
2025-01-22 23:00:47.428 [info] Got 2 sessions for ...
2025-01-22 23:00:47.428 [info] Getting sessions for all scopes...
2025-01-22 23:00:47.428 [info] Got 2 sessions for ...
2025-01-22 23:00:47.428 [info] Getting sessions for user:email...
2025-01-22 23:00:47.428 [info] Got 1 sessions for user:email...
2025-01-22 23:00:49.062 [info] Getting sessions for all scopes...
2025-01-22 23:00:49.062 [info] Got 2 sessions for ...
2025-01-22 23:00:50.277 [info] Getting sessions for read:user,repo,user:email,workflow...
2025-01-22 23:00:50.277 [info] Got 1 sessions for read:user,repo,user:email,workflow...
2025-01-22 23:00:50.278 [info] Getting sessions for user:email...
2025-01-22 23:00:50.278 [info] Got 1 sessions for user:email...
2025-01-22 23:00:50.393 [info] Getting sessions for user:email...
2025-01-22 23:00:50.393 [info] Got 1 sessions for user:email...
2025-01-22 23:00:53.210 [info] Getting sessions for read:user,repo,user:email,workflow...
2025-01-22 23:00:53.211 [info] Got 1 sessions for read:user,repo,user:email,workflow...
