2025-01-25 01:42:43.351 [info] Reading sessions from keychain...
2025-01-25 01:42:43.351 [info] Getting sessions for all scopes...
2025-01-25 01:42:43.351 [info] Getting sessions for all scopes...
2025-01-25 01:42:43.351 [info] Getting sessions for all scopes...
2025-01-25 01:42:43.351 [info] Getting sessions for all scopes...
2025-01-25 01:42:43.351 [info] Getting sessions for all scopes...
2025-01-25 01:42:43.351 [info] Getting sessions for all scopes...
2025-01-25 01:42:43.351 [info] Getting sessions for all scopes...
2025-01-25 01:42:43.351 [info] Got stored sessions!
2025-01-25 01:42:43.351 [info] Got 2 verified sessions.
2025-01-25 01:42:43.351 [info] Got 2 sessions for ...
2025-01-25 01:42:43.351 [info] Got 2 sessions for ...
2025-01-25 01:42:43.351 [info] Got 2 sessions for ...
2025-01-25 01:42:43.351 [info] Got 2 sessions for ...
2025-01-25 01:42:43.351 [info] Got 2 sessions for ...
2025-01-25 01:42:43.351 [info] Got 2 sessions for ...
2025-01-25 01:42:43.351 [info] Got 2 sessions for ...
2025-01-25 01:42:43.351 [info] Getting sessions for all scopes...
2025-01-25 01:42:43.351 [info] Got 2 sessions for ...
2025-01-25 01:42:43.351 [info] Getting sessions for user:email...
2025-01-25 01:42:43.351 [info] Got 1 sessions for user:email...
2025-01-25 01:42:46.659 [info] Getting sessions for read:user,repo,user:email,workflow...
2025-01-25 01:42:46.659 [info] Got 1 sessions for read:user,repo,user:email,workflow...
2025-01-25 01:42:51.954 [info] Getting sessions for all scopes...
2025-01-25 01:42:51.954 [info] Got 2 sessions for ...
