2025-01-21 14:03:33.099 [info] Reading sessions from keychain...
2025-01-21 14:03:33.099 [info] Getting sessions for all scopes...
2025-01-21 14:03:33.099 [info] Getting sessions for all scopes...
2025-01-21 14:03:33.099 [info] Getting sessions for all scopes...
2025-01-21 14:03:33.099 [info] Getting sessions for all scopes...
2025-01-21 14:03:33.099 [info] Getting sessions for all scopes...
2025-01-21 14:03:33.099 [info] Getting sessions for all scopes...
2025-01-21 14:03:33.099 [info] Getting sessions for all scopes...
2025-01-21 14:03:33.849 [info] Got stored sessions!
2025-01-21 14:03:33.850 [info] Got 2 verified sessions.
2025-01-21 14:03:33.850 [info] Got 2 sessions for ...
2025-01-21 14:03:33.850 [info] Got 2 sessions for ...
2025-01-21 14:03:33.850 [info] Got 2 sessions for ...
2025-01-21 14:03:33.850 [info] Got 2 sessions for ...
2025-01-21 14:03:33.850 [info] Got 2 sessions for ...
2025-01-21 14:03:33.850 [info] Got 2 sessions for ...
2025-01-21 14:03:33.850 [info] Got 2 sessions for ...
2025-01-21 14:03:37.521 [info] Getting sessions for all scopes...
2025-01-21 14:03:37.521 [info] Got 2 sessions for ...
2025-01-21 14:03:37.575 [info] Getting sessions for user:email...
2025-01-21 14:03:37.575 [info] Got 1 sessions for user:email...
2025-01-21 14:03:37.680 [info] Getting sessions for all scopes...
2025-01-21 14:03:37.680 [info] Got 2 sessions for ...
2025-01-21 14:03:38.920 [info] Getting sessions for user:email...
2025-01-21 14:03:38.920 [info] Got 1 sessions for user:email...
2025-01-21 14:03:38.928 [info] Getting sessions for user:email...
2025-01-21 14:03:38.928 [info] Got 1 sessions for user:email...
2025-01-21 14:03:57.488 [info] Reading sessions from keychain...
2025-01-21 14:03:57.488 [info] Getting sessions for all scopes...
2025-01-21 14:03:57.488 [info] Getting sessions for all scopes...
2025-01-21 14:03:57.488 [info] Getting sessions for all scopes...
2025-01-21 14:03:57.488 [info] Getting sessions for all scopes...
2025-01-21 14:03:57.488 [info] Getting sessions for all scopes...
2025-01-21 14:03:57.488 [info] Getting sessions for all scopes...
2025-01-21 14:03:57.488 [info] Getting sessions for all scopes...
2025-01-21 14:03:57.488 [info] Got stored sessions!
2025-01-21 14:03:57.488 [info] Got 2 verified sessions.
2025-01-21 14:03:57.488 [info] Got 2 sessions for ...
2025-01-21 14:03:57.488 [info] Got 2 sessions for ...
2025-01-21 14:03:57.488 [info] Got 2 sessions for ...
2025-01-21 14:03:57.488 [info] Got 2 sessions for ...
2025-01-21 14:03:57.488 [info] Got 2 sessions for ...
2025-01-21 14:03:57.488 [info] Got 2 sessions for ...
2025-01-21 14:03:57.488 [info] Got 2 sessions for ...
2025-01-21 14:03:57.488 [info] Getting sessions for all scopes...
2025-01-21 14:03:57.488 [info] Got 2 sessions for ...
2025-01-21 14:03:57.522 [info] Getting sessions for user:email...
2025-01-21 14:03:57.522 [info] Got 1 sessions for user:email...
2025-01-21 14:04:00.062 [info] Getting sessions for all scopes...
2025-01-21 14:04:00.062 [info] Got 2 sessions for ...
2025-01-21 14:04:00.594 [info] Getting sessions for read:user,repo,user:email,workflow...
2025-01-21 14:04:00.594 [info] Got 1 sessions for read:user,repo,user:email,workflow...
2025-01-21 14:04:00.974 [info] Getting sessions for user:email...
2025-01-21 14:04:00.974 [info] Got 1 sessions for user:email...
2025-01-21 14:04:01.031 [info] Getting sessions for user:email...
2025-01-21 14:04:01.031 [info] Got 1 sessions for user:email...
2025-01-21 14:04:04.169 [info] Getting sessions for read:user,repo,user:email,workflow...
2025-01-21 14:04:04.169 [info] Got 1 sessions for read:user,repo,user:email,workflow...
2025-01-21 16:22:15.407 [info] Getting sessions for read:user,repo,user:email,workflow...
2025-01-21 16:22:15.407 [info] Got 1 sessions for read:user,repo,user:email,workflow...
2025-01-21 22:22:49.913 [info] Getting sessions for read:user,repo,user:email,workflow...
2025-01-21 22:22:49.913 [info] Got 1 sessions for read:user,repo,user:email,workflow...
2025-01-21 22:24:03.277 [info] Getting sessions for read:user,repo,user:email,workflow...
2025-01-21 22:24:03.277 [info] Got 1 sessions for read:user,repo,user:email,workflow...
2025-01-21 22:24:31.759 [info] Getting sessions for read:user,repo,user:email,workflow...
2025-01-21 22:24:31.759 [info] Got 1 sessions for read:user,repo,user:email,workflow...
