2025-01-22 23:00:48.772 [info] [main] Log level: Info
2025-01-22 23:00:48.772 [info] [main] Validating found git in: "git"
2025-01-22 23:00:48.772 [info] [main] Using git "2.48.1" from "git"
2025-01-22 23:00:48.772 [info] [Model][doInitialScan] Initial repository scan started
2025-01-22 23:00:48.772 [info] > git rev-parse --show-toplevel [50ms]
2025-01-22 23:00:48.772 [info] > git rev-parse --git-dir --git-common-dir [23ms]
2025-01-22 23:00:48.772 [info] [Model][openRepository] Opened repository: /home/miguel/Desktop/repositories/dimpro-rest
2025-01-22 23:00:48.786 [info] > git rev-parse --show-toplevel [218ms]
2025-01-22 23:00:48.787 [info] > git config --get commit.template [231ms]
2025-01-22 23:00:49.196 [info] > git rev-parse --show-toplevel [115ms]
2025-01-22 23:00:49.470 [info] > git for-each-ref --format=%(refname)%00%(upstream:short)%00%(objectname)%00%(upstream:track)%00%(upstream:remotename)%00%(upstream:remoteref) refs/heads/cambios-miguel refs/remotes/cambios-miguel [282ms]
2025-01-22 23:00:49.513 [info] > git check-ignore -v -z --stdin [29ms]
2025-01-22 23:00:49.516 [info] > git rev-parse --show-toplevel [51ms]
2025-01-22 23:00:49.526 [info] [Model][doInitialScan] Initial repository scan completed - repositories (1), closed repositories (0), parent repositories (0), unsafe repositories (0)
2025-01-22 23:00:49.562 [info] > git show --textconv :frontend/src/routes/(app)/+layout.svelte [22ms]
2025-01-22 23:00:49.564 [info] > git ls-files --stage -- /home/miguel/Desktop/repositories/dimpro-rest/frontend/src/routes/(app)/+layout.svelte [13ms]
2025-01-22 23:00:49.625 [info] > git cat-file -s fd8d0b793957d1263675b4d8325570e51d613f91 [40ms]
2025-01-22 23:00:49.751 [info] > git log --format=%H%n%aN%n%aE%n%at%n%ct%n%P%n%D%n%B -z -n126 --follow -- /home/miguel/Desktop/repositories/dimpro-rest/frontend/src/routes/(app)/+layout.svelte [139ms]
2025-01-22 23:00:49.962 [info] > git status -z -uall [310ms]
2025-01-22 23:00:49.967 [info] > git for-each-ref --sort -committerdate --format %(refname) %(objectname) %(*objectname) [297ms]
2025-01-22 23:00:50.163 [info] > git for-each-ref --format=%(refname)%00%(upstream:short)%00%(objectname)%00%(upstream:track)%00%(upstream:remotename)%00%(upstream:remoteref) refs/heads/cambios-miguel refs/remotes/cambios-miguel [153ms]
2025-01-22 23:00:50.219 [info] > git config --local branch.cambios-miguel.vscode-merge-base [41ms]
2025-01-22 23:00:50.244 [info] > git config --get commit.template [176ms]
2025-01-22 23:00:50.247 [info] > git blame --root --incremental 369b2936c7d1c308b9d961961189c44a03139ce7 -- /home/miguel/Desktop/repositories/dimpro-rest/frontend/src/routes/(app)/+layout.svelte [205ms]
2025-01-22 23:00:50.261 [info] > git for-each-ref --format=%(refname)%00%(upstream:short)%00%(objectname)%00%(upstream:track)%00%(upstream:remotename)%00%(upstream:remoteref) refs/heads/origin/cambios-miguel refs/remotes/origin/cambios-miguel [17ms]
2025-01-22 23:00:50.310 [info] > git merge-base refs/heads/cambios-miguel refs/remotes/origin/cambios-miguel [36ms]
2025-01-22 23:00:50.386 [info] > git diff --name-status -z --diff-filter=ADMR 369b2936c7d1c308b9d961961189c44a03139ce7...refs/remotes/origin/cambios-miguel [59ms]
2025-01-22 23:00:50.390 [info] > git for-each-ref --format=%(refname)%00%(upstream:short)%00%(objectname)%00%(upstream:track)%00%(upstream:remotename)%00%(upstream:remoteref) refs/heads/cambios-miguel refs/remotes/cambios-miguel [85ms]
2025-01-22 23:00:50.518 [info] > git status -z -uall [17ms]
2025-01-22 23:00:50.519 [info] > git for-each-ref --sort -committerdate --format %(refname) %(objectname) %(*objectname) [5ms]
2025-01-22 23:10:06.202 [info] > git rev-list --count 6562ac0a79e7a58b1f0274eb3dc214021c8be5c5.. -- /home/miguel/Desktop/repositories/dimpro-rest/frontend/src/routes/(app)/+layout.svelte [3ms]
2025-01-22 23:10:06.215 [info] > git log --format=%H%n%aN%n%aE%n%at%n%ct%n%P%n%D%n%B -z -n6 --follow -- /home/miguel/Desktop/repositories/dimpro-rest/frontend/src/routes/(app)/+layout.svelte [3ms]
2025-01-22 23:10:06.718 [info] > git config --get commit.template [14ms]
2025-01-22 23:10:06.719 [info] > git for-each-ref --format=%(refname)%00%(upstream:short)%00%(objectname)%00%(upstream:track)%00%(upstream:remotename)%00%(upstream:remoteref) refs/heads/cambios-miguel refs/remotes/cambios-miguel [2ms]
2025-01-22 23:10:06.742 [info] > git status -z -uall [12ms]
2025-01-22 23:10:06.744 [info] > git for-each-ref --sort -committerdate --format %(refname) %(objectname) %(*objectname) [4ms]
2025-01-22 23:10:06.799 [info] > git ls-files --stage -- /home/miguel/Desktop/repositories/dimpro-rest/frontend/src/routes/(app)/+layout.svelte [0ms]
2025-01-22 23:10:06.808 [info] > git cat-file -s fd8d0b793957d1263675b4d8325570e51d613f91 [1ms]
2025-01-22 23:10:06.818 [info] > git show --textconv :frontend/src/routes/(app)/+layout.svelte [1ms]
2025-01-22 23:10:06.960 [info] > git config --get commit.template [1ms]
2025-01-22 23:10:06.975 [info] > git for-each-ref --format=%(refname)%00%(upstream:short)%00%(objectname)%00%(upstream:track)%00%(upstream:remotename)%00%(upstream:remoteref) refs/heads/cambios-miguel refs/remotes/cambios-miguel [2ms]
2025-01-22 23:10:06.996 [info] > git status -z -uall [12ms]
2025-01-22 23:10:06.997 [info] > git for-each-ref --sort -committerdate --format %(refname) %(objectname) %(*objectname) [3ms]
2025-01-22 23:10:07.516 [info] > git rev-list --count 6562ac0a79e7a58b1f0274eb3dc214021c8be5c5.. -- /home/miguel/Desktop/repositories/dimpro-rest/frontend/src/routes/(app)/+layout.svelte [2ms]
2025-01-22 23:10:07.528 [info] > git log --format=%H%n%aN%n%aE%n%at%n%ct%n%P%n%D%n%B -z -n6 --follow -- /home/miguel/Desktop/repositories/dimpro-rest/frontend/src/routes/(app)/+layout.svelte [3ms]
2025-01-22 23:10:08.112 [info] > git ls-files --stage -- /home/miguel/Desktop/repositories/dimpro-rest/frontend/src/routes/(app)/+layout.svelte [1ms]
2025-01-22 23:10:08.121 [info] > git cat-file -s fd8d0b793957d1263675b4d8325570e51d613f91 [1ms]
2025-01-22 23:10:08.132 [info] > git show --textconv :frontend/src/routes/(app)/+layout.svelte [1ms]
2025-01-22 23:10:11.766 [info] > git config --get commit.template [8ms]
2025-01-22 23:10:11.767 [info] > git for-each-ref --format=%(refname)%00%(upstream:short)%00%(objectname)%00%(upstream:track)%00%(upstream:remotename)%00%(upstream:remoteref) refs/heads/cambios-miguel refs/remotes/cambios-miguel [1ms]
2025-01-22 23:10:11.782 [info] > git status -z -uall [8ms]
2025-01-22 23:10:11.783 [info] > git for-each-ref --sort -committerdate --format %(refname) %(objectname) %(*objectname) [1ms]
2025-01-22 23:10:36.209 [info] > git config --get commit.template [2ms]
2025-01-22 23:10:36.221 [info] > git for-each-ref --format=%(refname)%00%(upstream:short)%00%(objectname)%00%(upstream:track)%00%(upstream:remotename)%00%(upstream:remoteref) refs/heads/cambios-miguel refs/remotes/cambios-miguel [1ms]
2025-01-22 23:10:36.240 [info] > git status -z -uall [10ms]
2025-01-22 23:10:36.241 [info] > git for-each-ref --sort -committerdate --format %(refname) %(objectname) %(*objectname) [1ms]
2025-01-22 23:10:36.763 [info] > git rev-list --count 6562ac0a79e7a58b1f0274eb3dc214021c8be5c5.. -- /home/miguel/Desktop/repositories/dimpro-rest/frontend/src/routes/(app)/+layout.svelte [3ms]
2025-01-22 23:10:36.783 [info] > git log --format=%H%n%aN%n%aE%n%at%n%ct%n%P%n%D%n%B -z -n6 --follow -- /home/miguel/Desktop/repositories/dimpro-rest/frontend/src/routes/(app)/+layout.svelte [5ms]
2025-01-22 23:10:37.268 [info] > git for-each-ref --format=%(refname)%00%(upstream:short)%00%(objectname)%00%(upstream:track)%00%(upstream:remotename)%00%(upstream:remoteref) refs/heads/cambios-miguel refs/remotes/cambios-miguel [3ms]
2025-01-22 23:10:37.268 [info] > git config --get commit.template [10ms]
2025-01-22 23:10:37.285 [info] > git status -z -uall [8ms]
2025-01-22 23:10:37.286 [info] > git for-each-ref --sort -committerdate --format %(refname) %(objectname) %(*objectname) [1ms]
2025-01-22 23:10:37.358 [info] > git ls-files --stage -- /home/miguel/Desktop/repositories/dimpro-rest/frontend/src/routes/(app)/+layout.svelte [0ms]
2025-01-22 23:10:37.367 [info] > git cat-file -s fd8d0b793957d1263675b4d8325570e51d613f91 [1ms]
2025-01-22 23:10:37.376 [info] > git show --textconv :frontend/src/routes/(app)/+layout.svelte [1ms]
2025-01-22 23:10:48.038 [info] > git config --get commit.template [14ms]
2025-01-22 23:10:48.040 [info] > git for-each-ref --format=%(refname)%00%(upstream:short)%00%(objectname)%00%(upstream:track)%00%(upstream:remotename)%00%(upstream:remoteref) refs/heads/cambios-joel refs/remotes/cambios-joel [4ms]
2025-01-22 23:10:48.064 [info] > git status -z -uall [14ms]
2025-01-22 23:10:48.073 [info] > git for-each-ref --sort -committerdate --format %(refname) %(objectname) %(*objectname) [9ms]
2025-01-22 23:10:48.107 [info] > git blame --root --incremental 24a605247bcec9be5c92454ff0da7615e0c14d57 -- /home/miguel/Desktop/repositories/dimpro-rest/frontend/src/routes/(app)/+layout.svelte [17ms]
2025-01-22 23:10:48.135 [info] > git for-each-ref --format=%(refname)%00%(upstream:short)%00%(objectname)%00%(upstream:track)%00%(upstream:remotename)%00%(upstream:remoteref) refs/heads/cambios-joel refs/remotes/cambios-joel [29ms]
2025-01-22 23:10:48.167 [info] > git config --local branch.cambios-joel.vscode-merge-base [7ms]
2025-01-22 23:10:48.167 [warning] [Git][config] git config failed: Failed to execute git
2025-01-22 23:10:48.195 [info] > git reflog cambios-joel --grep-reflog=branch: Created from *. [9ms]
2025-01-22 23:10:48.212 [info] > git for-each-ref --format=%(refname)%00%(upstream:short)%00%(objectname)%00%(upstream:track)%00%(upstream:remotename)%00%(upstream:remoteref) refs/remotes/origin/cambios-joel [1ms]
2025-01-22 23:10:48.228 [info] > git config --local branch.cambios-joel.vscode-merge-base origin/cambios-joel [4ms]
2025-01-22 23:10:48.243 [info] > git config --get commit.template [2ms]
2025-01-22 23:10:48.260 [info] > git for-each-ref --format=%(refname)%00%(upstream:short)%00%(objectname)%00%(upstream:track)%00%(upstream:remotename)%00%(upstream:remoteref) refs/heads/cambios-joel refs/remotes/cambios-joel [5ms]
2025-01-22 23:10:48.293 [info] > git status -z -uall [14ms]
2025-01-22 23:10:48.295 [info] > git for-each-ref --sort -committerdate --format %(refname) %(objectname) %(*objectname) [3ms]
2025-01-22 23:10:48.319 [info] > git merge-base refs/heads/cambios-joel refs/remotes/origin/cambios-joel [2ms]
2025-01-22 23:10:48.336 [info] > git for-each-ref --format=%(refname)%00%(upstream:short)%00%(objectname)%00%(upstream:track)%00%(upstream:remotename)%00%(upstream:remoteref) refs/heads/cambios-joel refs/remotes/cambios-joel [29ms]
2025-01-22 23:10:48.361 [info] > git config --local branch.cambios-joel.vscode-merge-base [7ms]
2025-01-22 23:10:48.394 [info] > git diff --name-status -z --diff-filter=ADMR 24a605247bcec9be5c92454ff0da7615e0c14d57...refs/remotes/origin/cambios-joel [59ms]
2025-01-22 23:10:48.406 [info] > git for-each-ref --format=%(refname)%00%(upstream:short)%00%(objectname)%00%(upstream:track)%00%(upstream:remotename)%00%(upstream:remoteref) refs/heads/origin/cambios-joel refs/remotes/origin/cambios-joel [11ms]
2025-01-22 23:10:48.927 [info] > git rev-list --count 6562ac0a79e7a58b1f0274eb3dc214021c8be5c5.. -- /home/miguel/Desktop/repositories/dimpro-rest/frontend/src/routes/(app)/+layout.svelte [5ms]
2025-01-22 23:10:48.945 [info] > git log --format=%H%n%aN%n%aE%n%at%n%ct%n%P%n%D%n%B -z -n7 --follow -- /home/miguel/Desktop/repositories/dimpro-rest/frontend/src/routes/(app)/+layout.svelte [6ms]
2025-01-22 23:10:49.458 [info] > git for-each-ref --format=%(refname)%00%(upstream:short)%00%(objectname)%00%(upstream:track)%00%(upstream:remotename)%00%(upstream:remoteref) refs/heads/cambios-joel refs/remotes/cambios-joel [3ms]
2025-01-22 23:10:49.458 [info] > git config --get commit.template [20ms]
2025-01-22 23:10:49.511 [info] > git status -z -uall [30ms]
2025-01-22 23:10:49.519 [info] > git for-each-ref --sort -committerdate --format %(refname) %(objectname) %(*objectname) [14ms]
2025-01-22 23:10:49.565 [info] > git ls-files --stage -- /home/miguel/Desktop/repositories/dimpro-rest/frontend/src/routes/(app)/+layout.svelte [4ms]
2025-01-22 23:10:49.584 [info] > git cat-file -s fc8e5620fc930e6b96477aab80280f3845473bb6 [1ms]
2025-01-22 23:10:49.613 [info] > git show --textconv :frontend/src/routes/(app)/+layout.svelte [8ms]
2025-01-22 23:11:12.651 [info] > git config --get commit.template [8ms]
2025-01-22 23:11:12.651 [info] > git for-each-ref --format=%(refname)%00%(upstream:short)%00%(objectname)%00%(upstream:track)%00%(upstream:remotename)%00%(upstream:remoteref) refs/heads/cambios-joel refs/remotes/cambios-joel [1ms]
2025-01-22 23:11:12.667 [info] > git status -z -uall [8ms]
2025-01-22 23:11:12.668 [info] > git for-each-ref --sort -committerdate --format %(refname) %(objectname) %(*objectname) [1ms]
2025-01-22 23:11:37.597 [info] > git config --get commit.template [5ms]
2025-01-22 23:11:37.614 [info] > git for-each-ref --format=%(refname)%00%(upstream:short)%00%(objectname)%00%(upstream:track)%00%(upstream:remotename)%00%(upstream:remoteref) refs/heads/cambios-joel refs/remotes/cambios-joel [1ms]
2025-01-22 23:11:37.645 [info] > git status -z -uall [14ms]
2025-01-22 23:11:37.647 [info] > git for-each-ref --sort -committerdate --format %(refname) %(objectname) %(*objectname) [3ms]
2025-01-22 23:11:38.894 [info] > git check-ignore -v -z --stdin [1ms]
2025-01-22 23:11:42.188 [info] > git log --format=%H%n%aN%n%aE%n%at%n%ct%n%P%n%D%n%B -z -n126 --follow -- /home/miguel/Desktop/repositories/dimpro-rest/frontend/src/lib/api_url.ts [232ms]
2025-01-22 23:11:42.903 [info] > git config --get commit.template [40ms]
2025-01-22 23:11:43.059 [info] > git for-each-ref --format=%(refname)%00%(upstream:short)%00%(objectname)%00%(upstream:track)%00%(upstream:remotename)%00%(upstream:remoteref) refs/heads/cambios-joel refs/remotes/cambios-joel [71ms]
2025-01-22 23:11:43.078 [info] > git show --textconv :frontend/src/lib/api_url.ts [22ms]
2025-01-22 23:11:43.086 [info] > git ls-files --stage -- /home/miguel/Desktop/repositories/dimpro-rest/frontend/src/lib/api_url.ts [10ms]
2025-01-22 23:11:43.227 [info] > git status -z -uall [42ms]
2025-01-22 23:11:43.227 [info] > git cat-file -s f837fd2c2c9a64badf9e65566e3db6239c16cebf [95ms]
2025-01-22 23:11:43.229 [info] > git for-each-ref --sort -committerdate --format %(refname) %(objectname) %(*objectname) [2ms]
2025-01-22 23:11:44.279 [info] > git blame --root --incremental 24a605247bcec9be5c92454ff0da7615e0c14d57 -- /home/miguel/Desktop/repositories/dimpro-rest/frontend/src/lib/api_url.ts [55ms]
2025-01-22 23:19:51.384 [info] > git config --get commit.template [4ms]
2025-01-22 23:19:51.401 [info] > git for-each-ref --format=%(refname)%00%(upstream:short)%00%(objectname)%00%(upstream:track)%00%(upstream:remotename)%00%(upstream:remoteref) refs/heads/cambios-joel refs/remotes/cambios-joel [3ms]
2025-01-22 23:19:51.431 [info] > git status -z -uall [16ms]
2025-01-22 23:19:51.433 [info] > git for-each-ref --sort -committerdate --format %(refname) %(objectname) %(*objectname) [3ms]
2025-01-22 23:19:56.455 [info] > git config --get commit.template [11ms]
2025-01-22 23:19:56.455 [info] > git for-each-ref --format=%(refname)%00%(upstream:short)%00%(objectname)%00%(upstream:track)%00%(upstream:remotename)%00%(upstream:remoteref) refs/heads/cambios-joel refs/remotes/cambios-joel [2ms]
2025-01-22 23:19:56.474 [info] > git status -z -uall [9ms]
2025-01-22 23:19:56.475 [info] > git for-each-ref --sort -committerdate --format %(refname) %(objectname) %(*objectname) [2ms]
