2025-01-31 17:00:54.048 [warning] Via 'product.json#extensionEnabledApiProposals' extension 'ms-vscode.vscode-selfhost-test-provider' wants API proposal 'attributableCoverage' but that proposal DOES NOT EXIST. Likely, the proposal has been finalized (check 'vscode.d.ts') or was abandoned.
2025-01-31 17:00:54.049 [warning] Via 'product.json#extensionEnabledApiProposals' extension 'ms-python.python' wants API proposal 'contribIssueReporter' but that proposal DOES NOT EXIST. Likely, the proposal has been finalized (check 'vscode.d.ts') or was abandoned.
2025-01-31 17:00:54.049 [warning] Via 'product.json#extensionEnabledApiProposals' extension 'ms-python.debugpy' wants API proposal 'contribIssueReporter' but that proposal DOES NOT EXIST. Likely, the proposal has been finalized (check 'vscode.d.ts') or was abandoned.
2025-01-31 17:00:54.458 [info] Started local extension host with pid 2390.
2025-01-31 17:00:55.234 [error] Extension 'ms-vscode.cpptools' wants API proposal 'lmTools' but that proposal DOES NOT EXIST. Likely, the proposal has been finalized (check 'vscode.d.ts') or was abandoned.
2025-01-31 17:00:55.330 [warning] [esbenp.prettier-vscode]: Cannot register 'prettier.printWidth'. This property is already registered.
2025-01-31 17:00:55.330 [warning] [esbenp.prettier-vscode]: Cannot register 'prettier.tabWidth'. This property is already registered.
2025-01-31 17:00:55.330 [warning] [esbenp.prettier-vscode]: Cannot register 'prettier.singleQuote'. This property is already registered.
2025-01-31 17:00:55.331 [warning] [esbenp.prettier-vscode]: Cannot register 'prettier.trailingComma'. This property is already registered.
2025-01-31 17:00:55.331 [warning] [esbenp.prettier-vscode]: Cannot register 'prettier.bracketSpacing'. This property is already registered.
2025-01-31 17:00:55.331 [warning] [esbenp.prettier-vscode]: Cannot register 'prettier.jsxBracketSameLine'. This property is already registered.
2025-01-31 17:00:55.331 [warning] [esbenp.prettier-vscode]: Cannot register 'prettier.semi'. This property is already registered.
2025-01-31 17:00:55.334 [warning] [esbenp.prettier-vscode]: Cannot register 'prettier.useTabs'. This property is already registered.
2025-01-31 17:00:55.338 [warning] [twxs.cmake]: Cannot register 'cmake.cmakePath'. This property is already registered.
2025-01-31 17:00:56.856 [warning] Authentication provider sqltools-driver-credentials was not declared in the Extension Manifest.
2025-01-31 17:00:58.666 [info] [perf] Render performance baseline is 94ms
2025-01-31 17:00:59.311 [info] Settings Sync: Token updated for the account migueacastro
2025-01-31 17:00:59.315 [info] Settings Sync: Account status changed from uninitialized to available
2025-01-31 17:01:00.073 [info] Settings Sync: Token updated for the account migueacastro
2025-01-31 17:01:12.941 [warning] [backup tracker] suspended, ignoring dirty change event file:///opt/lampp/htdocs/tarea1/index.php 
2025-01-31 17:01:13.004 [warning] [backup tracker] suspended, ignoring content change event file:///opt/lampp/htdocs/tarea1/index.php 
2025-01-31 17:01:13.019 [warning] [backup tracker] suspended, ignoring content change event file:///opt/lampp/htdocs/tarea1/index.php 
2025-01-31 17:01:13.423 [warning] Via 'product.json#extensionEnabledApiProposals' extension 'ms-vscode.vscode-selfhost-test-provider' wants API proposal 'attributableCoverage' but that proposal DOES NOT EXIST. Likely, the proposal has been finalized (check 'vscode.d.ts') or was abandoned.
2025-01-31 17:01:13.423 [warning] Via 'product.json#extensionEnabledApiProposals' extension 'ms-python.python' wants API proposal 'contribIssueReporter' but that proposal DOES NOT EXIST. Likely, the proposal has been finalized (check 'vscode.d.ts') or was abandoned.
2025-01-31 17:01:13.424 [warning] Via 'product.json#extensionEnabledApiProposals' extension 'ms-python.debugpy' wants API proposal 'contribIssueReporter' but that proposal DOES NOT EXIST. Likely, the proposal has been finalized (check 'vscode.d.ts') or was abandoned.
2025-01-31 17:01:14.178 [info] Started local extension host with pid 2641.
2025-01-31 17:01:15.709 [error] Extension 'ms-vscode.cpptools' wants API proposal 'lmTools' but that proposal DOES NOT EXIST. Likely, the proposal has been finalized (check 'vscode.d.ts') or was abandoned.
2025-01-31 17:01:15.899 [warning] [esbenp.prettier-vscode]: Cannot register 'prettier.printWidth'. This property is already registered.
2025-01-31 17:01:15.901 [warning] [esbenp.prettier-vscode]: Cannot register 'prettier.tabWidth'. This property is already registered.
2025-01-31 17:01:15.901 [warning] [esbenp.prettier-vscode]: Cannot register 'prettier.singleQuote'. This property is already registered.
2025-01-31 17:01:15.901 [warning] [esbenp.prettier-vscode]: Cannot register 'prettier.trailingComma'. This property is already registered.
2025-01-31 17:01:15.904 [warning] [esbenp.prettier-vscode]: Cannot register 'prettier.bracketSpacing'. This property is already registered.
2025-01-31 17:01:15.904 [warning] [esbenp.prettier-vscode]: Cannot register 'prettier.jsxBracketSameLine'. This property is already registered.
2025-01-31 17:01:15.904 [warning] [esbenp.prettier-vscode]: Cannot register 'prettier.semi'. This property is already registered.
2025-01-31 17:01:15.904 [warning] [esbenp.prettier-vscode]: Cannot register 'prettier.useTabs'. This property is already registered.
2025-01-31 17:01:15.914 [warning] [twxs.cmake]: Cannot register 'cmake.cmakePath'. This property is already registered.
2025-01-31 17:01:19.697 [warning] Authentication provider sqltools-driver-credentials was not declared in the Extension Manifest.
2025-01-31 17:01:21.162 [info] Settings Sync: Token updated for the account migueacastro
2025-01-31 17:01:21.180 [info] Settings Sync: Account status changed from uninitialized to available
2025-01-31 17:01:22.749 [info] [perf] Render performance baseline is 196ms
2025-01-31 17:01:24.484 [info] Settings Sync: Token updated for the account migueacastro
2025-01-31 17:01:25.023 [error] [Extension Host] Ignoring inability to install OPFS sqlite3_vfs: The OPFS sqlite3_vfs cannot run in the main thread because it requires Atomics.wait().
2025-01-31 17:01:27.067 [error] Unknown error while installing extension ms-vscode.cpptools: Unknown: Unknown error while installing extension ms-vscode.cpptools
    at fh.installFromGallery (file:///opt/visual-studio-code/resources/app/out/vs/code/electron-utility/sharedProcess/sharedProcessMain.js:77:1534)
