2025-01-31 17:00:54.377 [info] Added views:outline in workbench.view.explorer
2025-01-31 17:00:54.377 [info] Added views:workbench.view.search in workbench.view.search
2025-01-31 17:00:54.377 [info] Added views:workbench.scm in workbench.view.scm
2025-01-31 17:00:54.377 [info] Added views:workbench.panel.markers.view in workbench.panel.markers
2025-01-31 17:00:54.377 [info] Added views:workbench.panel.output in workbench.panel.output
2025-01-31 17:00:54.377 [info] Added views:terminal in terminal
2025-01-31 17:00:54.377 [info] Added views:timeline in workbench.view.explorer
2025-01-31 17:00:54.377 [info] Added views:workbench.explorer.fileView in workbench.view.explorer
2025-01-31 17:00:54.816 [info] Added views:workbench.debug.welcome in workbench.view.debug
2025-01-31 17:00:55.447 [info] Added views:ddb50.debugView in workbench.view.extension.ddb50
2025-01-31 17:00:55.448 [info] Added views:github.codespaces.explorer in workbench.view.remote
2025-01-31 17:00:55.448 [info] Added views:dockerContainers,dockerImages,dockerRegistries,dockerNetworks,dockerVolumes,vscode-docker.views.dockerContexts,vscode-docker.views.help in workbench.view.extension.dockerView
2025-01-31 17:00:55.449 [info] Added views:dataworkspace.views.main in workbench.view.extension.dataworkspace
2025-01-31 17:00:55.455 [info] Added views:objectExplorer,queryHistory in workbench.view.extension.objectExplorer
2025-01-31 17:00:55.457 [info] Added views:targetsContainers,devVolumes in workbench.view.remote
2025-01-31 17:00:55.458 [info] Added views:remoteTargets in workbench.view.remote
2025-01-31 17:00:55.459 [info] Added views:sqltoolsViewConnectionExplorer,sqltoolsViewBookmarksExplorer,sqltoolsViewHistoryExplorer in workbench.view.extension.sqltoolsActivityBarContainer
2025-01-31 17:00:55.460 [info] Added views:sqltoolsViewConsoleMessages in workbench.view.extension.sqltoolsPanelContainer
2025-01-31 17:00:55.461 [info] Added views:rubberduck.chat in workbench.view.extension.rubberduck
2025-01-31 17:00:55.907 [info] Added views:workbench.panel.repl.view in workbench.panel.repl
2025-01-31 17:00:58.112 [info] Added views:~remote.forwardedPorts in ~remote.forwardedPortsContainer
2025-01-31 17:01:13.659 [info] Added views:outline in workbench.view.explorer
2025-01-31 17:01:13.660 [info] Added views:workbench.view.search in workbench.view.search
2025-01-31 17:01:13.660 [info] Added views:workbench.scm in workbench.view.scm
2025-01-31 17:01:13.660 [info] Added views:workbench.panel.markers.view in workbench.panel.markers
2025-01-31 17:01:13.660 [info] Added views:workbench.panel.output in workbench.panel.output
2025-01-31 17:01:13.660 [info] Added views:terminal in terminal
2025-01-31 17:01:13.660 [info] Added views:timeline in workbench.view.explorer
2025-01-31 17:01:13.660 [info] Added views:workbench.explorer.fileView in workbench.view.explorer
2025-01-31 17:01:13.821 [info] Added views:workbench.debug.welcome in workbench.view.debug
2025-01-31 17:01:16.086 [info] Added views:ddb50.debugView in workbench.view.extension.ddb50
2025-01-31 17:01:16.086 [info] Added views:github.codespaces.explorer in workbench.view.remote
2025-01-31 17:01:16.089 [info] Added views:dockerContainers,dockerImages,dockerRegistries,dockerNetworks,dockerVolumes,vscode-docker.views.dockerContexts,vscode-docker.views.help in workbench.view.extension.dockerView
2025-01-31 17:01:16.090 [info] Added views:dataworkspace.views.main in workbench.view.extension.dataworkspace
2025-01-31 17:01:16.091 [info] Added views:objectExplorer,queryHistory in workbench.view.extension.objectExplorer
2025-01-31 17:01:16.092 [info] Added views:targetsContainers,devVolumes in workbench.view.remote
2025-01-31 17:01:16.093 [info] Added views:remoteTargets in workbench.view.remote
2025-01-31 17:01:16.094 [info] Added views:sqltoolsViewConnectionExplorer,sqltoolsViewBookmarksExplorer,sqltoolsViewHistoryExplorer in workbench.view.extension.sqltoolsActivityBarContainer
2025-01-31 17:01:16.095 [info] Added views:sqltoolsViewConsoleMessages in workbench.view.extension.sqltoolsPanelContainer
2025-01-31 17:01:16.097 [info] Added views:rubberduck.chat in workbench.view.extension.rubberduck
2025-01-31 17:01:16.800 [info] Added views:workbench.panel.repl.view in workbench.panel.repl
2025-01-31 17:01:20.465 [info] Added views:~remote.forwardedPorts in ~remote.forwardedPortsContainer
2025-01-31 17:01:23.007 [info] Added views:workbench.scm.repositories,workbench.scm.history in workbench.view.scm
2025-01-31 17:02:40.681 [info] Added views:workbench.view.testing in workbench.view.extension.test
2025-01-31 17:10:51.388 [info] Removed views:workbench.scm.history,workbench.scm.repositories from workbench.view.scm
2025-01-31 17:10:51.393 [info] Removed views:workbench.view.testing from workbench.view.extension.test
