2025-01-22 12:00:35.732 [info] Name: Black Formatter
2025-01-22 12:00:35.732 [info] Module: black
2025-01-22 12:00:35.732 [info] Default formatter is set to null for workspace /home/miguel/Desktop/repositories/dimpro-rest
2025-01-22 12:00:35.732 [warning] Black Formatter is NOT set as the default formatter for workspace /home/miguel/Desktop/repositories/dimpro-rest
2025-01-22 12:00:35.732 [warning] To set Black Formatter as the default formatter, add the following to your settings.json file:
2025-01-22 12:00:35.732 [warning] 
"[python]": {
    "editor.defaultFormatter": "ms-python.black-formatter"
}
2025-01-22 12:00:35.732 [info] Python extension loading
2025-01-22 12:00:35.732 [info] Waiting for interpreter from python extension.
2025-01-22 12:00:35.760 [info] No interpreter found from setting black-formatter.interpreter
2025-01-22 12:00:35.760 [info] Getting interpreter from ms-python.python extension for workspace /home/miguel/Desktop/repositories/dimpro-rest
2025-01-22 12:00:35.762 [info] Python extension loaded
2025-01-22 12:00:35.767 [info] Interpreter from ms-python.python extension for /home/miguel/Desktop/repositories/dimpro-rest: /home/miguel/Desktop/repositories/dimpro-rest/backend/.venv/bin/python
2025-01-22 12:00:35.767 [info] Workspace settings for /home/miguel/Desktop/repositories/dimpro-rest (client side): {
    "cwd": "/home/miguel/Desktop/repositories/dimpro-rest",
    "workspace": "file:///home/miguel/Desktop/repositories/dimpro-rest",
    "args": [],
    "path": [],
    "interpreter": [
        "/home/miguel/Desktop/repositories/dimpro-rest/backend/.venv/bin/python"
    ],
    "importStrategy": "useBundled",
    "showNotifications": "off"
}
2025-01-22 12:00:35.769 [info] No interpreter found from setting black-formatter.interpreter
2025-01-22 12:00:35.769 [info] Getting interpreter from ms-python.python extension for workspace /home/miguel/Desktop/repositories/dimpro-rest
2025-01-22 12:00:35.803 [info] Interpreter from ms-python.python extension for /home/miguel/Desktop/repositories/dimpro-rest: /home/miguel/Desktop/repositories/dimpro-rest/backend/.venv/bin/python
2025-01-22 12:00:35.803 [info] Workspace settings for /home/miguel/Desktop/repositories/dimpro-rest (client side): {
    "cwd": "/home/miguel/Desktop/repositories/dimpro-rest",
    "workspace": "file:///home/miguel/Desktop/repositories/dimpro-rest",
    "args": [],
    "path": [],
    "interpreter": [
        "/home/miguel/Desktop/repositories/dimpro-rest/backend/.venv/bin/python"
    ],
    "importStrategy": "useBundled",
    "showNotifications": "off"
}
2025-01-22 12:00:35.805 [info] Global settings (client side): {
    "cwd": "/home/miguel",
    "workspace": "/home/miguel",
    "args": [],
    "path": [],
    "interpreter": [],
    "importStrategy": "useBundled",
    "showNotifications": "off"
}
2025-01-22 12:00:35.814 [info] Server run command: /home/miguel/Desktop/repositories/dimpro-rest/backend/.venv/bin/python /home/miguel/.vscode/extensions/ms-python.black-formatter-2024.4.0/bundled/tool/lsp_server.py
2025-01-22 12:00:35.816 [info] Server: Start requested.
2025-01-22 12:00:37.008 [info] CWD Server: /home/miguel/Desktop/repositories/dimpro-rest
2025-01-22 12:00:37.008 [info] Settings received on server:
[
    {
        "cwd": "/home/miguel/Desktop/repositories/dimpro-rest",
        "workspace": "file:///home/miguel/Desktop/repositories/dimpro-rest",
        "args": [],
        "path": [],
        "interpreter": [
            "/home/miguel/Desktop/repositories/dimpro-rest/backend/.venv/bin/python"
        ],
        "importStrategy": "useBundled",
        "showNotifications": "off"
    }
]

2025-01-22 12:00:37.008 [info] Global settings received on server:
{
    "cwd": "/home/miguel",
    "workspace": "/home/miguel",
    "args": [],
    "path": [],
    "interpreter": [],
    "importStrategy": "useBundled",
    "showNotifications": "off"
}

2025-01-22 12:00:37.008 [info] sys.path used to run Server:
   /home/miguel/.vscode/extensions/ms-python.black-formatter-2024.4.0/bundled/libs
   /home/miguel/.vscode/extensions/ms-python.black-formatter-2024.4.0/bundled/tool
   /usr/lib/python313.zip
   /usr/lib/python3.13
   /usr/lib/python3.13/lib-dynload
   /home/miguel/Desktop/repositories/dimpro-rest/backend/.venv/lib/python3.13/site-packages
2025-01-22 12:00:37.015 [info] /home/miguel/Desktop/repositories/dimpro-rest/backend/.venv/bin/python -m black --version
2025-01-22 12:00:37.015 [info] CWD formatter: /home/miguel/Desktop/repositories/dimpro-rest
2025-01-22 12:00:37.189 [info] Version info for formatter running for /home/miguel/Desktop/repositories/dimpro-rest:
black, 24.8.0 (compiled: no)
Python (CPython) 3.13.1

2025-01-22 12:00:37.190 [info] SUPPORTED black>=22.3.0
FOUND black==24.8.0

2025-01-22 12:03:33.240 [info] [Trace - 12:03:33 PM] Sending notification 'textDocument/didClose'.
2025-01-22 12:03:33.276 [info] [Trace - 12:03:33 PM] Sending notification 'textDocument/didClose'.
2025-01-22 12:03:33.305 [info] [Trace - 12:03:33 PM] Sending notification 'textDocument/didClose'.
2025-01-22 12:03:33.322 [info] [Trace - 12:03:33 PM] Sending notification 'textDocument/didClose'.
