2025-01-21 01:31:20.306 [info] Extension host with pid 141372 started
2025-01-21 01:31:20.306 [info] Skipping acquiring lock for /home/miguel/.config/Code/User/workspaceStorage/be59f81855ff1f1066db225f27745374.
2025-01-21 01:31:21.468 [info] ExtensionService#_doActivateExtension vscode.github-authentication, startup: false, activationEvent: 'onAuthenticationRequest:github'
2025-01-21 01:31:21.536 [info] ExtensionService#_doActivateExtension GrapeCity.gc-excelviewer, startup: false, activationEvent: 'onLanguage:plaintext'
2025-01-21 01:31:21.545 [info] ExtensionService#_doActivateExtension vscode.emmet, startup: false, activationEvent: 'onLanguage'
2025-01-21 01:31:21.595 [info] ExtensionService#_doActivateExtension RafaelMartinez.svelte-preview, startup: false, activationEvent: 'onLanguage:svelte'
2025-01-21 01:31:22.149 [info] ExtensionService#_doActivateExtension svelte.svelte-vscode, startup: false, activationEvent: 'onLanguage:svelte'
2025-01-21 01:31:23.023 [info] ExtensionService#_doActivateExtension vscode.git-base, startup: true, activationEvent: '*', root cause: vscode.git
2025-01-21 01:31:23.026 [info] ExtensionService#_doActivateExtension be5invis.vscode-custom-css, startup: true, activationEvent: '*'
2025-01-21 01:31:23.061 [info] ExtensionService#_doActivateExtension bysabi.prettier-vscode-standard, startup: true, activationEvent: '*'
2025-01-21 01:31:23.096 [info] ExtensionService#_doActivateExtension mtxr.sqltools, startup: true, activationEvent: '*'
2025-01-21 01:31:23.184 [info] ExtensionService#_doActivateExtension Zignd.html-css-class-completion, startup: true, activationEvent: '*'
2025-01-21 01:31:23.687 [info] ExtensionService#_doActivateExtension vscode.typescript-language-features, startup: false, activationEvent: 'onCommand:_typescript.configurePlugin'
2025-01-21 01:31:23.852 [info] ExtensionService#_doActivateExtension vscode.git, startup: true, activationEvent: '*'
2025-01-21 01:31:23.985 [info] ExtensionService#_doActivateExtension vscode.github, startup: true, activationEvent: '*'
2025-01-21 01:31:24.091 [info] ExtensionService#_doActivateExtension mtxr.sqltools-driver-mssql, startup: true, activationEvent: '*'
2025-01-21 01:31:24.093 [info] ExtensionService#_doActivateExtension mtxr.sqltools-driver-mysql, startup: true, activationEvent: '*'
2025-01-21 01:31:27.277 [info] ExtensionService#_doActivateExtension vscode.microsoft-authentication, startup: false, activationEvent: 'onAuthenticationRequest:microsoft'
2025-01-21 01:31:27.392 [info] ExtensionService#_doActivateExtension vscode.configuration-editing, startup: false, activationEvent: 'onLanguage:jsonc'
2025-01-21 01:31:27.518 [info] ExtensionService#_doActivateExtension vscode.json-language-features, startup: false, activationEvent: 'onLanguage:jsonc'
2025-01-21 01:31:29.174 [info] Eager extensions activated
2025-01-21 01:31:29.318 [info] Extension host terminating: renderer closed the MessagePort
2025-01-21 01:31:29.444 [error] Canceled: Canceled
    at new IT (file:///opt/visual-studio-code/resources/app/out/vs/workbench/api/node/extensionHostProcess.js:32:110702)
    at Dy.U (file:///opt/visual-studio-code/resources/app/out/vs/workbench/api/node/extensionHostProcess.js:32:115312)
    at Proxy.s.<computed>.n.charCodeAt.s.<computed> (file:///opt/visual-studio-code/resources/app/out/vs/workbench/api/node/extensionHostProcess.js:32:112806)
    at cw.g (file:///opt/visual-studio-code/resources/app/out/vs/workbench/api/node/extensionHostProcess.js:115:32313)
    at cw.executeCommand (file:///opt/visual-studio-code/resources/app/out/vs/workbench/api/node/extensionHostProcess.js:115:31817)
    at r.registerCommand.description (file:///opt/visual-studio-code/resources/app/out/vs/workbench/api/node/extensionHostProcess.js:115:31147)
    at cw.h (file:///opt/visual-studio-code/resources/app/out/vs/workbench/api/node/extensionHostProcess.js:115:32833)
    at cw.g (file:///opt/visual-studio-code/resources/app/out/vs/workbench/api/node/extensionHostProcess.js:115:31910)
    at cw.executeCommand (file:///opt/visual-studio-code/resources/app/out/vs/workbench/api/node/extensionHostProcess.js:115:31817)
    at Object.executeCommand (file:///opt/visual-studio-code/resources/app/out/vs/workbench/api/node/extensionHostProcess.js:157:37484)
    at kh.L [as value] (/opt/visual-studio-code/resources/app/extensions/git/dist/main.js:2:975601)
    at P.B (file:///opt/visual-studio-code/resources/app/out/vs/workbench/api/node/extensionHostProcess.js:30:746)
    at P.C (file:///opt/visual-studio-code/resources/app/out/vs/workbench/api/node/extensionHostProcess.js:30:816)
    at P.fire (file:///opt/visual-studio-code/resources/app/out/vs/workbench/api/node/extensionHostProcess.js:30:1033)
    at Object.p [as dispose] (/opt/visual-studio-code/resources/app/extensions/git/dist/main.js:2:997158)
    at /opt/visual-studio-code/resources/app/extensions/git/dist/main.js:2:1003280
    at Array.forEach (<anonymous>)
    at b.dispose (/opt/visual-studio-code/resources/app/extensions/git/dist/main.js:2:1003266)
    at ev.<anonymous> (file:///opt/visual-studio-code/resources/app/out/vs/workbench/api/node/extensionHostProcess.js:109:20047)
    at ev.dispose (file:///opt/visual-studio-code/resources/app/out/vs/workbench/api/node/extensionHostProcess.js:109:20143)
    at ev.<anonymous> (/opt/visual-studio-code/resources/app/extensions/git/dist/main.js:2:978080)
    at ev.dispose (file:///opt/visual-studio-code/resources/app/out/vs/workbench/api/node/extensionHostProcess.js:109:20143)
    at ai (file:///opt/visual-studio-code/resources/app/out/vs/workbench/api/node/extensionHostProcess.js:25:699)
    at file:///opt/visual-studio-code/resources/app/out/vs/workbench/api/node/extensionHostProcess.js:119:14992
    at file:///opt/visual-studio-code/resources/app/out/vs/workbench/api/node/extensionHostProcess.js:25:1009
    at Object.dispose (file:///opt/visual-studio-code/resources/app/out/vs/workbench/api/node/extensionHostProcess.js:8:705)
    at zz.eb (file:///opt/visual-studio-code/resources/app/out/vs/workbench/api/node/extensionHostProcess.js:119:11919)
    at file:///opt/visual-studio-code/resources/app/out/vs/workbench/api/node/extensionHostProcess.js:119:9874
    at Array.map (<anonymous>)
    at zz.$ (file:///opt/visual-studio-code/resources/app/out/vs/workbench/api/node/extensionHostProcess.js:119:9862)
    at zz.terminate (file:///opt/visual-studio-code/resources/app/out/vs/workbench/api/node/extensionHostProcess.js:119:10105)
    at QC.terminate (file:///opt/visual-studio-code/resources/app/out/vs/workbench/api/node/extensionHostProcess.js:120:1424)
    at Zi (file:///opt/visual-studio-code/resources/app/out/vs/workbench/api/node/extensionHostProcess.js:175:15080)
    at MessagePortMain.<anonymous> (file:///opt/visual-studio-code/resources/app/out/vs/workbench/api/node/extensionHostProcess.js:175:11628)
    at MessagePortMain.emit (node:events:518:28)
    at Object.MessagePortMain._internalPort.emit (node:electron/js2c/utility_init:2:2949) setContext undefined
2025-01-21 01:31:29.451 [error] Canceled: Canceled
    at new IT (file:///opt/visual-studio-code/resources/app/out/vs/workbench/api/node/extensionHostProcess.js:32:110702)
    at Dy.U (file:///opt/visual-studio-code/resources/app/out/vs/workbench/api/node/extensionHostProcess.js:32:115312)
    at Proxy.s.<computed>.n.charCodeAt.s.<computed> (file:///opt/visual-studio-code/resources/app/out/vs/workbench/api/node/extensionHostProcess.js:32:112806)
    at cw.g (file:///opt/visual-studio-code/resources/app/out/vs/workbench/api/node/extensionHostProcess.js:115:32313)
    at cw.executeCommand (file:///opt/visual-studio-code/resources/app/out/vs/workbench/api/node/extensionHostProcess.js:115:31817)
    at r.registerCommand.description (file:///opt/visual-studio-code/resources/app/out/vs/workbench/api/node/extensionHostProcess.js:115:31147)
    at cw.h (file:///opt/visual-studio-code/resources/app/out/vs/workbench/api/node/extensionHostProcess.js:115:32833)
    at cw.g (file:///opt/visual-studio-code/resources/app/out/vs/workbench/api/node/extensionHostProcess.js:115:31910)
    at cw.executeCommand (file:///opt/visual-studio-code/resources/app/out/vs/workbench/api/node/extensionHostProcess.js:115:31817)
    at Object.executeCommand (file:///opt/visual-studio-code/resources/app/out/vs/workbench/api/node/extensionHostProcess.js:157:37484)
    at a.VscodeDevShareProvider.set hasGitHubRepositories [as hasGitHubRepositories] (/opt/visual-studio-code/resources/app/extensions/github/dist/extension.js:2:328633)
    at /opt/visual-studio-code/resources/app/extensions/github/dist/extension.js:2:329592
    at kh.value (/opt/visual-studio-code/resources/app/extensions/git/dist/main.js:2:1088462)
    at P.B (file:///opt/visual-studio-code/resources/app/out/vs/workbench/api/node/extensionHostProcess.js:30:746)
    at P.C (file:///opt/visual-studio-code/resources/app/out/vs/workbench/api/node/extensionHostProcess.js:30:816)
    at P.fire (file:///opt/visual-studio-code/resources/app/out/vs/workbench/api/node/extensionHostProcess.js:30:1033)
    at Object.p [as dispose] (/opt/visual-studio-code/resources/app/extensions/git/dist/main.js:2:997158)
    at /opt/visual-studio-code/resources/app/extensions/git/dist/main.js:2:1003280
    at Array.forEach (<anonymous>)
    at b.dispose (/opt/visual-studio-code/resources/app/extensions/git/dist/main.js:2:1003266)
    at ev.<anonymous> (file:///opt/visual-studio-code/resources/app/out/vs/workbench/api/node/extensionHostProcess.js:109:20047)
    at ev.dispose (file:///opt/visual-studio-code/resources/app/out/vs/workbench/api/node/extensionHostProcess.js:109:20143)
    at ev.<anonymous> (/opt/visual-studio-code/resources/app/extensions/git/dist/main.js:2:978080)
    at ev.dispose (file:///opt/visual-studio-code/resources/app/out/vs/workbench/api/node/extensionHostProcess.js:109:20143)
    at ai (file:///opt/visual-studio-code/resources/app/out/vs/workbench/api/node/extensionHostProcess.js:25:699)
    at file:///opt/visual-studio-code/resources/app/out/vs/workbench/api/node/extensionHostProcess.js:119:14992
    at file:///opt/visual-studio-code/resources/app/out/vs/workbench/api/node/extensionHostProcess.js:25:1009
    at Object.dispose (file:///opt/visual-studio-code/resources/app/out/vs/workbench/api/node/extensionHostProcess.js:8:705)
    at zz.eb (file:///opt/visual-studio-code/resources/app/out/vs/workbench/api/node/extensionHostProcess.js:119:11919)
    at file:///opt/visual-studio-code/resources/app/out/vs/workbench/api/node/extensionHostProcess.js:119:9874
    at Array.map (<anonymous>)
    at zz.$ (file:///opt/visual-studio-code/resources/app/out/vs/workbench/api/node/extensionHostProcess.js:119:9862)
    at zz.terminate (file:///opt/visual-studio-code/resources/app/out/vs/workbench/api/node/extensionHostProcess.js:119:10105)
    at QC.terminate (file:///opt/visual-studio-code/resources/app/out/vs/workbench/api/node/extensionHostProcess.js:120:1424)
    at Zi (file:///opt/visual-studio-code/resources/app/out/vs/workbench/api/node/extensionHostProcess.js:175:15080)
    at MessagePortMain.<anonymous> (file:///opt/visual-studio-code/resources/app/out/vs/workbench/api/node/extensionHostProcess.js:175:11628)
    at MessagePortMain.emit (node:events:518:28)
    at Object.MessagePortMain._internalPort.emit (node:electron/js2c/utility_init:2:2949) setContext undefined
2025-01-21 01:31:29.472 [error] Canceled: Canceled
    at new IT (file:///opt/visual-studio-code/resources/app/out/vs/workbench/api/node/extensionHostProcess.js:32:110702)
    at Dy.U (file:///opt/visual-studio-code/resources/app/out/vs/workbench/api/node/extensionHostProcess.js:32:115312)
    at Proxy.s.<computed>.n.charCodeAt.s.<computed> (file:///opt/visual-studio-code/resources/app/out/vs/workbench/api/node/extensionHostProcess.js:32:112806)
    at cw.g (file:///opt/visual-studio-code/resources/app/out/vs/workbench/api/node/extensionHostProcess.js:115:32313)
    at cw.executeCommand (file:///opt/visual-studio-code/resources/app/out/vs/workbench/api/node/extensionHostProcess.js:115:31817)
    at r.registerCommand.description (file:///opt/visual-studio-code/resources/app/out/vs/workbench/api/node/extensionHostProcess.js:115:31147)
    at cw.h (file:///opt/visual-studio-code/resources/app/out/vs/workbench/api/node/extensionHostProcess.js:115:32833)
    at cw.g (file:///opt/visual-studio-code/resources/app/out/vs/workbench/api/node/extensionHostProcess.js:115:31910)
    at cw.executeCommand (file:///opt/visual-studio-code/resources/app/out/vs/workbench/api/node/extensionHostProcess.js:115:31817)
    at Object.executeCommand (file:///opt/visual-studio-code/resources/app/out/vs/workbench/api/node/extensionHostProcess.js:157:37484)
    at setEnableContext (/home/miguel/.vscode/extensions/svelte.svelte-vscode-109.5.2/src/sveltekit/index.ts:78:14)
    at enableContextMenu (/home/miguel/.vscode/extensions/svelte.svelte-vscode-109.5.2/src/sveltekit/index.ts:34:13)
    at processTicksAndRejections (node:internal/process/task_queues:95:5) setContext undefined
2025-01-21 01:31:29.499 [error] Error: Channel has been closed
    at s (file:///opt/visual-studio-code/resources/app/out/vs/workbench/api/node/extensionHostProcess.js:121:2431)
    at Object.appendLine (file:///opt/visual-studio-code/resources/app/out/vs/workbench/api/node/extensionHostProcess.js:121:2570)
    at D.logOutputMessage (/opt/visual-studio-code/resources/app/extensions/json-language-features/client/dist/node/jsonClientMain.js:1:285192)
    at D.info (/opt/visual-studio-code/resources/app/extensions/json-language-features/client/dist/node/jsonClientMain.js:1:284925)
    at ChildProcess.<anonymous> (/opt/visual-studio-code/resources/app/extensions/json-language-features/client/dist/node/jsonClientMain.js:1:503028)
    at ChildProcess.emit (node:events:518:28)
    at Process.ChildProcess._handle.onexit (node:internal/child_process:293:12)
2025-01-21 01:31:30.506 [error] Error: Channel has been closed
    at n (file:///opt/visual-studio-code/resources/app/out/vs/workbench/api/node/extensionHostProcess.js:121:2816)
    at Object.warn (file:///opt/visual-studio-code/resources/app/out/vs/workbench/api/node/extensionHostProcess.js:121:3205)
    at d.updateRepositoryBranchProtection (/opt/visual-studio-code/resources/app/extensions/github/dist/extension.js:2:302419)
2025-01-21 01:31:30.909 [info] Extension host with pid 141372 exiting with code 0
2025-01-21 01:31:33.348 [info] Extension host with pid 141772 started
2025-01-21 01:31:33.348 [info] Skipping acquiring lock for /home/miguel/.config/Code/User/workspaceStorage/d9a73da03c4b8f701cbe6d0fe1404d45.
2025-01-21 01:31:34.059 [info] ExtensionService#_doActivateExtension vscode.github-authentication, startup: false, activationEvent: 'onAuthenticationRequest:github'
2025-01-21 01:31:34.168 [info] ExtensionService#_doActivateExtension GrapeCity.gc-excelviewer, startup: false, activationEvent: 'onLanguage:plaintext'
2025-01-21 01:31:34.182 [info] ExtensionService#_doActivateExtension vscode.emmet, startup: false, activationEvent: 'onLanguage'
2025-01-21 01:31:34.627 [info] ExtensionService#_doActivateExtension vscode.git-base, startup: true, activationEvent: '*', root cause: vscode.git
2025-01-21 01:31:34.636 [info] ExtensionService#_doActivateExtension be5invis.vscode-custom-css, startup: true, activationEvent: '*'
2025-01-21 01:31:34.672 [info] ExtensionService#_doActivateExtension bysabi.prettier-vscode-standard, startup: true, activationEvent: '*'
2025-01-21 01:31:34.692 [info] ExtensionService#_doActivateExtension mtxr.sqltools, startup: true, activationEvent: '*'
2025-01-21 01:31:34.915 [info] ExtensionService#_doActivateExtension Zignd.html-css-class-completion, startup: true, activationEvent: '*'
2025-01-21 01:31:35.611 [info] ExtensionService#_doActivateExtension vscode.git, startup: true, activationEvent: '*'
2025-01-21 01:31:35.746 [info] ExtensionService#_doActivateExtension vscode.github, startup: true, activationEvent: '*'
2025-01-21 01:31:35.893 [info] ExtensionService#_doActivateExtension mtxr.sqltools-driver-mssql, startup: true, activationEvent: '*'
2025-01-21 01:31:35.899 [info] ExtensionService#_doActivateExtension mtxr.sqltools-driver-mysql, startup: true, activationEvent: '*'
2025-01-21 01:31:36.535 [info] Eager extensions activated
2025-01-21 01:31:36.618 [info] ExtensionService#_doActivateExtension vscode.debug-auto-launch, startup: false, activationEvent: 'onStartupFinished'
2025-01-21 01:31:36.637 [info] ExtensionService#_doActivateExtension vscode.merge-conflict, startup: false, activationEvent: 'onStartupFinished'
2025-01-21 01:31:36.778 [info] ExtensionService#_doActivateExtension bradlc.vscode-tailwindcss, startup: false, activationEvent: 'onStartupFinished'
2025-01-21 01:31:36.862 [info] ExtensionService#_doActivateExtension Codeium.codeium, startup: false, activationEvent: 'onStartupFinished'
2025-01-21 01:31:38.648 [info] ExtensionService#_doActivateExtension esbenp.prettier-vscode, startup: false, activationEvent: 'onStartupFinished'
2025-01-21 01:31:38.858 [info] ExtensionService#_doActivateExtension manishsencha.readme-preview, startup: false, activationEvent: 'onStartupFinished'
2025-01-21 01:31:39.646 [info] ExtensionService#_doActivateExtension ms-dotnettools.vscode-dotnet-runtime, startup: false, activationEvent: 'onStartupFinished'
2025-01-21 01:31:39.759 [info] ExtensionService#_doActivateExtension ms-vscode-remote.remote-containers, startup: false, activationEvent: 'onStartupFinished'
2025-01-21 01:31:40.378 [info] ExtensionService#_doActivateExtension ritwickdey.LiveServer, startup: false, activationEvent: 'onStartupFinished'
2025-01-21 01:31:40.396 [info] ExtensionService#_doActivateExtension rubberduck.rubberduck-vscode, startup: false, activationEvent: 'onStartupFinished'
2025-01-21 01:31:40.788 [info] ExtensionService#_doActivateExtension vscode-icons-team.vscode-icons, startup: false, activationEvent: 'onStartupFinished'
2025-01-21 01:31:41.373 [info] ExtensionService#_doActivateExtension vscode.microsoft-authentication, startup: false, activationEvent: 'onAuthenticationRequest:microsoft'
2025-01-21 01:31:45.507 [info] ExtensionService#_doActivateExtension tamasfe.even-better-toml, startup: false, activationEvent: 'onLanguage:toml'
2025-01-21 01:31:45.547 [info] ExtensionService#_doActivateExtension vscode.configuration-editing, startup: false, activationEvent: 'onLanguage:jsonc'
2025-01-21 01:31:45.563 [info] ExtensionService#_doActivateExtension vscode.json-language-features, startup: false, activationEvent: 'onLanguage:jsonc'
2025-01-21 01:31:45.630 [info] ExtensionService#_doActivateExtension vscode.typescript-language-features, startup: false, activationEvent: 'onLanguage:jsonc'
