2025-01-21 14:03:28.430 [warning] Via 'product.json#extensionEnabledApiProposals' extension 'ms-vscode.vscode-selfhost-test-provider' wants API proposal 'attributableCoverage' but that proposal DOES NOT EXIST. Likely, the proposal has been finalized (check 'vscode.d.ts') or was abandoned.
2025-01-21 14:03:28.430 [warning] Via 'product.json#extensionEnabledApiProposals' extension 'ms-python.python' wants API proposal 'contribIssueReporter' but that proposal DOES NOT EXIST. Likely, the proposal has been finalized (check 'vscode.d.ts') or was abandoned.
2025-01-21 14:03:28.431 [warning] Via 'product.json#extensionEnabledApiProposals' extension 'ms-python.debugpy' wants API proposal 'contribIssueReporter' but that proposal DOES NOT EXIST. Likely, the proposal has been finalized (check 'vscode.d.ts') or was abandoned.
2025-01-21 14:03:29.184 [info] Started local extension host with pid 4739.
2025-01-21 14:03:31.058 [error] Extension 'ms-vscode.cpptools' wants API proposal 'lmTools' but that proposal DOES NOT EXIST. Likely, the proposal has been finalized (check 'vscode.d.ts') or was abandoned.
2025-01-21 14:03:31.386 [warning] [esbenp.prettier-vscode]: Cannot register 'prettier.printWidth'. This property is already registered.
2025-01-21 14:03:31.389 [warning] [esbenp.prettier-vscode]: Cannot register 'prettier.tabWidth'. This property is already registered.
2025-01-21 14:03:31.396 [warning] [esbenp.prettier-vscode]: Cannot register 'prettier.singleQuote'. This property is already registered.
2025-01-21 14:03:31.404 [warning] [esbenp.prettier-vscode]: Cannot register 'prettier.trailingComma'. This property is already registered.
2025-01-21 14:03:31.405 [warning] [esbenp.prettier-vscode]: Cannot register 'prettier.bracketSpacing'. This property is already registered.
2025-01-21 14:03:31.409 [warning] [esbenp.prettier-vscode]: Cannot register 'prettier.jsxBracketSameLine'. This property is already registered.
2025-01-21 14:03:31.414 [warning] [esbenp.prettier-vscode]: Cannot register 'prettier.semi'. This property is already registered.
2025-01-21 14:03:31.422 [warning] [esbenp.prettier-vscode]: Cannot register 'prettier.useTabs'. This property is already registered.
2025-01-21 14:03:31.431 [warning] [twxs.cmake]: Cannot register 'cmake.cmakePath'. This property is already registered.
2025-01-21 14:03:34.230 [warning] Authentication provider sqltools-driver-credentials was not declared in the Extension Manifest.
2025-01-21 14:03:36.762 [info] [perf] Render performance baseline is 113ms
2025-01-21 14:03:37.660 [info] Settings Sync: Token updated for the account migueacastro
2025-01-21 14:03:37.661 [info] Settings Sync: Account status changed from uninitialized to available
2025-01-21 14:03:38.732 [warning] Authentication provider codeium_auth was not declared in the Extension Manifest.
2025-01-21 14:03:38.925 [info] Settings Sync: Token updated for the account migueacastro
2025-01-21 14:03:50.718 [warning] [backup tracker] suspended, ignoring unregister event file:///home/miguel/.config/hypr/hyprpaper.conf 
2025-01-21 14:03:50.720 [warning] [backup tracker] suspended, ignoring unregister event file:///home/miguel/.config/kitty/theme.conf 
2025-01-21 14:03:50.721 [warning] [backup tracker] suspended, ignoring unregister event file:///home/miguel/.config/hypr/hyprland.conf 
2025-01-21 14:03:50.722 [warning] [backup tracker] suspended, ignoring unregister event file:///home/miguel/.config/waybar/style.css 
2025-01-21 14:03:51.141 [warning] Via 'product.json#extensionEnabledApiProposals' extension 'ms-vscode.vscode-selfhost-test-provider' wants API proposal 'attributableCoverage' but that proposal DOES NOT EXIST. Likely, the proposal has been finalized (check 'vscode.d.ts') or was abandoned.
2025-01-21 14:03:51.142 [warning] Via 'product.json#extensionEnabledApiProposals' extension 'ms-python.python' wants API proposal 'contribIssueReporter' but that proposal DOES NOT EXIST. Likely, the proposal has been finalized (check 'vscode.d.ts') or was abandoned.
2025-01-21 14:03:51.142 [warning] Via 'product.json#extensionEnabledApiProposals' extension 'ms-python.debugpy' wants API proposal 'contribIssueReporter' but that proposal DOES NOT EXIST. Likely, the proposal has been finalized (check 'vscode.d.ts') or was abandoned.
2025-01-21 14:03:51.751 [info] Started local extension host with pid 5069.
2025-01-21 14:03:53.944 [error] Extension 'ms-vscode.cpptools' wants API proposal 'lmTools' but that proposal DOES NOT EXIST. Likely, the proposal has been finalized (check 'vscode.d.ts') or was abandoned.
2025-01-21 14:03:54.157 [warning] [esbenp.prettier-vscode]: Cannot register 'prettier.printWidth'. This property is already registered.
2025-01-21 14:03:54.158 [warning] [esbenp.prettier-vscode]: Cannot register 'prettier.tabWidth'. This property is already registered.
2025-01-21 14:03:54.160 [warning] [esbenp.prettier-vscode]: Cannot register 'prettier.singleQuote'. This property is already registered.
2025-01-21 14:03:54.161 [warning] [esbenp.prettier-vscode]: Cannot register 'prettier.trailingComma'. This property is already registered.
2025-01-21 14:03:54.161 [warning] [esbenp.prettier-vscode]: Cannot register 'prettier.bracketSpacing'. This property is already registered.
2025-01-21 14:03:54.162 [warning] [esbenp.prettier-vscode]: Cannot register 'prettier.jsxBracketSameLine'. This property is already registered.
2025-01-21 14:03:54.162 [warning] [esbenp.prettier-vscode]: Cannot register 'prettier.semi'. This property is already registered.
2025-01-21 14:03:54.162 [warning] [esbenp.prettier-vscode]: Cannot register 'prettier.useTabs'. This property is already registered.
2025-01-21 14:03:54.171 [warning] [twxs.cmake]: Cannot register 'cmake.cmakePath'. This property is already registered.
2025-01-21 14:03:56.778 [warning] Authentication provider sqltools-driver-credentials was not declared in the Extension Manifest.
2025-01-21 14:03:57.802 [info] Settings Sync: Token updated for the account migueacastro
2025-01-21 14:03:58.051 [info] Settings Sync: Account status changed from uninitialized to available
2025-01-21 14:04:00.119 [info] [perf] Render performance baseline is 110ms
2025-01-21 14:04:00.979 [info] Settings Sync: Token updated for the account migueacastro
2025-01-21 14:04:04.719 [warning] Authentication provider codeium_auth was not declared in the Extension Manifest.
