2025-01-21 14:03:28.944 [info] Added views:outline in workbench.view.explorer
2025-01-21 14:03:28.944 [info] Added views:workbench.view.search in workbench.view.search
2025-01-21 14:03:28.944 [info] Added views:workbench.scm in workbench.view.scm
2025-01-21 14:03:28.944 [info] Added views:workbench.panel.markers.view in workbench.panel.markers
2025-01-21 14:03:28.944 [info] Added views:workbench.panel.output in workbench.panel.output
2025-01-21 14:03:28.944 [info] Added views:terminal in terminal
2025-01-21 14:03:28.944 [info] Added views:timeline in workbench.view.explorer
2025-01-21 14:03:28.944 [info] Added views:workbench.explorer.fileView in workbench.view.explorer
2025-01-21 14:03:29.259 [info] Added views:workbench.debug.welcome in workbench.view.debug
2025-01-21 14:03:31.605 [info] Added views:codeium.chatPanelView in workbench.view.extension.codeium
2025-01-21 14:03:31.605 [info] Added views:ddb50.debugView in workbench.view.extension.ddb50
2025-01-21 14:03:31.607 [info] Added views:github.codespaces.explorer in workbench.view.remote
2025-01-21 14:03:31.609 [info] Added views:dockerContainers,dockerImages,dockerRegistries,dockerNetworks,dockerVolumes,vscode-docker.views.dockerContexts,vscode-docker.views.help in workbench.view.extension.dockerView
2025-01-21 14:03:31.610 [info] Added views:dataworkspace.views.main in workbench.view.extension.dataworkspace
2025-01-21 14:03:31.612 [info] Added views:objectExplorer,queryHistory in workbench.view.extension.objectExplorer
2025-01-21 14:03:31.613 [info] Added views:targetsContainers,devVolumes in workbench.view.remote
2025-01-21 14:03:31.614 [info] Added views:remoteTargets in workbench.view.remote
2025-01-21 14:03:31.616 [info] Added views:sqltoolsViewConnectionExplorer,sqltoolsViewBookmarksExplorer,sqltoolsViewHistoryExplorer in workbench.view.extension.sqltoolsActivityBarContainer
2025-01-21 14:03:31.618 [info] Added views:sqltoolsViewConsoleMessages in workbench.view.extension.sqltoolsPanelContainer
2025-01-21 14:03:31.619 [info] Added views:rubberduck.chat in workbench.view.extension.rubberduck
2025-01-21 14:03:32.457 [info] Added views:workbench.panel.repl.view in workbench.panel.repl
2025-01-21 14:03:35.466 [info] Added views:~remote.forwardedPorts in ~remote.forwardedPortsContainer
2025-01-21 14:03:39.491 [info] Added views:workbench.panel.comments in workbench.views.service.panel.def85be2-e7a1-45c6-b33f-a326acd3567d
2025-01-21 14:03:51.385 [info] Added views:outline in workbench.view.explorer
2025-01-21 14:03:51.386 [info] Added views:workbench.view.search in workbench.view.search
2025-01-21 14:03:51.386 [info] Added views:workbench.scm in workbench.view.scm
2025-01-21 14:03:51.386 [info] Added views:workbench.panel.markers.view in workbench.panel.markers
2025-01-21 14:03:51.386 [info] Added views:workbench.panel.output in workbench.panel.output
2025-01-21 14:03:51.386 [info] Added views:terminal in terminal
2025-01-21 14:03:51.386 [info] Added views:timeline in workbench.view.explorer
2025-01-21 14:03:51.386 [info] Added views:workbench.explorer.fileView in workbench.view.explorer
2025-01-21 14:03:51.739 [info] Added views:workbench.debug.welcome in workbench.view.debug
2025-01-21 14:03:54.263 [info] Added views:codeium.chatPanelView in workbench.view.extension.codeium
2025-01-21 14:03:54.263 [info] Added views:ddb50.debugView in workbench.view.extension.ddb50
2025-01-21 14:03:54.264 [info] Added views:github.codespaces.explorer in workbench.view.remote
2025-01-21 14:03:54.265 [info] Added views:dockerContainers,dockerImages,dockerRegistries,dockerNetworks,dockerVolumes,vscode-docker.views.dockerContexts,vscode-docker.views.help in workbench.view.extension.dockerView
2025-01-21 14:03:54.265 [info] Added views:dataworkspace.views.main in workbench.view.extension.dataworkspace
2025-01-21 14:03:54.266 [info] Added views:objectExplorer,queryHistory in workbench.view.extension.objectExplorer
2025-01-21 14:03:54.266 [info] Added views:targetsContainers,devVolumes in workbench.view.remote
2025-01-21 14:03:54.266 [info] Added views:remoteTargets in workbench.view.remote
2025-01-21 14:03:54.267 [info] Added views:sqltoolsViewConnectionExplorer,sqltoolsViewBookmarksExplorer,sqltoolsViewHistoryExplorer in workbench.view.extension.sqltoolsActivityBarContainer
2025-01-21 14:03:54.267 [info] Added views:sqltoolsViewConsoleMessages in workbench.view.extension.sqltoolsPanelContainer
2025-01-21 14:03:54.267 [info] Added views:rubberduck.chat in workbench.view.extension.rubberduck
2025-01-21 14:03:54.673 [info] Added views:workbench.panel.repl.view in workbench.panel.repl
2025-01-21 14:03:57.052 [info] Added views:~remote.forwardedPorts in ~remote.forwardedPortsContainer
2025-01-21 14:03:58.504 [info] Added views:workbench.scm.repositories,workbench.scm.history in workbench.view.scm
2025-01-21 14:04:05.279 [info] Added views:workbench.panel.comments in workbench.views.service.panel.def85be2-e7a1-45c6-b33f-a326acd3567d
2025-01-21 16:46:29.134 [info] Added views:workbench.view.testing in workbench.view.extension.test
