2025-01-22 23:00:41.208 [warning] Via 'product.json#extensionEnabledApiProposals' extension 'ms-vscode.vscode-selfhost-test-provider' wants API proposal 'attributableCoverage' but that proposal DOES NOT EXIST. Likely, the proposal has been finalized (check 'vscode.d.ts') or was abandoned.
2025-01-22 23:00:41.208 [warning] Via 'product.json#extensionEnabledApiProposals' extension 'ms-python.python' wants API proposal 'contribIssueReporter' but that proposal DOES NOT EXIST. Likely, the proposal has been finalized (check 'vscode.d.ts') or was abandoned.
2025-01-22 23:00:41.209 [warning] Via 'product.json#extensionEnabledApiProposals' extension 'ms-python.debugpy' wants API proposal 'contribIssueReporter' but that proposal DOES NOT EXIST. Likely, the proposal has been finalized (check 'vscode.d.ts') or was abandoned.
2025-01-22 23:00:41.927 [info] Started local extension host with pid 58472.
2025-01-22 23:00:43.729 [error] Extension 'ms-vscode.cpptools' wants API proposal 'lmTools' but that proposal DOES NOT EXIST. Likely, the proposal has been finalized (check 'vscode.d.ts') or was abandoned.
2025-01-22 23:00:43.830 [warning] [esbenp.prettier-vscode]: Cannot register 'prettier.printWidth'. This property is already registered.
2025-01-22 23:00:43.831 [warning] [esbenp.prettier-vscode]: Cannot register 'prettier.tabWidth'. This property is already registered.
2025-01-22 23:00:43.831 [warning] [esbenp.prettier-vscode]: Cannot register 'prettier.singleQuote'. This property is already registered.
2025-01-22 23:00:43.831 [warning] [esbenp.prettier-vscode]: Cannot register 'prettier.trailingComma'. This property is already registered.
2025-01-22 23:00:43.833 [warning] [esbenp.prettier-vscode]: Cannot register 'prettier.bracketSpacing'. This property is already registered.
2025-01-22 23:00:43.834 [warning] [esbenp.prettier-vscode]: Cannot register 'prettier.jsxBracketSameLine'. This property is already registered.
2025-01-22 23:00:43.834 [warning] [esbenp.prettier-vscode]: Cannot register 'prettier.semi'. This property is already registered.
2025-01-22 23:00:43.834 [warning] [esbenp.prettier-vscode]: Cannot register 'prettier.useTabs'. This property is already registered.
2025-01-22 23:00:43.842 [warning] [twxs.cmake]: Cannot register 'cmake.cmakePath'. This property is already registered.
2025-01-22 23:00:46.417 [warning] Authentication provider sqltools-driver-credentials was not declared in the Extension Manifest.
2025-01-22 23:00:47.248 [info] Settings Sync: Token updated for the account migueacastro
2025-01-22 23:00:47.536 [info] Settings Sync: Account status changed from uninitialized to available
2025-01-22 23:00:49.199 [info] [perf] Render performance baseline is 97ms
2025-01-22 23:00:50.283 [info] Settings Sync: Token updated for the account migueacastro
2025-01-22 23:00:53.558 [warning] Authentication provider codeium_auth was not declared in the Extension Manifest.
