2025-01-22 23:00:41.572 [info] Added views:outline in workbench.view.explorer
2025-01-22 23:00:41.572 [info] Added views:workbench.view.search in workbench.view.search
2025-01-22 23:00:41.572 [info] Added views:workbench.scm in workbench.view.scm
2025-01-22 23:00:41.572 [info] Added views:workbench.panel.markers.view in workbench.panel.markers
2025-01-22 23:00:41.572 [info] Added views:workbench.panel.output in workbench.panel.output
2025-01-22 23:00:41.572 [info] Added views:terminal in terminal
2025-01-22 23:00:41.572 [info] Added views:timeline in workbench.view.explorer
2025-01-22 23:00:41.572 [info] Added views:workbench.explorer.fileView in workbench.view.explorer
2025-01-22 23:00:42.028 [info] Added views:workbench.debug.welcome in workbench.view.debug
2025-01-22 23:00:43.925 [info] Added views:codeium.chatPanelView in workbench.view.extension.codeium
2025-01-22 23:00:43.925 [info] Added views:ddb50.debugView in workbench.view.extension.ddb50
2025-01-22 23:00:43.926 [info] Added views:github.codespaces.explorer in workbench.view.remote
2025-01-22 23:00:43.927 [info] Added views:dockerContainers,dockerImages,dockerRegistries,dockerNetworks,dockerVolumes,vscode-docker.views.dockerContexts,vscode-docker.views.help in workbench.view.extension.dockerView
2025-01-22 23:00:43.927 [info] Added views:dataworkspace.views.main in workbench.view.extension.dataworkspace
2025-01-22 23:00:43.928 [info] Added views:objectExplorer,queryHistory in workbench.view.extension.objectExplorer
2025-01-22 23:00:43.929 [info] Added views:targetsContainers,devVolumes in workbench.view.remote
2025-01-22 23:00:43.929 [info] Added views:remoteTargets in workbench.view.remote
2025-01-22 23:00:43.930 [info] Added views:sqltoolsViewConnectionExplorer,sqltoolsViewBookmarksExplorer,sqltoolsViewHistoryExplorer in workbench.view.extension.sqltoolsActivityBarContainer
2025-01-22 23:00:43.930 [info] Added views:sqltoolsViewConsoleMessages in workbench.view.extension.sqltoolsPanelContainer
2025-01-22 23:00:43.930 [info] Added views:rubberduck.chat in workbench.view.extension.rubberduck
2025-01-22 23:00:44.314 [info] Added views:workbench.panel.repl.view in workbench.panel.repl
2025-01-22 23:00:46.664 [info] Added views:~remote.forwardedPorts in ~remote.forwardedPortsContainer
2025-01-22 23:00:47.604 [info] Added views:workbench.scm.repositories,workbench.scm.history in workbench.view.scm
2025-01-22 23:00:54.050 [info] Added views:workbench.panel.comments in workbench.views.service.panel.def85be2-e7a1-45c6-b33f-a326acd3567d
2025-01-22 23:00:57.303 [info] Added views:workbench.view.testing in workbench.view.extension.test
2025-01-22 23:20:01.768 [info] Removed views:workbench.scm.history,workbench.scm.repositories from workbench.view.scm
2025-01-22 23:20:01.771 [info] Removed views:workbench.view.testing from workbench.view.extension.test
