2025-01-31 17:02:40.684 [info] Starting Python Locator /home/miguel/.vscode/extensions/ms-python.python-2024.22.2-linux-x64/python-env-tools/bin/pet server
2025-01-31 17:02:40.684 [info] Discovered env: /usr/bin/python
2025-01-31 17:02:40.684 [info] Discovered env: /bin/python
2025-01-31 17:02:40.684 [info] Discovered env: /bin/python3
2025-01-31 17:02:40.684 [info] Discovered env: /usr/bin/python3
2025-01-31 17:02:40.684 [info] Discovered env: /bin/python3.13
2025-01-31 17:02:40.684 [info] Discovered env: /usr/bin/python3.13
2025-01-31 17:02:41.719 [info] Env ("/sbin/python") in Path resolved as ResolvedPythonEnv { executable: "/sbin/python", prefix: "/usr", version: "3.13.1.final.0", is64_bit: true, symlinks: Some(["/sbin/python"]) } and reported as Some(GlobalPaths)
2025-01-31 17:02:41.736 [info] Discovered env: /sbin/python
2025-01-31 17:02:41.746 [info] Env ("/usr/sbin/python") in Path resolved as ResolvedPythonEnv { executable: "/usr/sbin/python", prefix: "/usr", version: "3.13.1.final.0", is64_bit: true, symlinks: Some(["/usr/sbin/python"]) } and reported as Some(GlobalPaths)
2025-01-31 17:02:41.747 [info] Discovered env: /usr/sbin/python
2025-01-31 17:02:41.748 [info] Resolved /bin/python3
2025-01-31 17:02:41.748 [info] Resolved /bin/python3.13
2025-01-31 17:02:41.749 [info] Resolved /usr/bin/python3
2025-01-31 17:02:41.749 [info] Resolved /usr/bin/python3.13
2025-01-31 17:02:41.750 [info] Resolved /usr/bin/python
2025-01-31 17:02:41.750 [info] Resolved /bin/python
2025-01-31 17:02:41.751 [info] Env ("/home/miguel/Desktop/repositories/dimpro-rest/backend/.venv/bin/python") in Path resolved as ResolvedPythonEnv { executable: "/home/miguel/Desktop/repositories/dimpro-rest/backend/.venv/bin/python", prefix: "/home/miguel/Desktop/repositories/dimpro-rest/backend/.venv", version: "3.13.1.final.0", is64_bit: true, symlinks: Some(["/home/miguel/Desktop/repositories/dimpro-rest/backend/.venv/bin/python", "/home/miguel/Desktop/repositories/dimpro-rest/backend/.venv/bin/python3", "/home/miguel/Desktop/repositories/dimpro-rest/backend/.venv/bin/python3.13"]) } and reported as None
2025-01-31 17:02:41.752 [info] Resolved Python Environment /home/miguel/Desktop/repositories/dimpro-rest/backend/.venv/bin/python
2025-01-31 17:02:41.835 [info] Env ("/sbin/python3") in Path resolved as ResolvedPythonEnv { executable: "/sbin/python3", prefix: "/usr", version: "3.13.1.final.0", is64_bit: true, symlinks: Some(["/sbin/python3"]) } and reported as Some(GlobalPaths)
2025-01-31 17:02:41.883 [info] Discovered env: /sbin/python3
2025-01-31 17:02:41.893 [info] Env ("/usr/sbin/python3") in Path resolved as ResolvedPythonEnv { executable: "/usr/sbin/python3", prefix: "/usr", version: "3.13.1.final.0", is64_bit: true, symlinks: Some(["/usr/sbin/python3"]) } and reported as Some(GlobalPaths)
2025-01-31 17:02:41.897 [info] Discovered env: /usr/sbin/python3
2025-01-31 17:02:41.902 [info] Env ("/usr/sbin/python3.13") in Path resolved as ResolvedPythonEnv { executable: "/usr/sbin/python3.13", prefix: "/usr", version: "3.13.1.final.0", is64_bit: true, symlinks: Some(["/usr/sbin/python3.13"]) } and reported as Some(GlobalPaths)
2025-01-31 17:02:41.904 [info] Discovered env: /usr/sbin/python3.13
2025-01-31 17:02:41.904 [info] Env ("/sbin/python3.13") in Path resolved as ResolvedPythonEnv { executable: "/sbin/python3.13", prefix: "/usr", version: "3.13.1.final.0", is64_bit: true, symlinks: Some(["/sbin/python3.13"]) } and reported as Some(GlobalPaths)
2025-01-31 17:02:41.904 [info] Discovered env: /sbin/python3.13
2025-01-31 17:02:41.907 [info] Locator Conda took 399.14902ms
2025-01-31 17:02:41.907 [info] Locator Homebrew took 90.562µs
2025-01-31 17:02:41.907 [info] Locator LinuxGlobal took 243.344911ms
2025-01-31 17:02:41.907 [info] Locator PipEnv took 17.405µs
2025-01-31 17:02:41.907 [info] Locator Poetry took 2.889713ms
2025-01-31 17:02:41.907 [info] Locator PyEnv took 3.470831ms
2025-01-31 17:02:41.907 [info] Locator Venv took 16.001µs
2025-01-31 17:02:41.907 [info] Locator VirtualEnv took 26.17µs
2025-01-31 17:02:41.907 [info] Locator VirtualEnvWrapper took 2.013323ms
2025-01-31 17:02:41.907 [info] Locator GlobalVirtualEnvs took 509.027µs
2025-01-31 17:02:41.907 [info] Locator Locators took 400.373337ms
2025-01-31 17:02:41.907 [info] Locator Path took 366.49127ms
2025-01-31 17:02:41.907 [info] Locator Workspaces took 3.382188ms
2025-01-31 17:02:41.908 [info] Refresh completed in 402ms
