2025-01-31 17:02:42.353 [info] (Client) Pylance async client (2024.12.1) started with python extension (2024.22.2)
2025-01-31 17:02:42.551 [info] [Info  - 5:02:42 PM] (3241) Server root directory: file:///home/miguel/.vscode/extensions/ms-python.vscode-pylance-2024.12.1/dist
2025-01-31 17:02:42.554 [info] [Info  - 5:02:42 PM] (3241) Pylance language server 2024.12.1 (pyright version 1.1.389, commit ce1325fc) starting
2025-01-31 17:02:42.561 [info] [Info  - 5:02:42 PM] (3241) Starting service instance "dimpro-rest"
2025-01-31 17:02:42.674 [info] [Info  - 5:02:42 PM] (3241) Setting environmentName for service "dimpro-rest": "3.13.1 (global)"
2025-01-31 17:02:42.675 [info] [Info  - 5:02:42 PM] (3241) Setting pythonPath for service "dimpro-rest": "/home/miguel/Desktop/repositories/dimpro-rest/backend/.venv/bin/python"
2025-01-31 17:02:42.675 [info] [Info  - 5:02:42 PM] (3241) No include entries specified; assuming /home/miguel/Desktop/repositories/dimpro-rest
2025-01-31 17:02:42.676 [info] [Info  - 5:02:42 PM] (3241) Auto-excluding **/node_modules
2025-01-31 17:02:42.676 [info] [Info  - 5:02:42 PM] (3241) Auto-excluding **/__pycache__
2025-01-31 17:02:42.676 [info] [Info  - 5:02:42 PM] (3241) Auto-excluding **/.*
2025-01-31 17:02:42.817 [info] [Info  - 5:02:42 PM] (3241) Auto-excluding /home/miguel/Desktop/repositories/dimpro-rest/backend/venv
2025-01-31 17:02:42.834 [info] [Info  - 5:02:42 PM] (3241) Found 27 source files
2025-01-31 17:02:43.524 [info] [Info  - 5:02:43 PM] (3241) Background analysis(1) root directory: file:///home/miguel/.vscode/extensions/ms-python.vscode-pylance-2024.12.1/dist
2025-01-31 17:02:43.525 [info] [Info  - 5:02:43 PM] (3241) Background analysis(1) started
2025-01-31 17:02:43.711 [info] [Info  - 5:02:43 PM] (3241) Indexer background runner(2) root directory: file:///home/miguel/.vscode/extensions/ms-python.vscode-pylance-2024.12.1/dist (index)
2025-01-31 17:02:43.711 [info] [Info  - 5:02:43 PM] (3241) Indexing(2) started
2025-01-31 17:02:44.504 [info] [Info  - 5:02:44 PM] (3241) scanned(2) 1 files over 1 exec env
2025-01-31 17:02:44.788 [info] [Info  - 5:02:44 PM] (3241) indexed(2) 1 files over 1 exec env
2025-01-31 17:02:44.832 [info] [Info  - 5:02:44 PM] (3241) Indexing finished(2).
2025-01-31 17:02:46.649 [info] [Info  - 5:02:46 PM] (3241) Starting service instance "<default>"
2025-01-31 17:02:46.669 [info] [Info  - 5:02:46 PM] (3241) Setting environmentName for service "<default>": "3.13.1 (global)"
2025-01-31 17:02:46.669 [info] [Info  - 5:02:46 PM] (3241) Setting pythonPath for service "<default>": "/home/miguel/Desktop/repositories/dimpro-rest/backend/.venv/bin/python"
2025-01-31 17:02:46.670 [info] [Info  - 5:02:46 PM] (3241) No include entries specified; assuming /<default workspace root>
2025-01-31 17:02:46.670 [info] [Info  - 5:02:46 PM] (3241) Auto-excluding **/node_modules
2025-01-31 17:02:46.670 [info] [Info  - 5:02:46 PM] (3241) Auto-excluding **/__pycache__
2025-01-31 17:02:46.670 [info] [Info  - 5:02:46 PM] (3241) Auto-excluding **/.*
2025-01-31 17:02:46.705 [info] [Error - 5:02:46 PM] (3241) File or directory "/<default workspace root>" does not exist.
2025-01-31 17:02:46.707 [info] [Info  - 5:02:46 PM] (3241) No source files found.
2025-01-31 17:02:47.371 [info] [Info  - 5:02:47 PM] (3241) Background analysis(3) root directory: file:///home/miguel/.vscode/extensions/ms-python.vscode-pylance-2024.12.1/dist
2025-01-31 17:02:47.375 [info] [Info  - 5:02:47 PM] (3241) Background analysis(3) started
2025-01-31 17:05:30.826 [info] [Info  - 5:05:30 PM] (3241) Auto-excluding /home/miguel/Desktop/repositories/dimpro-rest/backend/venv
2025-01-31 17:05:30.834 [info] [Info  - 5:05:30 PM] (3241) Found 28 source files
2025-01-31 17:06:45.934 [info] [Info  - 5:06:45 PM] (3241) Auto-excluding /home/miguel/Desktop/repositories/dimpro-rest/backend/venv
2025-01-31 17:06:45.940 [info] [Info  - 5:06:45 PM] (3241) Found 29 source files
