2025-01-23 23:43:12.637 [info] Added views:outline in workbench.view.explorer
2025-01-23 23:43:12.637 [info] Added views:workbench.view.search in workbench.view.search
2025-01-23 23:43:12.637 [info] Added views:workbench.scm in workbench.view.scm
2025-01-23 23:43:12.637 [info] Added views:workbench.panel.markers.view in workbench.panel.markers
2025-01-23 23:43:12.637 [info] Added views:workbench.panel.output in workbench.panel.output
2025-01-23 23:43:12.637 [info] Added views:terminal in terminal
2025-01-23 23:43:12.637 [info] Added views:timeline in workbench.view.explorer
2025-01-23 23:43:12.637 [info] Added views:workbench.explorer.fileView in workbench.view.explorer
2025-01-23 23:43:13.024 [info] Added views:workbench.debug.welcome in workbench.view.debug
2025-01-23 23:43:15.209 [info] Added views:ddb50.debugView in workbench.view.extension.ddb50
2025-01-23 23:43:15.209 [info] Added views:github.codespaces.explorer in workbench.view.remote
2025-01-23 23:43:15.210 [info] Added views:dockerContainers,dockerImages,dockerRegistries,dockerNetworks,dockerVolumes,vscode-docker.views.dockerContexts,vscode-docker.views.help in workbench.view.extension.dockerView
2025-01-23 23:43:15.211 [info] Added views:dataworkspace.views.main in workbench.view.extension.dataworkspace
2025-01-23 23:43:15.211 [info] Added views:objectExplorer,queryHistory in workbench.view.extension.objectExplorer
2025-01-23 23:43:15.211 [info] Added views:targetsContainers,devVolumes in workbench.view.remote
2025-01-23 23:43:15.212 [info] Added views:remoteTargets in workbench.view.remote
2025-01-23 23:43:15.212 [info] Added views:sqltoolsViewConnectionExplorer,sqltoolsViewBookmarksExplorer,sqltoolsViewHistoryExplorer in workbench.view.extension.sqltoolsActivityBarContainer
2025-01-23 23:43:15.213 [info] Added views:sqltoolsViewConsoleMessages in workbench.view.extension.sqltoolsPanelContainer
2025-01-23 23:43:15.213 [info] Added views:rubberduck.chat in workbench.view.extension.rubberduck
2025-01-23 23:43:15.781 [info] Added views:workbench.panel.repl.view in workbench.panel.repl
2025-01-23 23:43:18.706 [info] Added views:~remote.forwardedPorts in ~remote.forwardedPortsContainer
2025-01-23 23:43:20.722 [info] Added views:workbench.scm.repositories,workbench.scm.history in workbench.view.scm
2025-01-23 23:43:46.910 [info] Removed views:workbench.scm.history,workbench.scm.repositories from workbench.view.scm
