2025-01-31 17:16:10.887 [info] Reading sessions from keychain...
2025-01-31 17:16:10.887 [info] Getting sessions for all scopes...
2025-01-31 17:16:10.887 [info] Getting sessions for all scopes...
2025-01-31 17:16:10.887 [info] Getting sessions for all scopes...
2025-01-31 17:16:10.887 [info] Getting sessions for all scopes...
2025-01-31 17:16:10.887 [info] Getting sessions for all scopes...
2025-01-31 17:16:10.887 [info] Getting sessions for all scopes...
2025-01-31 17:16:10.887 [info] Getting sessions for all scopes...
2025-01-31 17:16:10.887 [info] Got stored sessions!
2025-01-31 17:16:10.887 [info] Got 2 verified sessions.
2025-01-31 17:16:10.887 [info] Got 2 sessions for ...
2025-01-31 17:16:10.887 [info] Got 2 sessions for ...
2025-01-31 17:16:10.887 [info] Got 2 sessions for ...
2025-01-31 17:16:10.887 [info] Got 2 sessions for ...
2025-01-31 17:16:10.887 [info] Got 2 sessions for ...
2025-01-31 17:16:10.887 [info] Got 2 sessions for ...
2025-01-31 17:16:10.887 [info] Got 2 sessions for ...
2025-01-31 17:16:10.887 [info] Getting sessions for all scopes...
2025-01-31 17:16:10.887 [info] Got 2 sessions for ...
2025-01-31 17:16:10.887 [info] Getting sessions for user:email...
2025-01-31 17:16:10.887 [info] Got 1 sessions for user:email...
2025-01-31 17:16:11.725 [info] Getting sessions for all scopes...
2025-01-31 17:16:11.725 [info] Got 2 sessions for ...
2025-01-31 17:16:12.729 [info] Getting sessions for read:user,repo,user:email,workflow...
2025-01-31 17:16:12.729 [info] Got 1 sessions for read:user,repo,user:email,workflow...
2025-01-31 17:16:12.741 [info] Getting sessions for user:email...
2025-01-31 17:16:12.742 [info] Got 1 sessions for user:email...
2025-01-31 17:16:12.790 [info] Getting sessions for user:email...
2025-01-31 17:16:12.790 [info] Got 1 sessions for user:email...
2025-01-31 17:16:14.604 [info] Getting sessions for read:user,repo,user:email,workflow...
2025-01-31 17:16:14.604 [info] Got 1 sessions for read:user,repo,user:email,workflow...
