2025-01-22 12:00:19.232 [info] [main] Log level: Info
2025-01-22 12:00:19.232 [info] [main] Validating found git in: "git"
2025-01-22 12:00:19.232 [info] [main] Using git "2.48.1" from "git"
2025-01-22 12:00:19.232 [info] [Model][doInitialScan] Initial repository scan started
2025-01-22 12:00:19.232 [info] > git rev-parse --show-toplevel [87ms]
2025-01-22 12:00:19.232 [info] > git rev-parse --git-dir --git-common-dir [30ms]
2025-01-22 12:00:19.232 [info] [Model][openRepository] Opened repository: /home/miguel/Desktop/repositories/dimpro-rest
2025-01-22 12:00:19.242 [info] > git rev-parse --show-toplevel [27ms]
2025-01-22 12:00:19.251 [info] > git config --get commit.template [68ms]
2025-01-22 12:00:20.373 [info] > git for-each-ref --format=%(refname)%00%(upstream:short)%00%(objectname)%00%(upstream:track)%00%(upstream:remotename)%00%(upstream:remoteref) refs/heads/cambios-miguel refs/remotes/cambios-miguel [53ms]
2025-01-22 12:00:20.375 [info] > git rev-parse --show-toplevel [1087ms]
2025-01-22 12:00:20.782 [info] > git rev-parse --show-toplevel [96ms]
2025-01-22 12:00:20.794 [info] [Model][doInitialScan] Initial repository scan completed - repositories (1), closed repositories (0), parent repositories (0), unsafe repositories (0)
2025-01-22 12:00:20.996 [info] > git show --textconv :frontend/src/routes/(app)/+layout.svelte [189ms]
2025-01-22 12:00:20.999 [info] > git ls-files --stage -- /home/miguel/Desktop/repositories/dimpro-rest/frontend/src/routes/(app)/+layout.svelte [165ms]
2025-01-22 12:00:21.090 [info] > git check-ignore -v -z --stdin [49ms]
2025-01-22 12:00:21.093 [info] > git status -z -uall [31ms]
2025-01-22 12:00:21.096 [info] > git cat-file -s fd8d0b793957d1263675b4d8325570e51d613f91 [80ms]
2025-01-22 12:00:21.127 [info] > git for-each-ref --sort -committerdate --format %(refname) %(objectname) %(*objectname) [47ms]
2025-01-22 12:00:21.224 [info] > git for-each-ref --format=%(refname)%00%(upstream:short)%00%(objectname)%00%(upstream:track)%00%(upstream:remotename)%00%(upstream:remoteref) refs/heads/cambios-miguel refs/remotes/cambios-miguel [60ms]
2025-01-22 12:00:21.421 [info] > git config --local branch.cambios-miguel.vscode-merge-base [186ms]
2025-01-22 12:00:21.430 [info] > git config --get commit.template [230ms]
2025-01-22 12:00:21.434 [info] > git log --format=%H%n%aN%n%aE%n%at%n%ct%n%P%n%D%n%B -z -n126 --follow -- /home/miguel/Desktop/repositories/dimpro-rest/frontend/src/routes/(app)/+layout.svelte [311ms]
2025-01-22 12:00:21.568 [info] > git for-each-ref --format=%(refname)%00%(upstream:short)%00%(objectname)%00%(upstream:track)%00%(upstream:remotename)%00%(upstream:remoteref) refs/heads/origin/cambios-miguel refs/remotes/origin/cambios-miguel [138ms]
2025-01-22 12:00:21.609 [info] > git merge-base refs/heads/cambios-miguel refs/remotes/origin/cambios-miguel [31ms]
2025-01-22 12:00:21.625 [info] > git diff --name-status -z --diff-filter=ADMR 369b2936c7d1c308b9d961961189c44a03139ce7...refs/remotes/origin/cambios-miguel [5ms]
2025-01-22 12:00:21.626 [info] > git for-each-ref --format=%(refname)%00%(upstream:short)%00%(objectname)%00%(upstream:track)%00%(upstream:remotename)%00%(upstream:remoteref) refs/heads/cambios-miguel refs/remotes/cambios-miguel [24ms]
2025-01-22 12:00:21.877 [info] > git status -z -uall [93ms]
2025-01-22 12:00:21.878 [info] > git for-each-ref --sort -committerdate --format %(refname) %(objectname) %(*objectname) [69ms]
2025-01-22 12:00:21.975 [info] > git blame --root --incremental 369b2936c7d1c308b9d961961189c44a03139ce7 -- /home/miguel/Desktop/repositories/dimpro-rest/frontend/src/routes/(app)/+layout.svelte [114ms]
