[1738358168673] INFO  (ext): SQLTools is starting
[1738358168676] INFO  (ext): initializing language client...
[1738358168677] INFO  (ext): Registering client for languages [{"scheme":"sqltools"},{"language":"sql","scheme":"untitled"},{"language":"sql","scheme":"file"},{"language":"sql","scheme":"sqltools"}]
    ns: "lc"
[1738358168695] INFO  (ext): loading plugins...
[1738358168695] INFO  (ext): registering Formatter Plugin.
    plugin: {
      "name": "Formatter Plugin"
    }
[1738358168702] INFO  (ext): registering Connection Manager Plugin.
    plugin: {
      "name": "Connection Manager Plugin"
    }
[1738358168702] INFO  (ext): registering CodeLens Plugin.
    plugin: {
      "name": "CodeLens Plugin",
      "registeredLanguages": []
    }
[1738358168711] INFO  (ext): registering Dependency Manager Plugin.
    plugin: {
      "name": "Dependency Manager Plugin",
      "installingDrivers": []
    }
[1738358168721] INFO  (ext): Connection explorer changed. Will be updated.
    ns: "conn-man:explorer"
[1738358168725] INFO  (ext): registering History Manager Plugin.
    plugin: {
      "name": "History Manager Plugin"
    }
[1738358168726] INFO  (ext): registering Bookmarks Manager Plugin.
    plugin: {
      "name": "Bookmarks Manager Plugin"
    }
[1738358168734] INFO  (ext): registering Authentication Provider Plugin.
    plugin: {
      "name": "Authentication Provider Plugin",
      "isRegistered": false
    }
[1738358168740] INFO  (ext): registering Object Drop-in Provider (plugin).
    plugin: {
      "type": "plugin",
      "name": "Object Drop-in Provider",
      "isRegistered": false
    }
[1738358168748] INFO  (ext): SQLTools activation completed. 68.663235 ms
[1738358168748] INFO  (ext): Formatter Plugin registered!
[1738358168749] INFO  (ext): CodeLens Plugin registered!
[1738358168749] INFO  (ext): Dependency Manager Plugin registered!
[1738358168749] INFO  (ext): Connection Manager Plugin registered!
[1738358168749] INFO  (ext): History Manager Plugin registered!
[1738358168749] INFO  (ext): Bookmarks Manager Plugin registered!
[1738358168749] INFO  (ext): Authentication Provider Plugin registered!
[1738358168749] INFO  (ext): Object Drop-in Provider (plugin) registered!
[1738358169356] INFO  (ls): SQLTools Server started!
===============================
Using node runtime?: no
ExecPath: /opt/visual-studio-code/code 
===============================
[1738358169724] INFO  (ext): LanguageClient ready
    ns: "lc"
[1738358170647] INFO  (ext): registering SQL Server/Azure Plugin (driver).
    plugin: {
      "extensionId": "mtxr.sqltools-driver-mssql",
      "name": "SQL Server/Azure Plugin",
      "type": "driver"
    }
[1738358170649] INFO  (ext): registering MySQL/MariaDB/TiDB Plugin (driver).
    plugin: {
      "extensionId": "mtxr.sqltools-driver-mysql",
      "name": "MySQL/MariaDB/TiDB Plugin",
      "type": "driver"
    }
[1738358169709] INFO  (ls): Initialized with node version:v20.18.1
[1738358170649] INFO  (ls): REQUEST RECEIVED => ls/RegisterPlugin
[1738358170649] INFO  (ls): request to register plugin: "/home/miguel/.vscode/extensions/mtxr.sqltools-driver-mssql-0.4.3/out/ls/plugin.js"
[1738358170882] INFO  (ext): Connection explorer changed. Will be updated.
    ns: "conn-man:explorer"
[1738358170881] INFO  (ls): Driver mssql registered!
    place: "driver-map"
    ns: "ls-context"
[1738358170891] INFO  (ls): REQUEST RECEIVED => ls/RegisterPlugin
[1738358170891] INFO  (ls): request to register plugin: "/home/miguel/.vscode/extensions/mtxr.sqltools-driver-mysql-0.6.3/out/ls/plugin.js"
[1738358170895] INFO  (ext): SQL Server/Azure Plugin (driver) registered!
[1738358171134] INFO  (ls): Driver mysql registered!
    place: "driver-map"
    ns: "ls-context"
[1738358171134] INFO  (ls): Driver mariadb registered!
    place: "driver-map"
    ns: "ls-context"
[1738358171134] INFO  (ls): Driver tidb registered!
    place: "driver-map"
    ns: "ls-context"
[1738358171554] INFO  (ext): MySQL/MariaDB/TiDB Plugin (driver) registered!
[1738358171643] INFO  (ext): Connection explorer changed. Will be updated.
    ns: "conn-man:explorer"
[1738358171809] INFO  (ext): Connection explorer changed. Will be updated.
    ns: "conn-man:explorer"
[1738358172557] INFO  (ext): EXECUTING COMMAND => sqltools.refreshTree
[1738358172557] INFO  (ext): Connection explorer changed. Will be updated.
    ns: "conn-man:explorer"
[1738358207683] INFO  (ext): Connection explorer changed. Will be updated.
    ns: "conn-man:explorer"
