2025-01-23 23:30:41.215 [info] Reading sessions from keychain...
2025-01-23 23:30:41.215 [info] Getting sessions for all scopes...
2025-01-23 23:30:41.215 [info] Getting sessions for all scopes...
2025-01-23 23:30:41.215 [info] Getting sessions for all scopes...
2025-01-23 23:30:41.215 [info] Getting sessions for all scopes...
2025-01-23 23:30:41.215 [info] Getting sessions for all scopes...
2025-01-23 23:30:41.215 [info] Getting sessions for all scopes...
2025-01-23 23:30:41.215 [info] Getting sessions for all scopes...
2025-01-23 23:30:41.215 [info] Got stored sessions!
2025-01-23 23:30:41.215 [info] Got 2 verified sessions.
2025-01-23 23:30:41.215 [info] Got 2 sessions for ...
2025-01-23 23:30:41.215 [info] Got 2 sessions for ...
2025-01-23 23:30:41.215 [info] Got 2 sessions for ...
2025-01-23 23:30:41.215 [info] Got 2 sessions for ...
2025-01-23 23:30:41.215 [info] Got 2 sessions for ...
2025-01-23 23:30:41.215 [info] Got 2 sessions for ...
2025-01-23 23:30:41.215 [info] Got 2 sessions for ...
2025-01-23 23:30:43.777 [info] Getting sessions for all scopes...
2025-01-23 23:30:43.777 [info] Got 2 sessions for ...
2025-01-23 23:30:46.042 [info] Getting sessions for user:email...
2025-01-23 23:30:46.042 [info] Got 1 sessions for user:email...
2025-01-23 23:30:52.972 [info] Getting sessions for read:user,repo,user:email,workflow...
2025-01-23 23:30:52.972 [info] Got 1 sessions for read:user,repo,user:email,workflow...
2025-01-23 23:30:53.270 [info] Getting sessions for all scopes...
2025-01-23 23:30:53.270 [info] Got 2 sessions for ...
2025-01-23 23:30:54.085 [info] Getting sessions for user:email...
2025-01-23 23:30:54.085 [info] Got 1 sessions for user:email...
2025-01-23 23:30:54.103 [info] Getting sessions for user:email...
2025-01-23 23:30:54.103 [info] Got 1 sessions for user:email...
2025-01-23 23:30:54.912 [info] Getting sessions for read:user,repo,user:email,workflow...
2025-01-23 23:30:54.912 [info] Got 1 sessions for read:user,repo,user:email,workflow...
