2025-01-22 12:00:18.901 [info] Reading sessions from keychain...
2025-01-22 12:00:18.901 [info] Getting sessions for all scopes...
2025-01-22 12:00:18.901 [info] Getting sessions for all scopes...
2025-01-22 12:00:18.901 [info] Getting sessions for all scopes...
2025-01-22 12:00:18.901 [info] Getting sessions for all scopes...
2025-01-22 12:00:18.901 [info] Getting sessions for all scopes...
2025-01-22 12:00:18.901 [info] Getting sessions for all scopes...
2025-01-22 12:00:18.901 [info] Getting sessions for all scopes...
2025-01-22 12:00:18.901 [info] Got stored sessions!
2025-01-22 12:00:18.901 [info] Got 2 verified sessions.
2025-01-22 12:00:18.901 [info] Got 2 sessions for ...
2025-01-22 12:00:18.901 [info] Got 2 sessions for ...
2025-01-22 12:00:18.901 [info] Got 2 sessions for ...
2025-01-22 12:00:18.901 [info] Got 2 sessions for ...
2025-01-22 12:00:18.901 [info] Got 2 sessions for ...
2025-01-22 12:00:18.901 [info] Got 2 sessions for ...
2025-01-22 12:00:18.901 [info] Got 2 sessions for ...
2025-01-22 12:00:18.901 [info] Getting sessions for all scopes...
2025-01-22 12:00:18.901 [info] Got 2 sessions for ...
2025-01-22 12:00:20.632 [info] Getting sessions for user:email...
2025-01-22 12:00:20.632 [info] Got 1 sessions for user:email...
2025-01-22 12:00:21.826 [info] Getting sessions for read:user,repo,user:email,workflow...
2025-01-22 12:00:21.826 [info] Got 1 sessions for read:user,repo,user:email,workflow...
2025-01-22 12:00:22.627 [info] Getting sessions for all scopes...
2025-01-22 12:00:22.628 [info] Got 2 sessions for ...
2025-01-22 12:00:22.699 [info] Getting sessions for user:email...
2025-01-22 12:00:22.699 [info] Got 1 sessions for user:email...
2025-01-22 12:00:22.715 [info] Getting sessions for user:email...
2025-01-22 12:00:22.718 [info] Got 1 sessions for user:email...
2025-01-22 12:00:23.233 [info] Getting sessions for read:user,repo,user:email,workflow...
2025-01-22 12:00:23.235 [info] Got 1 sessions for read:user,repo,user:email,workflow...
