[1738357256735] INFO  (ext): SQLTools is starting
[1738357256738] INFO  (ext): initializing language client...
[1738357256740] INFO  (ext): Registering client for languages [{"scheme":"sqltools"},{"language":"sql","scheme":"untitled"},{"language":"sql","scheme":"file"},{"language":"sql","scheme":"sqltools"}]
    ns: "lc"
[1738357256745] INFO  (ext): loading plugins...
[1738357256746] INFO  (ext): registering Formatter Plugin.
    plugin: {
      "name": "Formatter Plugin"
    }
[1738357256746] INFO  (ext): registering Connection Manager Plugin.
    plugin: {
      "name": "Connection Manager Plugin"
    }
[1738357256747] INFO  (ext): registering CodeLens Plugin.
    plugin: {
      "name": "CodeLens Plugin",
      "registeredLanguages": []
    }
[1738357256748] INFO  (ext): registering Dependency Manager Plugin.
    plugin: {
      "name": "Dependency Manager Plugin",
      "installingDrivers": []
    }
[1738357256751] INFO  (ext): Connection explorer changed. Will be updated.
    ns: "conn-man:explorer"
[1738357256753] INFO  (ext): registering History Manager Plugin.
    plugin: {
      "name": "History Manager Plugin"
    }
[1738357256754] INFO  (ext): registering Bookmarks Manager Plugin.
    plugin: {
      "name": "Bookmarks Manager Plugin"
    }
[1738357256756] INFO  (ext): registering Authentication Provider Plugin.
    plugin: {
      "name": "Authentication Provider Plugin",
      "isRegistered": false
    }
[1738357256756] INFO  (ext): registering Object Drop-in Provider (plugin).
    plugin: {
      "type": "plugin",
      "name": "Object Drop-in Provider",
      "isRegistered": false
    }
[1738357256758] INFO  (ext): SQLTools activation completed. 22.204086 ms
[1738357256758] INFO  (ext): Formatter Plugin registered!
[1738357256758] INFO  (ext): CodeLens Plugin registered!
[1738357256758] INFO  (ext): Dependency Manager Plugin registered!
[1738357256759] INFO  (ext): Connection Manager Plugin registered!
[1738357256759] INFO  (ext): History Manager Plugin registered!
[1738357256759] INFO  (ext): Bookmarks Manager Plugin registered!
[1738357256759] INFO  (ext): Authentication Provider Plugin registered!
[1738357256759] INFO  (ext): Object Drop-in Provider (plugin) registered!
[1738357257138] INFO  (ext): registering SQL Server/Azure Plugin (driver).
    plugin: {
      "extensionId": "mtxr.sqltools-driver-mssql",
      "name": "SQL Server/Azure Plugin",
      "type": "driver"
    }
[1738357257140] INFO  (ext): registering MySQL/MariaDB/TiDB Plugin (driver).
    plugin: {
      "extensionId": "mtxr.sqltools-driver-mysql",
      "name": "MySQL/MariaDB/TiDB Plugin",
      "type": "driver"
    }
[1738357257116] INFO  (ls): SQLTools Server started!
===============================
Using node runtime?: no
ExecPath: /opt/visual-studio-code/code 
===============================
[1738357257194] INFO  (ext): LanguageClient ready
    ns: "lc"
[1738357257190] INFO  (ls): Initialized with node version:v20.18.1
[1738357257197] INFO  (ls): REQUEST RECEIVED => ls/RegisterPlugin
[1738357257198] INFO  (ls): request to register plugin: "/home/miguel/.vscode/extensions/mtxr.sqltools-driver-mssql-0.4.3/out/ls/plugin.js"
[1738357257532] INFO  (ls): Driver mssql registered!
    place: "driver-map"
    ns: "ls-context"
[1738357257539] INFO  (ext): SQL Server/Azure Plugin (driver) registered!
[1738357257540] INFO  (ls): REQUEST RECEIVED => ls/RegisterPlugin
[1738357257544] INFO  (ls): request to register plugin: "/home/miguel/.vscode/extensions/mtxr.sqltools-driver-mysql-0.6.3/out/ls/plugin.js"
[1738357257822] INFO  (ls): Driver mysql registered!
    place: "driver-map"
    ns: "ls-context"
[1738357257823] INFO  (ls): Driver mariadb registered!
    place: "driver-map"
    ns: "ls-context"
[1738357257823] INFO  (ls): Driver tidb registered!
    place: "driver-map"
    ns: "ls-context"
[1738357259203] INFO  (ext): MySQL/MariaDB/TiDB Plugin (driver) registered!
[1738357259204] INFO  (ext): Connection explorer changed. Will be updated.
    ns: "conn-man:explorer"
[1738357260153] INFO  (ext): Connection explorer changed. Will be updated.
    ns: "conn-man:explorer"
[1738357260354] INFO  (ext): EXECUTING COMMAND => sqltools.refreshTree
[1738357260355] INFO  (ext): Connection explorer changed. Will be updated.
    ns: "conn-man:explorer"
