2025-01-27 01:13:42.565 [info] Reading sessions from keychain...
2025-01-27 01:13:42.565 [info] Getting sessions for all scopes...
2025-01-27 01:13:42.565 [info] Getting sessions for all scopes...
2025-01-27 01:13:42.565 [info] Getting sessions for all scopes...
2025-01-27 01:13:42.565 [info] Getting sessions for all scopes...
2025-01-27 01:13:42.566 [info] Getting sessions for all scopes...
2025-01-27 01:13:42.566 [info] Getting sessions for all scopes...
2025-01-27 01:13:42.566 [info] Getting sessions for all scopes...
2025-01-27 01:13:42.566 [info] Got stored sessions!
2025-01-27 01:13:42.566 [info] Got 2 verified sessions.
2025-01-27 01:13:42.566 [info] Got 2 sessions for ...
2025-01-27 01:13:42.566 [info] Got 2 sessions for ...
2025-01-27 01:13:42.566 [info] Got 2 sessions for ...
2025-01-27 01:13:42.566 [info] Got 2 sessions for ...
2025-01-27 01:13:42.566 [info] Got 2 sessions for ...
2025-01-27 01:13:42.566 [info] Got 2 sessions for ...
2025-01-27 01:13:42.566 [info] Got 2 sessions for ...
2025-01-27 01:13:43.960 [info] Getting sessions for all scopes...
2025-01-27 01:13:43.960 [info] Got 2 sessions for ...
2025-01-27 01:13:44.148 [info] Getting sessions for user:email...
2025-01-27 01:13:44.148 [info] Got 1 sessions for user:email...
2025-01-27 01:13:46.443 [info] Getting sessions for all scopes...
2025-01-27 01:13:46.443 [info] Got 2 sessions for ...
2025-01-27 01:13:47.952 [info] Getting sessions for read:user,repo,user:email,workflow...
2025-01-27 01:13:47.953 [info] Got 1 sessions for read:user,repo,user:email,workflow...
2025-01-27 01:13:47.961 [info] Getting sessions for user:email...
2025-01-27 01:13:47.961 [info] Got 1 sessions for user:email...
2025-01-27 01:13:48.028 [info] Getting sessions for user:email...
2025-01-27 01:13:48.028 [info] Got 1 sessions for user:email...
2025-01-27 01:13:48.753 [info] Getting sessions for read:user,repo,user:email,workflow...
2025-01-27 01:13:48.753 [info] Got 1 sessions for read:user,repo,user:email,workflow...
2025-01-27 01:14:10.810 [info] Reading sessions from keychain...
2025-01-27 01:14:10.810 [info] Getting sessions for all scopes...
2025-01-27 01:14:10.810 [info] Getting sessions for all scopes...
2025-01-27 01:14:10.810 [info] Got stored sessions!
2025-01-27 01:14:10.810 [info] Got 2 verified sessions.
2025-01-27 01:14:10.810 [info] Got 2 sessions for ...
2025-01-27 01:14:10.810 [info] Got 2 sessions for ...
2025-01-27 01:14:10.810 [info] Getting sessions for user:email...
2025-01-27 01:14:10.810 [info] Got 1 sessions for user:email...
2025-01-27 01:14:10.810 [info] Getting sessions for all scopes...
2025-01-27 01:14:10.810 [info] Got 2 sessions for ...
2025-01-27 01:14:10.810 [info] Getting sessions for all scopes...
2025-01-27 01:14:10.810 [info] Got 2 sessions for ...
2025-01-27 01:14:10.810 [info] Getting sessions for all scopes...
2025-01-27 01:14:10.810 [info] Got 2 sessions for ...
2025-01-27 01:14:10.810 [info] Getting sessions for all scopes...
2025-01-27 01:14:10.810 [info] Got 2 sessions for ...
2025-01-27 01:14:10.810 [info] Getting sessions for all scopes...
2025-01-27 01:14:10.810 [info] Got 2 sessions for ...
2025-01-27 01:14:11.448 [info] Getting sessions for user:email...
2025-01-27 01:14:11.448 [info] Got 1 sessions for user:email...
2025-01-27 01:14:11.488 [info] Getting sessions for user:email...
2025-01-27 01:14:11.488 [info] Got 1 sessions for user:email...
2025-01-27 01:14:11.533 [info] Getting sessions for all scopes...
2025-01-27 01:14:11.533 [info] Got 2 sessions for ...
