2025-01-31 17:16:03.361 [warning] Via 'product.json#extensionEnabledApiProposals' extension 'ms-vscode.vscode-selfhost-test-provider' wants API proposal 'attributableCoverage' but that proposal DOES NOT EXIST. Likely, the proposal has been finalized (check 'vscode.d.ts') or was abandoned.
2025-01-31 17:16:03.361 [warning] Via 'product.json#extensionEnabledApiProposals' extension 'ms-python.python' wants API proposal 'contribIssueReporter' but that proposal DOES NOT EXIST. Likely, the proposal has been finalized (check 'vscode.d.ts') or was abandoned.
2025-01-31 17:16:03.361 [warning] Via 'product.json#extensionEnabledApiProposals' extension 'ms-python.debugpy' wants API proposal 'contribIssueReporter' but that proposal DOES NOT EXIST. Likely, the proposal has been finalized (check 'vscode.d.ts') or was abandoned.
2025-01-31 17:16:04.189 [info] Started local extension host with pid 5110.
2025-01-31 17:16:05.904 [warning] [esbenp.prettier-vscode]: Cannot register 'prettier.printWidth'. This property is already registered.
2025-01-31 17:16:05.904 [warning] [esbenp.prettier-vscode]: Cannot register 'prettier.tabWidth'. This property is already registered.
2025-01-31 17:16:05.904 [warning] [esbenp.prettier-vscode]: Cannot register 'prettier.singleQuote'. This property is already registered.
2025-01-31 17:16:05.904 [warning] [esbenp.prettier-vscode]: Cannot register 'prettier.trailingComma'. This property is already registered.
2025-01-31 17:16:05.913 [warning] [esbenp.prettier-vscode]: Cannot register 'prettier.bracketSpacing'. This property is already registered.
2025-01-31 17:16:05.914 [warning] [esbenp.prettier-vscode]: Cannot register 'prettier.jsxBracketSameLine'. This property is already registered.
2025-01-31 17:16:05.914 [warning] [esbenp.prettier-vscode]: Cannot register 'prettier.semi'. This property is already registered.
2025-01-31 17:16:05.914 [warning] [esbenp.prettier-vscode]: Cannot register 'prettier.useTabs'. This property is already registered.
2025-01-31 17:16:05.942 [warning] [twxs.cmake]: Cannot register 'cmake.cmakePath'. This property is already registered.
2025-01-31 17:16:08.772 [warning] Authentication provider sqltools-driver-credentials was not declared in the Extension Manifest.
2025-01-31 17:16:10.921 [info] Settings Sync: Token updated for the account migueacastro
2025-01-31 17:16:11.251 [info] Settings Sync: Account status changed from uninitialized to available
2025-01-31 17:16:11.542 [info] [perf] Render performance baseline is 95ms
2025-01-31 17:16:12.749 [info] Settings Sync: Token updated for the account migueacastro
2025-01-31 17:16:21.976 [error] [Extension Host] Ignoring inability to install OPFS sqlite3_vfs: The OPFS sqlite3_vfs cannot run in the main thread because it requires Atomics.wait().
2025-01-31 17:16:49.330 [error] [Extension Host] Ignoring inability to install OPFS sqlite3_vfs: The OPFS sqlite3_vfs cannot run in the main thread because it requires Atomics.wait().
2025-01-31 17:16:50.306 [error] [Extension Host] Ignoring inability to install OPFS sqlite3_vfs: The OPFS sqlite3_vfs cannot run in the main thread because it requires Atomics.wait().
2025-01-31 17:17:05.447 [error] [Extension Host] Ignoring inability to install OPFS sqlite3_vfs: The OPFS sqlite3_vfs cannot run in the main thread because it requires Atomics.wait().
2025-01-31 17:17:05.455 [error] [Extension Host] Ignoring inability to install OPFS sqlite3_vfs: The OPFS sqlite3_vfs cannot run in the main thread because it requires Atomics.wait().
2025-01-31 17:17:16.310 [error] [Extension Host] Ignoring inability to install OPFS sqlite3_vfs: The OPFS sqlite3_vfs cannot run in the main thread because it requires Atomics.wait().
2025-01-31 17:17:16.323 [error] [Extension Host] Ignoring inability to install OPFS sqlite3_vfs: The OPFS sqlite3_vfs cannot run in the main thread because it requires Atomics.wait().
2025-01-31 17:17:43.947 [error] [Extension Host] Ignoring inability to install OPFS sqlite3_vfs: The OPFS sqlite3_vfs cannot run in the main thread because it requires Atomics.wait().
2025-01-31 17:17:59.065 [error] [Extension Host] Ignoring inability to install OPFS sqlite3_vfs: The OPFS sqlite3_vfs cannot run in the main thread because it requires Atomics.wait().
