[89478][1735785949709][main][info]["Booting Postman 11.23.3, linux-6.12.7-zen1-1-zen on x64"]
[89478][1735785949712][main][info]["EventBus~initialize - Success"]
[89478][1735785949714][main][info]["Proxy configuration has not been setup"]
[89478][1735785949715][main][info]["CloudProxyManager~init - Success"]
[89478][1735785949754][main][info]["performShellDataMigration: Starting shell data migration"]
[89478][1735785949754][main][info]["migrateShellData:Starting"]
[89478][1735785949758][main][info]["migrateShellData: Old storage cleaned up"]
[89478][1735785949925][main][info]["migrateShellData: Got data from shell. Writing to storage"]
[89478][1735785949931][main][info]["performShellDataMigration: Migration successful on try count 1"]
[89478][1735785949938][main][info]["UpdateHandler~init - Success"]
[89478][1735785949940][main][info]["LeaderSelection: Initialized successfully"]
[89478][1735785949941][main][info]["VersionDependencyService: Initialized successfully"]
[89478][1735785949952][main][info]["GPU detected VID 32902 DID 35414 ACTIVE true"]
[89478][1735785949953][main][info]["shellController~init: Success"]
[89478][1735785949954][main][info]["shellMeta~init: Success"]
[89478][1735785949954][main][info]["partitionMigrationService: State of V7 partition:"]
[89478][1735785949954][main][info]["partitionMigrationService: V7 partitions",[]]
[89478][1735785949954][main][info]["partitionMigrationService~rectifyNamespaceOfScratchPadPartition: There is no partition with scratchpad namespace"]
[89478][1735785949954][main][info]["partitionMigrationService~rectifyNamespaceOfScratchPadPartition: There is no transit partition which could have been used for scratchpad"]
[89478][1735785949955][main][info]["partitionMigrationService~init: Success"]
[89478][1735785949955][main][info]["partitionMigrationService~runV8PartitionsIntegrity: Two way migration~ removing the following partitions from v8",[]]
[89478][1735785949955][main][info]["userPartitionService~_rectifyTheActivePartitionOfApplication: Setting the active partition to ",null]
[89478][1735785949973][main][info]["Generated root certificate for linux"]
[89478][1735785949976][main][info]["LinuxAutoUpdater~Cleanup - Initial cleanup successful"]
[89478][1735785949987][main][info]["newAccountRegionPreferenceService~getPreferenceWithFallback - Preference not found in storage."]
[89478][1735785949987][main][info]["newAccountRegionPreferenceService~getToggleMenuTemplate - Using preference:","useUSRegion"]
[89478][1735785949997][main][info]["userPartitionService~init: Success"]
[89478][1735785950015][main][info]["userPartitionService: State of v8 partition system:"]
[89478][1735785950015][main][info]["shell~init~getPartitionToLoad: loading scratchpad partition"]
[89478][1735785950016][main][info]["userPartitionService: List of partitions:",[]]
[89478][1735785950016][main][info]["userPartitionService: users global meta:",{}]
[89478][1735785950027][main][info]["Main:windowManager~newRequesterWindow: Fetch and update runtime config: undefined"]
[89478][1735785950262][main][info]["proxyCertificateService~ensureRootCAPresence: Deleting and creating new certificates"]
[89478][1735785952928][main][info]["RuntimeIPCAgent~started: Success"]
[89478][1735785952945][main][info]["Main~scratchpadThemeAction:: action: set, value: dark"]
[89478][1735785952949][main][info]["Main~scratchpadThemeAction:: action: set, value: dark"]
[89478][1735785952960][main][info]["Main~scratchpadThemeAction:: action: set, value: dark"]
[89478][1735785952980][main][info]["UpdateHandler~app-update-events - Received event",{"name":"checkForElectronVersionUpdated","namespace":"appUpdate"}]
[89478][1735785952986][main][info]["windowManager: First requester booted successfully."]
[89478][1735785952987][main][info]["windowManager~restoreWindows: Restoring requester windows"]
[89478][1735785952987][main][info]["Main~AppEvents - Received booted event for process requester.Version undefined UI Version: undefined Desktop Platform Version: 11.23.3"]
[89478][1735785959222][main][info]["VersionDependencyService: Resetting UI version as user logged out/switched account"]
[89478][1735785959222][main][info]["Main - model-events~user - (users, add) received"]
[89478][1735785959539][main][info]["AuthHandler~open: Received dom-ready event."]
[89478][1735785959541][main][info]["AuthHandler~open: Received did-finish-load event."]
[89478][1735785959647][main][warn]["AuthHandler~open: Current app is not default protocol client - Falling back to polling mechanism."]
[89478][1735785959649][main][info]["newAccountRegionPreferenceService~getPreferenceWithFallback - Preference not found in storage."]
[89478][1735785959649][main][info]["newAccountRegionPreferenceService~getRegionPreference - Using preference:","useUSRegion"]
[89478][1735785959650][main][info]["AuthHandler~open: new Account region preference:","us"]
[89478][1735785959650][main][info]["AuthHandler~open: get multiLoginToken token."]
[89478][1735785959650][main][info]["AuthHandler~open: Publishing initialize event to auth-window channel."]
[89478][1735785980670][main][info]["Shell~init~loginUser: associating the user ","37370664"," with transit partition"]
[89478][1735785980672][main][info]["userPartitionService~getNewPartitionId: creating a partition with userId and teamId as 0"]
[89478][1735785980695][main][info]["userPartitionService~associateTransitPartition: ",{"partitionId":"70a44735-2c1f-408d-860b-173256c8e9b3","context":{"namespace":"users","userId":"37370664","teamId":"0","region":"us"}}]
[89478][1735785980712][main][info]["userPartitionService: State of v8 partition system:"]
[89478][1735785980712][main][info]["userPartitionService: List of partitions:",[{"partitionId":"70a44735-2c1f-408d-860b-173256c8e9b3","namespace":"users","userId":"37370664","teamId":"0","lastUpdated":"2025-01-02T02:46:20.695Z"},{"partitionId":"322c17f4-5ceb-4f9a-bfee-c4f330ea2921","namespace":"scratchPad","userId":0,"teamId":0,"isDirty":false}]]
[89478][1735785980713][main][info]["userPartitionService: users global meta:",{}]
[89478][1735785980719][main][info]["Main:windowManager~newRequesterWindow: Fetch and update runtime config: us"]
[89478][1735785983350][main][info]["Main~getRemoteInitPath:: "]
[89478][1735785983456][main][info]["Main - model-events~user - (user, update) received"]
[89478][1735785983458][main][info]["Main~reload: https://desktop.postman.com/?desktopVersion=11.23.3&userId=37370664&teamId=0&region=us"]
[89478][1735785984424][main][info]["Main~getRemoteInitPath:: "]
[89478][1735785984515][main][info]["Main - model-events~user - (user, update) received"]
[89478][1735785984885][main][info]["UpdateHandler~app-update-events - Received event",{"name":"checkForElectronVersionUpdated","namespace":"appUpdate"}]
[89478][1735785984894][main][info]["INTERCEPTOR CONNECTIVITY: Connecting to Interceptor Bridge"]
[89478][1735785984910][main][info]["windowManager: First requester booted successfully."]
[89478][1735785984910][main][info]["windowManager~restoreWindows: Restoring requester windows"]
[89478][1735785984911][main][info]["Main~AppEvents - Received booted event for process requester.Version 11.23.3 UI Version: 11.23.3-ui-241218-0859 Desktop Platform Version: 11.23.3"]
[89478][1735785985037][main][info]["Main~getRemoteInitPath:: "]
[89478][1735785985482][main][info]["INTERCEPTOR CONNECTIVITY: Attempting to start websocket server on port 15611"]
[89478][1735785985996][main][info]["Main~getPlatformLaunchPerfMetrics"]
[89478][1735785986091][main][info]["Main - model-events~user - (user, bootstrapUser) received"]
[89478][1735785986092][main][info]["model-events~user - bootstrapUser received"]
[89478][1735785986093][main][info]["Main - model-events~user - (user, bootstrapUser) received"]
[89478][1735785986093][main][info]["model-events~user - bootstrapUser received"]
[89478][1735785989547][main][info]["WindowManager~closeHandler - Closed Window (id: 4 )"]
[89478][1735785989566][main][info]["Quitting app"]
[5721][1737045239722][main][info]["Booting Postman 11.23.3, linux-6.12.8-zen1-1-zen on x64"]
[5721][1737045239727][main][info]["EventBus~initialize - Success"]
[5721][1737045239735][main][info]["Proxy configuration has not been setup"]
[5721][1737045239736][main][info]["CloudProxyManager~init - Success"]
[5721][1737045239800][main][info]["performShellDataMigration: Migration has already been done. Bailing out"]
[5721][1737045239808][main][info]["UpdateHandler~init - Success"]
[5721][1737045239811][main][info]["LeaderSelection: Initialized successfully"]
[5721][1737045239812][main][info]["VersionDependencyService: Initialized successfully"]
[5721][1737045239826][main][info]["GPU detected VID 32902 DID 35414 ACTIVE true"]
[5721][1737045239827][main][info]["shellController~init: Success"]
[5721][1737045239827][main][info]["shellMeta~init: Success"]
[5721][1737045239827][main][info]["partitionMigrationService: State of V7 partition:"]
[5721][1737045239828][main][info]["partitionMigrationService: V7 partitions",[]]
[5721][1737045239828][main][info]["partitionMigrationService~rectifyNamespaceOfScratchPadPartition: There is no partition with scratchpad namespace"]
[5721][1737045239828][main][info]["partitionMigrationService~rectifyNamespaceOfScratchPadPartition: There is no transit partition which could have been used for scratchpad"]
[5721][1737045239828][main][info]["partitionMigrationService~init: Success"]
[5721][1737045239829][main][info]["partitionMigrationService~runV8PartitionsIntegrity: Two way migration~ removing the following partitions from v8",[]]
[5721][1737045239829][main][info]["userPartitionService~getRecentV8UserPartition: recent v8 user context partition ","70a44735-2c1f-408d-860b-173256c8e9b3"]
[5721][1737045239830][main][info]["userPartitionService~_rectifyTheActivePartitionOfApplication: Setting the active partition to ","70a44735-2c1f-408d-860b-173256c8e9b3"]
[5721][1737045239835][main][info]["LinuxAutoUpdater~Cleanup - Initial cleanup successful"]
[5721][1737045239841][main][info]["newAccountRegionPreferenceService~getPreferenceWithFallback - Preference not found in storage."]
[5721][1737045239841][main][info]["newAccountRegionPreferenceService~getToggleMenuTemplate - Using preference:","useUSRegion"]
[5721][1737045239853][main][info]["userPartitionService~init: Success"]
[5721][1737045239876][main][info]["userPartitionService: State of v8 partition system:"]
[5721][1737045239876][main][info]["shell~init~getPartitionToLoad: loading active partition"]
[5721][1737045239876][main][info]["userPartitionService: List of partitions:",[{"partitionId":"70a44735-2c1f-408d-860b-173256c8e9b3","namespace":"users","userId":"37370664","teamId":"0","lastUpdated":"2025-01-02T02:46:20.695Z"},{"partitionId":"322c17f4-5ceb-4f9a-bfee-c4f330ea2921","namespace":"scratchPad","userId":0,"teamId":0,"isDirty":false}]]
[5721][1737045239877][main][info]["userPartitionService: users global meta:",{}]
[5721][1737045239877][main][info]["Main:windowManager~newRequesterWindow: Fetch and update runtime config: us"]
[5721][1737045241468][main][info]["Main~getRemoteInitPath:: "]
[5721][1737045241542][main][info]["UpdateHandler~app-update-events - Received event",{"name":"checkForElectronVersionUpdated","namespace":"appUpdate"}]
[5721][1737045241550][main][info]["INTERCEPTOR CONNECTIVITY: Connecting to Interceptor Bridge"]
[5721][1737045241644][main][info]["windowManager: First requester booted successfully."]
[5721][1737045241645][main][info]["windowManager~restoreWindows: Restoring requester windows"]
[5721][1737045241649][main][info]["Main~AppEvents - Received booted event for process requester.Version 11.23.3 UI Version: 11.23.3-ui-241218-0859 Desktop Platform Version: 11.23.3"]
[5721][1737045241952][main][info]["Main~getRemoteInitPath:: "]
[5721][1737045242341][main][info]["INTERCEPTOR CONNECTIVITY: Attempting to start websocket server on port 15611"]
[5721][1737045242409][main][info]["Main~getPlatformLaunchPerfMetrics"]
[5721][1737045244199][main][info]["Main - model-events~user - (user, bootstrapUser) received"]
[5721][1737045244200][main][info]["model-events~user - bootstrapUser received"]
[5721][1737045250740][main][info]["RuntimeIPCAgent~started: Success"]
[5721][1737045250779][main][error]["Error while retrieving user key from keychain",{"name":"Error","message":"The name is not activatable","stack":"Error: The name is not activatable"}]
[5721][1737045251894][main][info]["UpdateHandler~app-update-events - Received event",{"name":"updateElectron","namespace":"appUpdate","data":{"channel":"stable","version":"11.23.3","downloadVersion":"11.28.3","appId":"18e00472-030f-490b-a6be-789241634e27","userAgent":"Mozilla/5.0 (X11; Linux x86_64) AppleWebKit/537.36 (KHTML, like Gecko) Postman/11.23.3 Electron/28.3.1 Safari/537.36","platform":"LINUX","arch":"64","downloadURL":"https://dl.pstmn.io/download/version/11.28.3/linux_64","updateServerDomain":"https://dl.pstmn.io/","additionalParamsString":"installationId=18e00472-030f-490b-a6be-789241634e27&userId=37370664&syncEnabled=true&teamPlan=&teamId=0","userId":"37370664"}}]
[5721][1737045251895][main][info]["LinuxUpdater~downloadUpdate - UpdateInfo received",{"channel":"stable","version":"11.23.3","downloadVersion":"11.28.3","appId":"18e00472-030f-490b-a6be-789241634e27","userAgent":"Mozilla/5.0 (X11; Linux x86_64) AppleWebKit/537.36 (KHTML, like Gecko) Postman/11.23.3 Electron/28.3.1 Safari/537.36","platform":"LINUX","arch":"64","downloadURL":"https://dl.pstmn.io/download/version/11.28.3/linux_64","updateServerDomain":"https://dl.pstmn.io/","additionalParamsString":"installationId=18e00472-030f-490b-a6be-789241634e27&userId=37370664&syncEnabled=true&teamPlan=&teamId=0","userId":"37370664"}]
[5721][1737045252121][main][info]["@postman/app-updater: error",{"errno":-13,"code":"EACCES","syscall":"open","path":"/opt/postman/Postman-1737045251895.tar.gz","name":"Error","message":"EACCES: permission denied, open '/opt/postman/Postman-1737045251895.tar.gz'","stack":"Error: EACCES: permission denied, open '/opt/postman/Postman-1737045251895.tar.gz'"},{"packageName":"Postman","eID":"Postman-1737045251895","downloadURL":"https://dl.pstmn.io/download/version/11.28.3/linux_64","downloadDirectory":"/opt/postman","downloadInfo":{"status":"DOWNLOAD_ERROR","error":{"errno":-13,"code":"EACCES","syscall":"open","path":"/opt/postman/Postman-1737045251895.tar.gz"},"downloadDirectory":"/opt/postman"}}]
[5721][1737045252122][main][info]["UpdateHandler~app-update-events - Received event",{"name":"electronAppUpdateError","namespace":"appUpdate","data":{"error":{"errno":-13,"code":"EACCES","syscall":"open","path":"/opt/postman/Postman-1737045251895.tar.gz","name":"Error","message":"EACCES: permission denied, open '/opt/postman/Postman-1737045251895.tar.gz'","stack":"Error: EACCES: permission denied, open '/opt/postman/Postman-1737045251895.tar.gz'"},"updateData":{"packageName":"Postman","eID":"Postman-1737045251895","downloadURL":"https://dl.pstmn.io/download/version/11.28.3/linux_64","downloadDirectory":"/opt/postman","downloadInfo":{"status":"DOWNLOAD_ERROR","error":{"errno":-13,"code":"EACCES","syscall":"open","path":"/opt/postman/Postman-1737045251895.tar.gz"},"downloadDirectory":"/opt/postman"}}}}]
[5721][1737093361753][main][info]["Quitting app"]
[7304][1737141834733][main][info]["Booting Postman 11.23.3, linux-6.12.8-zen1-1-zen on x64"]
[7304][1737141834736][main][info]["EventBus~initialize - Success"]
[7304][1737141834740][main][info]["Proxy configuration has not been setup"]
[7304][1737141834741][main][info]["CloudProxyManager~init - Success"]
[7304][1737141834794][main][info]["performShellDataMigration: Migration has already been done. Bailing out"]
[7304][1737141834800][main][info]["UpdateHandler~init - Success"]
[7304][1737141834803][main][info]["LeaderSelection: Initialized successfully"]
[7304][1737141834804][main][info]["VersionDependencyService: Initialized successfully"]
[7304][1737141834813][main][info]["GPU detected VID 32902 DID 35414 ACTIVE true"]
[7304][1737141834814][main][info]["shellController~init: Success"]
[7304][1737141834815][main][info]["shellMeta~init: Success"]
[7304][1737141834815][main][info]["partitionMigrationService: State of V7 partition:"]
[7304][1737141834815][main][info]["partitionMigrationService: V7 partitions",[]]
[7304][1737141834815][main][info]["partitionMigrationService~rectifyNamespaceOfScratchPadPartition: There is no partition with scratchpad namespace"]
[7304][1737141834815][main][info]["partitionMigrationService~rectifyNamespaceOfScratchPadPartition: There is no transit partition which could have been used for scratchpad"]
[7304][1737141834815][main][info]["partitionMigrationService~init: Success"]
[7304][1737141834816][main][info]["partitionMigrationService~runV8PartitionsIntegrity: Two way migration~ removing the following partitions from v8",[]]
[7304][1737141834816][main][info]["userPartitionService~getRecentV8UserPartition: recent v8 user context partition ","70a44735-2c1f-408d-860b-173256c8e9b3"]
[7304][1737141834816][main][info]["userPartitionService~_rectifyTheActivePartitionOfApplication: Setting the active partition to ","70a44735-2c1f-408d-860b-173256c8e9b3"]
[7304][1737141834819][main][info]["LinuxAutoUpdater~Cleanup - Initial cleanup successful"]
[7304][1737141834823][main][info]["newAccountRegionPreferenceService~getPreferenceWithFallback - Preference not found in storage."]
[7304][1737141834824][main][info]["newAccountRegionPreferenceService~getToggleMenuTemplate - Using preference:","useUSRegion"]
[7304][1737141834834][main][info]["userPartitionService~init: Success"]
[7304][1737141834854][main][info]["userPartitionService: State of v8 partition system:"]
[7304][1737141834854][main][info]["shell~init~getPartitionToLoad: loading active partition"]
[7304][1737141834854][main][info]["userPartitionService: List of partitions:",[{"partitionId":"70a44735-2c1f-408d-860b-173256c8e9b3","namespace":"users","userId":"37370664","teamId":"0","lastUpdated":"2025-01-02T02:46:20.695Z"},{"partitionId":"322c17f4-5ceb-4f9a-bfee-c4f330ea2921","namespace":"scratchPad","userId":0,"teamId":0,"isDirty":false}]]
[7304][1737141834855][main][info]["userPartitionService: users global meta:",{}]
[7304][1737141834855][main][info]["Main:windowManager~newRequesterWindow: Fetch and update runtime config: us"]
[7304][1737141835939][main][info]["Main~getRemoteInitPath:: "]
[7304][1737141836004][main][info]["UpdateHandler~app-update-events - Received event",{"name":"checkForElectronVersionUpdated","namespace":"appUpdate"}]
[7304][1737141836007][main][info]["INTERCEPTOR CONNECTIVITY: Connecting to Interceptor Bridge"]
[7304][1737141836024][main][info]["windowManager: First requester booted successfully."]
[7304][1737141836025][main][info]["windowManager~restoreWindows: Restoring requester windows"]
[7304][1737141836025][main][info]["Main~AppEvents - Received booted event for process requester.Version 11.23.3 UI Version: 11.23.3-ui-241218-0859 Desktop Platform Version: 11.23.3"]
[7304][1737141836110][main][info]["Main~getRemoteInitPath:: "]
[7304][1737141836598][main][info]["INTERCEPTOR CONNECTIVITY: Attempting to start websocket server on port 15611"]
[7304][1737141837650][main][info]["Main - model-events~user - (user, bootstrapUser) received"]
[7304][1737141837650][main][info]["model-events~user - bootstrapUser received"]
[7304][1737141837652][main][info]["Main~getPlatformLaunchPerfMetrics"]
[7304][1737141840298][main][info]["RuntimeIPCAgent~started: Success"]
[7304][1737141840612][main][error]["Error while retrieving user key from keychain",{"name":"Error","message":"The name is not activatable","stack":"Error: The name is not activatable"}]
[7304][1737141846361][main][info]["UpdateHandler~app-update-events - Received event",{"name":"updateElectron","namespace":"appUpdate","data":{"channel":"stable","version":"11.23.3","downloadVersion":"11.28.4","appId":"18e00472-030f-490b-a6be-789241634e27","userAgent":"Mozilla/5.0 (X11; Linux x86_64) AppleWebKit/537.36 (KHTML, like Gecko) Postman/11.23.3 Electron/28.3.1 Safari/537.36","platform":"LINUX","arch":"64","downloadURL":"https://dl.pstmn.io/download/version/11.28.4/linux_64","updateServerDomain":"https://dl.pstmn.io/","additionalParamsString":"installationId=18e00472-030f-490b-a6be-789241634e27&userId=37370664&syncEnabled=true&teamPlan=&teamId=0","userId":"37370664"}}]
[7304][1737141846362][main][info]["LinuxUpdater~downloadUpdate - UpdateInfo received",{"channel":"stable","version":"11.23.3","downloadVersion":"11.28.4","appId":"18e00472-030f-490b-a6be-789241634e27","userAgent":"Mozilla/5.0 (X11; Linux x86_64) AppleWebKit/537.36 (KHTML, like Gecko) Postman/11.23.3 Electron/28.3.1 Safari/537.36","platform":"LINUX","arch":"64","downloadURL":"https://dl.pstmn.io/download/version/11.28.4/linux_64","updateServerDomain":"https://dl.pstmn.io/","additionalParamsString":"installationId=18e00472-030f-490b-a6be-789241634e27&userId=37370664&syncEnabled=true&teamPlan=&teamId=0","userId":"37370664"}]
[7304][1737141846584][main][info]["@postman/app-updater: error",{"errno":-13,"code":"EACCES","syscall":"open","path":"/opt/postman/Postman-1737141846362.tar.gz","name":"Error","message":"EACCES: permission denied, open '/opt/postman/Postman-1737141846362.tar.gz'","stack":"Error: EACCES: permission denied, open '/opt/postman/Postman-1737141846362.tar.gz'"},{"packageName":"Postman","eID":"Postman-1737141846362","downloadURL":"https://dl.pstmn.io/download/version/11.28.4/linux_64","downloadDirectory":"/opt/postman","downloadInfo":{"status":"DOWNLOAD_ERROR","error":{"errno":-13,"code":"EACCES","syscall":"open","path":"/opt/postman/Postman-1737141846362.tar.gz"},"downloadDirectory":"/opt/postman"}}]
[7304][1737141846585][main][info]["UpdateHandler~app-update-events - Received event",{"name":"electronAppUpdateError","namespace":"appUpdate","data":{"error":{"errno":-13,"code":"EACCES","syscall":"open","path":"/opt/postman/Postman-1737141846362.tar.gz","name":"Error","message":"EACCES: permission denied, open '/opt/postman/Postman-1737141846362.tar.gz'","stack":"Error: EACCES: permission denied, open '/opt/postman/Postman-1737141846362.tar.gz'"},"updateData":{"packageName":"Postman","eID":"Postman-1737141846362","downloadURL":"https://dl.pstmn.io/download/version/11.28.4/linux_64","downloadDirectory":"/opt/postman","downloadInfo":{"status":"DOWNLOAD_ERROR","error":{"errno":-13,"code":"EACCES","syscall":"open","path":"/opt/postman/Postman-1737141846362.tar.gz"},"downloadDirectory":"/opt/postman"}}}}]
[7304][1737145878146][main][info]["WindowManager~closeHandler - Closed Window (id: 1 )"]
[7304][1737145878243][main][info]["Quitting app"]
[27444][1737167084679][main][info]["Booting Postman 11.23.3, linux-6.12.8-zen1-1-zen on x64"]
[27444][1737167084686][main][info]["EventBus~initialize - Success"]
[27444][1737167084693][main][info]["Proxy configuration has not been setup"]
[27444][1737167084694][main][info]["CloudProxyManager~init - Success"]
[27444][1737167084790][main][info]["performShellDataMigration: Migration has already been done. Bailing out"]
[27444][1737167084802][main][info]["UpdateHandler~init - Success"]
[27444][1737167084804][main][info]["LeaderSelection: Initialized successfully"]
[27444][1737167084805][main][info]["VersionDependencyService: Initialized successfully"]
[27444][1737167084818][main][info]["GPU detected VID 32902 DID 35414 ACTIVE true"]
[27444][1737167084820][main][info]["shellController~init: Success"]
[27444][1737167084821][main][info]["shellMeta~init: Success"]
[27444][1737167084821][main][info]["partitionMigrationService: State of V7 partition:"]
[27444][1737167084821][main][info]["partitionMigrationService: V7 partitions",[]]
[27444][1737167084821][main][info]["partitionMigrationService~rectifyNamespaceOfScratchPadPartition: There is no partition with scratchpad namespace"]
[27444][1737167084821][main][info]["partitionMigrationService~rectifyNamespaceOfScratchPadPartition: There is no transit partition which could have been used for scratchpad"]
[27444][1737167084821][main][info]["partitionMigrationService~init: Success"]
[27444][1737167084822][main][info]["partitionMigrationService~runV8PartitionsIntegrity: Two way migration~ removing the following partitions from v8",[]]
[27444][1737167084823][main][info]["userPartitionService~getRecentV8UserPartition: recent v8 user context partition ","70a44735-2c1f-408d-860b-173256c8e9b3"]
[27444][1737167084823][main][info]["userPartitionService~_rectifyTheActivePartitionOfApplication: Setting the active partition to ","70a44735-2c1f-408d-860b-173256c8e9b3"]
[27444][1737167084826][main][info]["LinuxAutoUpdater~Cleanup - Initial cleanup successful"]
[27444][1737167084835][main][info]["newAccountRegionPreferenceService~getPreferenceWithFallback - Preference not found in storage."]
[27444][1737167084835][main][info]["newAccountRegionPreferenceService~getToggleMenuTemplate - Using preference:","useUSRegion"]
[27444][1737167084857][main][info]["userPartitionService~init: Success"]
[27444][1737167084899][main][info]["userPartitionService: State of v8 partition system:"]
[27444][1737167084900][main][info]["shell~init~getPartitionToLoad: loading active partition"]
[27444][1737167084901][main][info]["userPartitionService: List of partitions:",[{"partitionId":"70a44735-2c1f-408d-860b-173256c8e9b3","namespace":"users","userId":"37370664","teamId":"0","lastUpdated":"2025-01-02T02:46:20.695Z"},{"partitionId":"322c17f4-5ceb-4f9a-bfee-c4f330ea2921","namespace":"scratchPad","userId":0,"teamId":0,"isDirty":false}]]
[27444][1737167084902][main][info]["userPartitionService: users global meta:",{}]
[27444][1737167084903][main][info]["Main:windowManager~newRequesterWindow: Fetch and update runtime config: us"]
[27444][1737167087571][main][info]["Main~getRemoteInitPath:: "]
[27444][1737167087693][main][info]["UpdateHandler~app-update-events - Received event",{"name":"checkForElectronVersionUpdated","namespace":"appUpdate"}]
[27444][1737167087701][main][info]["INTERCEPTOR CONNECTIVITY: Connecting to Interceptor Bridge"]
[27444][1737167087727][main][info]["windowManager: First requester booted successfully."]
[27444][1737167087730][main][info]["windowManager~restoreWindows: Restoring requester windows"]
[27444][1737167087732][main][info]["Main~AppEvents - Received booted event for process requester.Version 11.23.3 UI Version: 11.23.3-ui-241218-0859 Desktop Platform Version: 11.23.3"]
[27444][1737167087868][main][info]["Main~getRemoteInitPath:: "]
[27444][1737167088297][main][info]["INTERCEPTOR CONNECTIVITY: Attempting to start websocket server on port 15611"]
[27444][1737167090324][main][info]["Main - model-events~user - (user, bootstrapUser) received"]
[27444][1737167090325][main][info]["model-events~user - bootstrapUser received"]
[27444][1737167090569][main][info]["Main~getPlatformLaunchPerfMetrics"]
[27444][1737167094489][main][info]["RuntimeIPCAgent~started: Success"]
[27444][1737167094724][main][error]["Error while retrieving user key from keychain",{"name":"Error","message":"The name is not activatable","stack":"Error: The name is not activatable"}]
[27444][1737167098101][main][info]["UpdateHandler~app-update-events - Received event",{"name":"updateElectron","namespace":"appUpdate","data":{"channel":"stable","version":"11.23.3","downloadVersion":"11.28.4","appId":"18e00472-030f-490b-a6be-789241634e27","userAgent":"Mozilla/5.0 (X11; Linux x86_64) AppleWebKit/537.36 (KHTML, like Gecko) Postman/11.23.3 Electron/28.3.1 Safari/537.36","platform":"LINUX","arch":"64","downloadURL":"https://dl.pstmn.io/download/version/11.28.4/linux_64","updateServerDomain":"https://dl.pstmn.io/","additionalParamsString":"installationId=18e00472-030f-490b-a6be-789241634e27&userId=37370664&syncEnabled=true&teamPlan=&teamId=0","userId":"37370664"}}]
[27444][1737167098101][main][info]["LinuxUpdater~downloadUpdate - UpdateInfo received",{"channel":"stable","version":"11.23.3","downloadVersion":"11.28.4","appId":"18e00472-030f-490b-a6be-789241634e27","userAgent":"Mozilla/5.0 (X11; Linux x86_64) AppleWebKit/537.36 (KHTML, like Gecko) Postman/11.23.3 Electron/28.3.1 Safari/537.36","platform":"LINUX","arch":"64","downloadURL":"https://dl.pstmn.io/download/version/11.28.4/linux_64","updateServerDomain":"https://dl.pstmn.io/","additionalParamsString":"installationId=18e00472-030f-490b-a6be-789241634e27&userId=37370664&syncEnabled=true&teamPlan=&teamId=0","userId":"37370664"}]
[27444][1737167098365][main][info]["@postman/app-updater: error",{"errno":-13,"code":"EACCES","syscall":"open","path":"/opt/postman/Postman-1737167098102.tar.gz","name":"Error","message":"EACCES: permission denied, open '/opt/postman/Postman-1737167098102.tar.gz'","stack":"Error: EACCES: permission denied, open '/opt/postman/Postman-1737167098102.tar.gz'"},{"packageName":"Postman","eID":"Postman-1737167098102","downloadURL":"https://dl.pstmn.io/download/version/11.28.4/linux_64","downloadDirectory":"/opt/postman","downloadInfo":{"status":"DOWNLOAD_ERROR","error":{"errno":-13,"code":"EACCES","syscall":"open","path":"/opt/postman/Postman-1737167098102.tar.gz"},"downloadDirectory":"/opt/postman"}}]
[27444][1737167098368][main][info]["UpdateHandler~app-update-events - Received event",{"name":"electronAppUpdateError","namespace":"appUpdate","data":{"error":{"errno":-13,"code":"EACCES","syscall":"open","path":"/opt/postman/Postman-1737167098102.tar.gz","name":"Error","message":"EACCES: permission denied, open '/opt/postman/Postman-1737167098102.tar.gz'","stack":"Error: EACCES: permission denied, open '/opt/postman/Postman-1737167098102.tar.gz'"},"updateData":{"packageName":"Postman","eID":"Postman-1737167098102","downloadURL":"https://dl.pstmn.io/download/version/11.28.4/linux_64","downloadDirectory":"/opt/postman","downloadInfo":{"status":"DOWNLOAD_ERROR","error":{"errno":-13,"code":"EACCES","syscall":"open","path":"/opt/postman/Postman-1737167098102.tar.gz"},"downloadDirectory":"/opt/postman"}}}}]
[27444][1737171688373][main][info]["Quitting app"]
[49943][1738121153374][main][info]["Booting Postman 11.23.3, linux-6.12.10-zen1-1-zen on x64"]
[49943][1738121153378][main][info]["EventBus~initialize - Success"]
[49943][1738121153382][main][info]["Proxy configuration has not been setup"]
[49943][1738121153382][main][info]["CloudProxyManager~init - Success"]
[49943][1738121153438][main][info]["performShellDataMigration: Migration has already been done. Bailing out"]
[49943][1738121153444][main][info]["UpdateHandler~init - Success"]
[49943][1738121153448][main][info]["LeaderSelection: Initialized successfully"]
[49943][1738121153449][main][info]["VersionDependencyService: Initialized successfully"]
[49943][1738121153458][main][info]["GPU detected VID 32902 DID 35414 ACTIVE true"]
[49943][1738121153460][main][info]["shellController~init: Success"]
[49943][1738121153460][main][info]["shellMeta~init: Success"]
[49943][1738121153460][main][info]["partitionMigrationService: State of V7 partition:"]
[49943][1738121153460][main][info]["partitionMigrationService: V7 partitions",[]]
[49943][1738121153461][main][info]["partitionMigrationService~rectifyNamespaceOfScratchPadPartition: There is no partition with scratchpad namespace"]
[49943][1738121153461][main][info]["partitionMigrationService~rectifyNamespaceOfScratchPadPartition: There is no transit partition which could have been used for scratchpad"]
[49943][1738121153461][main][info]["partitionMigrationService~init: Success"]
[49943][1738121153461][main][info]["partitionMigrationService~runV8PartitionsIntegrity: Two way migration~ removing the following partitions from v8",[]]
[49943][1738121153462][main][info]["userPartitionService~getRecentV8UserPartition: recent v8 user context partition ","70a44735-2c1f-408d-860b-173256c8e9b3"]
[49943][1738121153462][main][info]["userPartitionService~_rectifyTheActivePartitionOfApplication: Setting the active partition to ","70a44735-2c1f-408d-860b-173256c8e9b3"]
[49943][1738121153465][main][info]["LinuxAutoUpdater~Cleanup - Initial cleanup successful"]
[49943][1738121153471][main][info]["newAccountRegionPreferenceService~getPreferenceWithFallback - Preference not found in storage."]
[49943][1738121153471][main][info]["newAccountRegionPreferenceService~getToggleMenuTemplate - Using preference:","useUSRegion"]
[49943][1738121153483][main][info]["userPartitionService~init: Success"]
[49943][1738121153507][main][info]["userPartitionService: State of v8 partition system:"]
[49943][1738121153508][main][info]["shell~init~getPartitionToLoad: loading active partition"]
[49943][1738121153508][main][info]["userPartitionService: List of partitions:",[{"partitionId":"70a44735-2c1f-408d-860b-173256c8e9b3","namespace":"users","userId":"37370664","teamId":"0","lastUpdated":"2025-01-02T02:46:20.695Z"},{"partitionId":"322c17f4-5ceb-4f9a-bfee-c4f330ea2921","namespace":"scratchPad","userId":0,"teamId":0,"isDirty":false}]]
[49943][1738121153509][main][info]["userPartitionService: users global meta:",{}]
[49943][1738121153509][main][info]["Main:windowManager~newRequesterWindow: Fetch and update runtime config: us"]
[49943][1738121155048][main][info]["Main~getRemoteInitPath:: "]
[49943][1738121155140][main][info]["UpdateHandler~app-update-events - Received event",{"name":"checkForElectronVersionUpdated","namespace":"appUpdate"}]
[49943][1738121155147][main][info]["INTERCEPTOR CONNECTIVITY: Connecting to Interceptor Bridge"]
[49943][1738121155171][main][info]["windowManager: First requester booted successfully."]
[49943][1738121155172][main][info]["windowManager~restoreWindows: Restoring requester windows"]
[49943][1738121155174][main][info]["Main~AppEvents - Received booted event for process requester.Version 11.23.3 UI Version: 11.23.3-ui-241218-0859 Desktop Platform Version: 11.23.3"]
[49943][1738121155294][main][info]["Main~getRemoteInitPath:: "]
[49943][1738121155712][main][info]["INTERCEPTOR CONNECTIVITY: Attempting to start websocket server on port 15611"]
[49943][1738121157194][main][info]["Main - model-events~user - (user, bootstrapUser) received"]
[49943][1738121157195][main][info]["model-events~user - bootstrapUser received"]
[49943][1738121157257][main][info]["Main~getPlatformLaunchPerfMetrics"]
[49943][1738121161839][main][info]["RuntimeIPCAgent~started: Success"]
[49943][1738121162057][main][error]["Error while retrieving user key from keychain",{"name":"Error","message":"The name is not activatable","stack":"Error: The name is not activatable"}]
[49943][1738121165483][main][info]["UpdateHandler~app-update-events - Received event",{"name":"updateElectron","namespace":"appUpdate","data":{"channel":"stable","version":"11.23.3","downloadVersion":"11.30.1","appId":"18e00472-030f-490b-a6be-789241634e27","userAgent":"Mozilla/5.0 (X11; Linux x86_64) AppleWebKit/537.36 (KHTML, like Gecko) Postman/11.23.3 Electron/28.3.1 Safari/537.36","platform":"LINUX","arch":"64","downloadURL":"https://dl.pstmn.io/download/version/11.30.1/linux_64","updateServerDomain":"https://dl.pstmn.io/","additionalParamsString":"installationId=18e00472-030f-490b-a6be-789241634e27&userId=37370664&syncEnabled=true&teamPlan=&teamId=0","userId":"37370664"}}]
[49943][1738121165483][main][info]["LinuxUpdater~downloadUpdate - UpdateInfo received",{"channel":"stable","version":"11.23.3","downloadVersion":"11.30.1","appId":"18e00472-030f-490b-a6be-789241634e27","userAgent":"Mozilla/5.0 (X11; Linux x86_64) AppleWebKit/537.36 (KHTML, like Gecko) Postman/11.23.3 Electron/28.3.1 Safari/537.36","platform":"LINUX","arch":"64","downloadURL":"https://dl.pstmn.io/download/version/11.30.1/linux_64","updateServerDomain":"https://dl.pstmn.io/","additionalParamsString":"installationId=18e00472-030f-490b-a6be-789241634e27&userId=37370664&syncEnabled=true&teamPlan=&teamId=0","userId":"37370664"}]
[49943][1738121165713][main][info]["@postman/app-updater: error",{"errno":-13,"code":"EACCES","syscall":"open","path":"/opt/postman/Postman-1738121165483.tar.gz","name":"Error","message":"EACCES: permission denied, open '/opt/postman/Postman-1738121165483.tar.gz'","stack":"Error: EACCES: permission denied, open '/opt/postman/Postman-1738121165483.tar.gz'"},{"packageName":"Postman","eID":"Postman-1738121165483","downloadURL":"https://dl.pstmn.io/download/version/11.30.1/linux_64","downloadDirectory":"/opt/postman","downloadInfo":{"status":"DOWNLOAD_ERROR","error":{"errno":-13,"code":"EACCES","syscall":"open","path":"/opt/postman/Postman-1738121165483.tar.gz"},"downloadDirectory":"/opt/postman"}}]
[49943][1738121165714][main][info]["UpdateHandler~app-update-events - Received event",{"name":"electronAppUpdateError","namespace":"appUpdate","data":{"error":{"errno":-13,"code":"EACCES","syscall":"open","path":"/opt/postman/Postman-1738121165483.tar.gz","name":"Error","message":"EACCES: permission denied, open '/opt/postman/Postman-1738121165483.tar.gz'","stack":"Error: EACCES: permission denied, open '/opt/postman/Postman-1738121165483.tar.gz'"},"updateData":{"packageName":"Postman","eID":"Postman-1738121165483","downloadURL":"https://dl.pstmn.io/download/version/11.30.1/linux_64","downloadDirectory":"/opt/postman","downloadInfo":{"status":"DOWNLOAD_ERROR","error":{"errno":-13,"code":"EACCES","syscall":"open","path":"/opt/postman/Postman-1738121165483.tar.gz"},"downloadDirectory":"/opt/postman"}}}}]
[49943][1738121465598][main][info]["WindowManager~closeHandler - Closed Window (id: 1 )"]
[49943][1738121465638][main][info]["Quitting app"]
[50272][1738121468791][main][info]["Booting Postman 11.23.3, linux-6.12.10-zen1-1-zen on x64"]
[50272][1738121468794][main][info]["EventBus~initialize - Success"]
[50272][1738121468798][main][info]["Proxy configuration has not been setup"]
[50272][1738121468798][main][info]["CloudProxyManager~init - Success"]
[50272][1738121468841][main][info]["performShellDataMigration: Migration has already been done. Bailing out"]
[50272][1738121468848][main][info]["UpdateHandler~init - Success"]
[50272][1738121468849][main][info]["LeaderSelection: Initialized successfully"]
[50272][1738121468850][main][info]["VersionDependencyService: Initialized successfully"]
[50272][1738121468859][main][info]["GPU detected VID 32902 DID 35414 ACTIVE true"]
[50272][1738121468861][main][info]["shellController~init: Success"]
[50272][1738121468861][main][info]["shellMeta~init: Success"]
[50272][1738121468861][main][info]["partitionMigrationService: State of V7 partition:"]
[50272][1738121468861][main][info]["partitionMigrationService: V7 partitions",[]]
[50272][1738121468861][main][info]["partitionMigrationService~rectifyNamespaceOfScratchPadPartition: There is no partition with scratchpad namespace"]
[50272][1738121468862][main][info]["partitionMigrationService~rectifyNamespaceOfScratchPadPartition: There is no transit partition which could have been used for scratchpad"]
[50272][1738121468862][main][info]["partitionMigrationService~init: Success"]
[50272][1738121468862][main][info]["partitionMigrationService~runV8PartitionsIntegrity: Two way migration~ removing the following partitions from v8",[]]
[50272][1738121468863][main][info]["userPartitionService~getRecentV8UserPartition: recent v8 user context partition ","70a44735-2c1f-408d-860b-173256c8e9b3"]
[50272][1738121468863][main][info]["userPartitionService~_rectifyTheActivePartitionOfApplication: Setting the active partition to ","70a44735-2c1f-408d-860b-173256c8e9b3"]
[50272][1738121468866][main][info]["LinuxAutoUpdater~Cleanup - Initial cleanup successful"]
[50272][1738121468870][main][info]["newAccountRegionPreferenceService~getPreferenceWithFallback - Preference not found in storage."]
[50272][1738121468871][main][info]["newAccountRegionPreferenceService~getToggleMenuTemplate - Using preference:","useUSRegion"]
[50272][1738121468880][main][info]["userPartitionService~init: Success"]
[50272][1738121468900][main][info]["userPartitionService: State of v8 partition system:"]
[50272][1738121468900][main][info]["shell~init~getPartitionToLoad: loading active partition"]
[50272][1738121468900][main][info]["userPartitionService: List of partitions:",[{"partitionId":"70a44735-2c1f-408d-860b-173256c8e9b3","namespace":"users","userId":"37370664","teamId":"0","lastUpdated":"2025-01-02T02:46:20.695Z"},{"partitionId":"322c17f4-5ceb-4f9a-bfee-c4f330ea2921","namespace":"scratchPad","userId":0,"teamId":0,"isDirty":false}]]
[50272][1738121468901][main][info]["userPartitionService: users global meta:",{}]
[50272][1738121468901][main][info]["Main:windowManager~newRequesterWindow: Fetch and update runtime config: us"]
[50272][1738121470417][main][info]["Main~getRemoteInitPath:: "]
[50272][1738121470479][main][info]["UpdateHandler~app-update-events - Received event",{"name":"checkForElectronVersionUpdated","namespace":"appUpdate"}]
[50272][1738121470485][main][info]["INTERCEPTOR CONNECTIVITY: Connecting to Interceptor Bridge"]
[50272][1738121470503][main][info]["windowManager: First requester booted successfully."]
[50272][1738121470504][main][info]["windowManager~restoreWindows: Restoring requester windows"]
[50272][1738121470504][main][info]["Main~AppEvents - Received booted event for process requester.Version 11.23.3 UI Version: 11.23.3-ui-241218-0859 Desktop Platform Version: 11.23.3"]
[50272][1738121470640][main][info]["Main~getRemoteInitPath:: "]
[50272][1738121470982][main][info]["INTERCEPTOR CONNECTIVITY: Attempting to start websocket server on port 15611"]
[50272][1738121473082][main][info]["Main~getPlatformLaunchPerfMetrics"]
[50272][1738121473097][main][info]["Main - model-events~user - (user, bootstrapUser) received"]
[50272][1738121473097][main][info]["model-events~user - bootstrapUser received"]
[50272][1738121475572][main][info]["RuntimeIPCAgent~started: Success"]
[50272][1738121476464][main][error]["Error while retrieving user key from keychain",{"name":"Error","message":"The name is not activatable","stack":"Error: The name is not activatable"}]
[50272][1738121480845][main][info]["UpdateHandler~app-update-events - Received event",{"name":"updateElectron","namespace":"appUpdate","data":{"channel":"stable","version":"11.23.3","downloadVersion":"11.30.1","appId":"18e00472-030f-490b-a6be-789241634e27","userAgent":"Mozilla/5.0 (X11; Linux x86_64) AppleWebKit/537.36 (KHTML, like Gecko) Postman/11.23.3 Electron/28.3.1 Safari/537.36","platform":"LINUX","arch":"64","downloadURL":"https://dl.pstmn.io/download/version/11.30.1/linux_64","updateServerDomain":"https://dl.pstmn.io/","additionalParamsString":"installationId=18e00472-030f-490b-a6be-789241634e27&userId=37370664&syncEnabled=true&teamPlan=&teamId=0","userId":"37370664"}}]
[50272][1738121480845][main][info]["LinuxUpdater~downloadUpdate - UpdateInfo received",{"channel":"stable","version":"11.23.3","downloadVersion":"11.30.1","appId":"18e00472-030f-490b-a6be-789241634e27","userAgent":"Mozilla/5.0 (X11; Linux x86_64) AppleWebKit/537.36 (KHTML, like Gecko) Postman/11.23.3 Electron/28.3.1 Safari/537.36","platform":"LINUX","arch":"64","downloadURL":"https://dl.pstmn.io/download/version/11.30.1/linux_64","updateServerDomain":"https://dl.pstmn.io/","additionalParamsString":"installationId=18e00472-030f-490b-a6be-789241634e27&userId=37370664&syncEnabled=true&teamPlan=&teamId=0","userId":"37370664"}]
[50272][1738121481092][main][info]["@postman/app-updater: error",{"errno":-13,"code":"EACCES","syscall":"open","path":"/opt/postman/Postman-1738121480846.tar.gz","name":"Error","message":"EACCES: permission denied, open '/opt/postman/Postman-1738121480846.tar.gz'","stack":"Error: EACCES: permission denied, open '/opt/postman/Postman-1738121480846.tar.gz'"},{"packageName":"Postman","eID":"Postman-1738121480846","downloadURL":"https://dl.pstmn.io/download/version/11.30.1/linux_64","downloadDirectory":"/opt/postman","downloadInfo":{"status":"DOWNLOAD_ERROR","error":{"errno":-13,"code":"EACCES","syscall":"open","path":"/opt/postman/Postman-1738121480846.tar.gz"},"downloadDirectory":"/opt/postman"}}]
[50272][1738121481093][main][info]["UpdateHandler~app-update-events - Received event",{"name":"electronAppUpdateError","namespace":"appUpdate","data":{"error":{"errno":-13,"code":"EACCES","syscall":"open","path":"/opt/postman/Postman-1738121480846.tar.gz","name":"Error","message":"EACCES: permission denied, open '/opt/postman/Postman-1738121480846.tar.gz'","stack":"Error: EACCES: permission denied, open '/opt/postman/Postman-1738121480846.tar.gz'"},"updateData":{"packageName":"Postman","eID":"Postman-1738121480846","downloadURL":"https://dl.pstmn.io/download/version/11.30.1/linux_64","downloadDirectory":"/opt/postman","downloadInfo":{"status":"DOWNLOAD_ERROR","error":{"errno":-13,"code":"EACCES","syscall":"open","path":"/opt/postman/Postman-1738121480846.tar.gz"},"downloadDirectory":"/opt/postman"}}}}]
[50272][1738127713925][main][info]["WindowManager~closeHandler - Closed Window (id: 1 )"]
[50272][1738127713957][main][info]["Quitting app"]
