[1737561617551] INFO  (ext): SQLTools is starting
[1737561617558] INFO  (ext): initializing language client...
[1737561617561] INFO  (ext): Registering client for languages [{"scheme":"sqltools"},{"language":"sql","scheme":"untitled"},{"language":"sql","scheme":"file"},{"language":"sql","scheme":"sqltools"}]
    ns: "lc"
[1737561617578] INFO  (ext): loading plugins...
[1737561617580] INFO  (ext): registering Formatter Plugin.
    plugin: {
      "name": "Formatter Plugin"
    }
[1737561617582] INFO  (ext): registering Connection Manager Plugin.
    plugin: {
      "name": "Connection Manager Plugin"
    }
[1737561617583] INFO  (ext): registering CodeLens Plugin.
    plugin: {
      "name": "CodeLens Plugin",
      "registeredLanguages": []
    }
[1737561617588] INFO  (ext): registering Dependency Manager Plugin.
    plugin: {
      "name": "Dependency Manager Plugin",
      "installingDrivers": []
    }
[1737561617603] INFO  (ext): Connection explorer changed. Will be updated.
    ns: "conn-man:explorer"
[1737561617606] INFO  (ext): registering History Manager Plugin.
    plugin: {
      "name": "History Manager Plugin"
    }
[1737561617610] INFO  (ext): registering Bookmarks Manager Plugin.
    plugin: {
      "name": "Bookmarks Manager Plugin"
    }
[1737561617622] INFO  (ext): registering Authentication Provider Plugin.
    plugin: {
      "name": "Authentication Provider Plugin",
      "isRegistered": false
    }
[1737561617622] INFO  (ext): registering Object Drop-in Provider (plugin).
    plugin: {
      "type": "plugin",
      "name": "Object Drop-in Provider",
      "isRegistered": false
    }
[1737561617641] INFO  (ext): SQLTools activation completed. 89.333277 ms
[1737561617641] INFO  (ext): Formatter Plugin registered!
[1737561617641] INFO  (ext): CodeLens Plugin registered!
[1737561617641] INFO  (ext): Dependency Manager Plugin registered!
[1737561617647] INFO  (ext): Connection Manager Plugin registered!
[1737561617647] INFO  (ext): History Manager Plugin registered!
[1737561617647] INFO  (ext): Bookmarks Manager Plugin registered!
[1737561617647] INFO  (ext): Authentication Provider Plugin registered!
[1737561617648] INFO  (ext): Object Drop-in Provider (plugin) registered!
[1737561618480] INFO  (ls): SQLTools Server started!
===============================
Using node runtime?: no
ExecPath: /opt/visual-studio-code/code 
===============================
[1737561618549] INFO  (ext): LanguageClient ready
    ns: "lc"
[1737561618573] INFO  (ext): registering SQL Server/Azure Plugin (driver).
    plugin: {
      "extensionId": "mtxr.sqltools-driver-mssql",
      "name": "SQL Server/Azure Plugin",
      "type": "driver"
    }
[1737561618587] INFO  (ext): registering MySQL/MariaDB/TiDB Plugin (driver).
    plugin: {
      "extensionId": "mtxr.sqltools-driver-mysql",
      "name": "MySQL/MariaDB/TiDB Plugin",
      "type": "driver"
    }
[1737561618529] INFO  (ls): Initialized with node version:v20.18.1
[1737561618581] INFO  (ls): REQUEST RECEIVED => ls/RegisterPlugin
[1737561618581] INFO  (ls): request to register plugin: "/home/miguel/.vscode/extensions/mtxr.sqltools-driver-mssql-0.4.3/out/ls/plugin.js"
[1737561619226] INFO  (ext): Connection explorer changed. Will be updated.
    ns: "conn-man:explorer"
[1737561620336] INFO  (ext): EXECUTING COMMAND => sqltools.refreshTree
[1737561620336] INFO  (ext): Connection explorer changed. Will be updated.
    ns: "conn-man:explorer"
[1737561620337] INFO  (ext): Connection explorer changed. Will be updated.
    ns: "conn-man:explorer"
[1737561619340] INFO  (ls): Driver mssql registered!
    place: "driver-map"
    ns: "ls-context"
[1737561619370] INFO  (ls): REQUEST RECEIVED => ls/RegisterPlugin
[1737561619370] INFO  (ls): request to register plugin: "/home/miguel/.vscode/extensions/mtxr.sqltools-driver-mysql-0.6.3/out/ls/plugin.js"
[1737561620009] INFO  (ls): Driver mysql registered!
    place: "driver-map"
    ns: "ls-context"
[1737561620009] INFO  (ls): Driver mariadb registered!
    place: "driver-map"
    ns: "ls-context"
[1737561620009] INFO  (ls): Driver tidb registered!
    place: "driver-map"
    ns: "ls-context"
[1737561620343] INFO  (ext): SQL Server/Azure Plugin (driver) registered!
[1737561620701] INFO  (ext): MySQL/MariaDB/TiDB Plugin (driver) registered!
[1737561621810] INFO  (ext): EXECUTING COMMAND => sqltools.refreshTree
[1737561621810] INFO  (ext): Connection explorer changed. Will be updated.
    ns: "conn-man:explorer"
[1737561621897] INFO  (ext): Connection explorer changed. Will be updated.
    ns: "conn-man:explorer"
[1737561633225] INFO  (ext): Connection explorer changed. Will be updated.
    ns: "conn-man:explorer"
[1737561633866] INFO  (ext): Connection explorer changed. Will be updated.
    ns: "conn-man:explorer"
[1737561633868] INFO  (ext): Connection explorer changed. Will be updated.
    ns: "conn-man:explorer"
[1737561633870] INFO  (ext): Connection explorer changed. Will be updated.
    ns: "conn-man:explorer"
[1737561664909] INFO  (ext): Connection explorer changed. Will be updated.
    ns: "conn-man:explorer"
