2025-01-21 01:31:17.772 [warning] Via 'product.json#extensionEnabledApiProposals' extension 'ms-vscode.vscode-selfhost-test-provider' wants API proposal 'attributableCoverage' but that proposal DOES NOT EXIST. Likely, the proposal has been finalized (check 'vscode.d.ts') or was abandoned.
2025-01-21 01:31:17.772 [warning] Via 'product.json#extensionEnabledApiProposals' extension 'ms-python.python' wants API proposal 'contribIssueReporter' but that proposal DOES NOT EXIST. Likely, the proposal has been finalized (check 'vscode.d.ts') or was abandoned.
2025-01-21 01:31:17.773 [warning] Via 'product.json#extensionEnabledApiProposals' extension 'ms-python.debugpy' wants API proposal 'contribIssueReporter' but that proposal DOES NOT EXIST. Likely, the proposal has been finalized (check 'vscode.d.ts') or was abandoned.
2025-01-21 01:31:18.735 [info] Started local extension host with pid 141372.
2025-01-21 01:31:20.013 [error] Extension 'ms-vscode.cpptools' wants API proposal 'lmTools' but that proposal DOES NOT EXIST. Likely, the proposal has been finalized (check 'vscode.d.ts') or was abandoned.
2025-01-21 01:31:20.277 [warning] [esbenp.prettier-vscode]: Cannot register 'prettier.printWidth'. This property is already registered.
2025-01-21 01:31:20.278 [warning] [esbenp.prettier-vscode]: Cannot register 'prettier.tabWidth'. This property is already registered.
2025-01-21 01:31:20.278 [warning] [esbenp.prettier-vscode]: Cannot register 'prettier.singleQuote'. This property is already registered.
2025-01-21 01:31:20.279 [warning] [esbenp.prettier-vscode]: Cannot register 'prettier.trailingComma'. This property is already registered.
2025-01-21 01:31:20.279 [warning] [esbenp.prettier-vscode]: Cannot register 'prettier.bracketSpacing'. This property is already registered.
2025-01-21 01:31:20.280 [warning] [esbenp.prettier-vscode]: Cannot register 'prettier.jsxBracketSameLine'. This property is already registered.
2025-01-21 01:31:20.282 [warning] [esbenp.prettier-vscode]: Cannot register 'prettier.semi'. This property is already registered.
2025-01-21 01:31:20.284 [warning] [esbenp.prettier-vscode]: Cannot register 'prettier.useTabs'. This property is already registered.
2025-01-21 01:31:20.294 [warning] [twxs.cmake]: Cannot register 'cmake.cmakePath'. This property is already registered.
2025-01-21 01:31:23.691 [warning] Authentication provider sqltools-driver-credentials was not declared in the Extension Manifest.
2025-01-21 01:31:26.215 [info] Settings Sync: Token updated for the account migueacastro
2025-01-21 01:31:26.258 [info] Settings Sync: Account status changed from uninitialized to available
2025-01-21 01:31:28.892 [info] Settings Sync: Token updated for the account migueacastro
2025-01-21 01:31:30.148 [warning] Via 'product.json#extensionEnabledApiProposals' extension 'ms-vscode.vscode-selfhost-test-provider' wants API proposal 'attributableCoverage' but that proposal DOES NOT EXIST. Likely, the proposal has been finalized (check 'vscode.d.ts') or was abandoned.
2025-01-21 01:31:30.148 [warning] Via 'product.json#extensionEnabledApiProposals' extension 'ms-python.python' wants API proposal 'contribIssueReporter' but that proposal DOES NOT EXIST. Likely, the proposal has been finalized (check 'vscode.d.ts') or was abandoned.
2025-01-21 01:31:30.149 [warning] Via 'product.json#extensionEnabledApiProposals' extension 'ms-python.debugpy' wants API proposal 'contribIssueReporter' but that proposal DOES NOT EXIST. Likely, the proposal has been finalized (check 'vscode.d.ts') or was abandoned.
2025-01-21 01:31:31.028 [info] Started local extension host with pid 141772.
2025-01-21 01:31:33.136 [error] Extension 'ms-vscode.cpptools' wants API proposal 'lmTools' but that proposal DOES NOT EXIST. Likely, the proposal has been finalized (check 'vscode.d.ts') or was abandoned.
2025-01-21 01:31:33.288 [warning] [esbenp.prettier-vscode]: Cannot register 'prettier.printWidth'. This property is already registered.
2025-01-21 01:31:33.289 [warning] [esbenp.prettier-vscode]: Cannot register 'prettier.tabWidth'. This property is already registered.
2025-01-21 01:31:33.291 [warning] [esbenp.prettier-vscode]: Cannot register 'prettier.singleQuote'. This property is already registered.
2025-01-21 01:31:33.291 [warning] [esbenp.prettier-vscode]: Cannot register 'prettier.trailingComma'. This property is already registered.
2025-01-21 01:31:33.292 [warning] [esbenp.prettier-vscode]: Cannot register 'prettier.bracketSpacing'. This property is already registered.
2025-01-21 01:31:33.294 [warning] [esbenp.prettier-vscode]: Cannot register 'prettier.jsxBracketSameLine'. This property is already registered.
2025-01-21 01:31:33.296 [warning] [esbenp.prettier-vscode]: Cannot register 'prettier.semi'. This property is already registered.
2025-01-21 01:31:33.297 [warning] [esbenp.prettier-vscode]: Cannot register 'prettier.useTabs'. This property is already registered.
2025-01-21 01:31:33.301 [warning] [twxs.cmake]: Cannot register 'cmake.cmakePath'. This property is already registered.
2025-01-21 01:31:35.895 [warning] Authentication provider sqltools-driver-credentials was not declared in the Extension Manifest.
2025-01-21 01:31:38.747 [info] [perf] Render performance baseline is 211ms
2025-01-21 01:31:39.807 [info] Extension host (LocalProcess pid: 141772) is unresponsive.
2025-01-21 01:31:40.744 [info] UNRESPONSIVE extension host: starting to profile NOW
2025-01-21 01:31:40.912 [info] Extension host (LocalProcess pid: 141772) is responsive.
2025-01-21 01:31:40.912 [info] UNRESPONSIVE extension host: received responsive event and cancelling profiling session
2025-01-21 01:31:41.079 [info] Settings Sync: Token updated for the account migueacastro
2025-01-21 01:31:41.081 [info] Settings Sync: Account status changed from uninitialized to available
2025-01-21 01:31:41.224 [warning] UNRESPONSIVE extension host: 'vscode-icons-team.vscode-icons' took 33.71520359640148% of 63.598ms, saved PROFILE here: 'file:///tmp/exthost-32bea7.cpuprofile'
2025-01-21 01:31:42.297 [info] Settings Sync: Token updated for the account migueacastro
2025-01-21 01:31:42.449 [warning] Authentication provider codeium_auth was not declared in the Extension Manifest.
2025-01-21 01:31:49.870 [error] Error: The editor could not be opened because the file was not found.
    at Eve.gc (vscode-file://vscode-app/opt/visual-studio-code/resources/app/out/vs/workbench/workbench.desktop.main.js:2103:120492)
    at async Eve.setInput (vscode-file://vscode-app/opt/visual-studio-code/resources/app/out/vs/workbench/workbench.desktop.main.js:2103:119650)
    at async HBe.U (vscode-file://vscode-app/opt/visual-studio-code/resources/app/out/vs/workbench/workbench.desktop.main.js:523:19779)
    at async HBe.M (vscode-file://vscode-app/opt/visual-studio-code/resources/app/out/vs/workbench/workbench.desktop.main.js:523:18330)
    at async HBe.openEditor (vscode-file://vscode-app/opt/visual-studio-code/resources/app/out/vs/workbench/workbench.desktop.main.js:523:17412)
    at async vscode-file://vscode-app/opt/visual-studio-code/resources/app/out/vs/workbench/workbench.desktop.main.js:635:23606
    at async o (vscode-file://vscode-app/opt/visual-studio-code/resources/app/out/vs/workbench/workbench.desktop.main.js:527:44729)
2025-01-21 01:31:53.712 [error] Error: The editor could not be opened because the file was not found.
    at Eve.gc (vscode-file://vscode-app/opt/visual-studio-code/resources/app/out/vs/workbench/workbench.desktop.main.js:2103:120492)
    at async Eve.setInput (vscode-file://vscode-app/opt/visual-studio-code/resources/app/out/vs/workbench/workbench.desktop.main.js:2103:119650)
    at async HBe.U (vscode-file://vscode-app/opt/visual-studio-code/resources/app/out/vs/workbench/workbench.desktop.main.js:523:19779)
    at async HBe.M (vscode-file://vscode-app/opt/visual-studio-code/resources/app/out/vs/workbench/workbench.desktop.main.js:523:18330)
    at async HBe.openEditor (vscode-file://vscode-app/opt/visual-studio-code/resources/app/out/vs/workbench/workbench.desktop.main.js:523:17412)
    at async vscode-file://vscode-app/opt/visual-studio-code/resources/app/out/vs/workbench/workbench.desktop.main.js:635:23606
    at async o (vscode-file://vscode-app/opt/visual-studio-code/resources/app/out/vs/workbench/workbench.desktop.main.js:527:44729)
