2025-01-21 01:31:18.121 [info] Added views:outline in workbench.view.explorer
2025-01-21 01:31:18.121 [info] Added views:workbench.view.search in workbench.view.search
2025-01-21 01:31:18.121 [info] Added views:workbench.scm in workbench.view.scm
2025-01-21 01:31:18.121 [info] Added views:workbench.panel.markers.view in workbench.panel.markers
2025-01-21 01:31:18.121 [info] Added views:workbench.panel.output in workbench.panel.output
2025-01-21 01:31:18.121 [info] Added views:terminal in terminal
2025-01-21 01:31:18.121 [info] Added views:timeline in workbench.view.explorer
2025-01-21 01:31:18.121 [info] Added views:workbench.explorer.fileView in workbench.view.explorer
2025-01-21 01:31:18.685 [info] Added views:workbench.debug.welcome in workbench.view.debug
2025-01-21 01:31:20.449 [info] Added views:codeium.chatPanelView in workbench.view.extension.codeium
2025-01-21 01:31:20.450 [info] Added views:ddb50.debugView in workbench.view.extension.ddb50
2025-01-21 01:31:20.452 [info] Added views:github.codespaces.explorer in workbench.view.remote
2025-01-21 01:31:20.453 [info] Added views:dockerContainers,dockerImages,dockerRegistries,dockerNetworks,dockerVolumes,vscode-docker.views.dockerContexts,vscode-docker.views.help in workbench.view.extension.dockerView
2025-01-21 01:31:20.455 [info] Added views:dataworkspace.views.main in workbench.view.extension.dataworkspace
2025-01-21 01:31:20.456 [info] Added views:objectExplorer,queryHistory in workbench.view.extension.objectExplorer
2025-01-21 01:31:20.457 [info] Added views:targetsContainers,devVolumes in workbench.view.remote
2025-01-21 01:31:20.459 [info] Added views:remoteTargets in workbench.view.remote
2025-01-21 01:31:20.461 [info] Added views:sqltoolsViewConnectionExplorer,sqltoolsViewBookmarksExplorer,sqltoolsViewHistoryExplorer in workbench.view.extension.sqltoolsActivityBarContainer
2025-01-21 01:31:20.462 [info] Added views:sqltoolsViewConsoleMessages in workbench.view.extension.sqltoolsPanelContainer
2025-01-21 01:31:20.466 [info] Added views:rubberduck.chat in workbench.view.extension.rubberduck
2025-01-21 01:31:21.476 [info] Added views:workbench.panel.repl.view in workbench.panel.repl
2025-01-21 01:31:24.675 [info] Added views:workbench.scm.repositories,workbench.scm.history in workbench.view.scm
2025-01-21 01:31:26.202 [info] Added views:~remote.forwardedPorts in ~remote.forwardedPortsContainer
2025-01-21 01:31:29.367 [info] Removed views:workbench.scm.history,workbench.scm.repositories from workbench.view.scm
2025-01-21 01:31:30.572 [info] Added views:outline in workbench.view.explorer
2025-01-21 01:31:30.572 [info] Added views:workbench.view.search in workbench.view.search
2025-01-21 01:31:30.572 [info] Added views:workbench.scm in workbench.view.scm
2025-01-21 01:31:30.572 [info] Added views:workbench.panel.markers.view in workbench.panel.markers
2025-01-21 01:31:30.572 [info] Added views:workbench.panel.output in workbench.panel.output
2025-01-21 01:31:30.572 [info] Added views:terminal in terminal
2025-01-21 01:31:30.572 [info] Added views:timeline in workbench.view.explorer
2025-01-21 01:31:30.572 [info] Added views:workbench.explorer.fileView in workbench.view.explorer
2025-01-21 01:31:31.235 [info] Added views:workbench.debug.welcome in workbench.view.debug
2025-01-21 01:31:33.458 [info] Added views:codeium.chatPanelView in workbench.view.extension.codeium
2025-01-21 01:31:33.459 [info] Added views:ddb50.debugView in workbench.view.extension.ddb50
2025-01-21 01:31:33.460 [info] Added views:github.codespaces.explorer in workbench.view.remote
2025-01-21 01:31:33.462 [info] Added views:dockerContainers,dockerImages,dockerRegistries,dockerNetworks,dockerVolumes,vscode-docker.views.dockerContexts,vscode-docker.views.help in workbench.view.extension.dockerView
2025-01-21 01:31:33.463 [info] Added views:dataworkspace.views.main in workbench.view.extension.dataworkspace
2025-01-21 01:31:33.465 [info] Added views:objectExplorer,queryHistory in workbench.view.extension.objectExplorer
2025-01-21 01:31:33.466 [info] Added views:targetsContainers,devVolumes in workbench.view.remote
2025-01-21 01:31:33.467 [info] Added views:remoteTargets in workbench.view.remote
2025-01-21 01:31:33.467 [info] Added views:sqltoolsViewConnectionExplorer,sqltoolsViewBookmarksExplorer,sqltoolsViewHistoryExplorer in workbench.view.extension.sqltoolsActivityBarContainer
2025-01-21 01:31:33.468 [info] Added views:sqltoolsViewConsoleMessages in workbench.view.extension.sqltoolsPanelContainer
2025-01-21 01:31:33.468 [info] Added views:rubberduck.chat in workbench.view.extension.rubberduck
2025-01-21 01:31:34.076 [info] Added views:workbench.panel.repl.view in workbench.panel.repl
2025-01-21 01:31:37.173 [info] Added views:~remote.forwardedPorts in ~remote.forwardedPortsContainer
2025-01-21 01:31:42.945 [info] Added views:workbench.panel.comments in workbench.views.service.panel.def85be2-e7a1-45c6-b33f-a326acd3567d
