2025-01-23 23:30:31.102 [warning] Via 'product.json#extensionEnabledApiProposals' extension 'ms-vscode.vscode-selfhost-test-provider' wants API proposal 'attributableCoverage' but that proposal DOES NOT EXIST. Likely, the proposal has been finalized (check 'vscode.d.ts') or was abandoned.
2025-01-23 23:30:31.102 [warning] Via 'product.json#extensionEnabledApiProposals' extension 'ms-python.python' wants API proposal 'contribIssueReporter' but that proposal DOES NOT EXIST. Likely, the proposal has been finalized (check 'vscode.d.ts') or was abandoned.
2025-01-23 23:30:31.103 [warning] Via 'product.json#extensionEnabledApiProposals' extension 'ms-python.debugpy' wants API proposal 'contribIssueReporter' but that proposal DOES NOT EXIST. Likely, the proposal has been finalized (check 'vscode.d.ts') or was abandoned.
2025-01-23 23:30:32.489 [info] Started local extension host with pid 218119.
2025-01-23 23:30:34.882 [error] Extension 'ms-vscode.cpptools' wants API proposal 'lmTools' but that proposal DOES NOT EXIST. Likely, the proposal has been finalized (check 'vscode.d.ts') or was abandoned.
2025-01-23 23:30:35.191 [warning] [esbenp.prettier-vscode]: Cannot register 'prettier.printWidth'. This property is already registered.
2025-01-23 23:30:35.191 [warning] [esbenp.prettier-vscode]: Cannot register 'prettier.tabWidth'. This property is already registered.
2025-01-23 23:30:35.194 [warning] [esbenp.prettier-vscode]: Cannot register 'prettier.singleQuote'. This property is already registered.
2025-01-23 23:30:35.195 [warning] [esbenp.prettier-vscode]: Cannot register 'prettier.trailingComma'. This property is already registered.
2025-01-23 23:30:35.197 [warning] [esbenp.prettier-vscode]: Cannot register 'prettier.bracketSpacing'. This property is already registered.
2025-01-23 23:30:35.198 [warning] [esbenp.prettier-vscode]: Cannot register 'prettier.jsxBracketSameLine'. This property is already registered.
2025-01-23 23:30:35.198 [warning] [esbenp.prettier-vscode]: Cannot register 'prettier.semi'. This property is already registered.
2025-01-23 23:30:35.198 [warning] [esbenp.prettier-vscode]: Cannot register 'prettier.useTabs'. This property is already registered.
2025-01-23 23:30:35.210 [warning] [twxs.cmake]: Cannot register 'cmake.cmakePath'. This property is already registered.
2025-01-23 23:30:40.474 [warning] Authentication provider sqltools-driver-credentials was not declared in the Extension Manifest.
2025-01-23 23:30:46.126 [info] Settings Sync: Token updated for the account migueacastro
2025-01-23 23:30:46.357 [info] Settings Sync: Account status changed from uninitialized to available
2025-01-23 23:30:49.828 [info] [perf] Render performance baseline is 230ms
2025-01-23 23:30:51.702 [info] Extension host (LocalProcess pid: 218119) is unresponsive.
2025-01-23 23:30:52.845 [info] UNRESPONSIVE extension host: starting to profile NOW
2025-01-23 23:30:52.859 [info] Extension host (LocalProcess pid: 218119) is responsive.
2025-01-23 23:30:52.861 [info] UNRESPONSIVE extension host: received responsive event and cancelling profiling session
2025-01-23 23:30:53.097 [warning] UNRESPONSIVE extension host: 'vscode-icons-team.vscode-icons' took 70.66394937251957% of 13.176ms, saved PROFILE here: 'file:///tmp/exthost-856852.cpuprofile'
2025-01-23 23:30:54.091 [info] Settings Sync: Token updated for the account migueacastro
2025-01-23 23:30:54.549 [warning] Authentication provider codeium_auth was not declared in the Extension Manifest.
2025-01-23 23:31:04.316 [warning] [backup tracker] suspended, ignoring unregister event file:///home/miguel/Desktop/repositories/dimpro-rest/backend/dimpro/views.py 
2025-01-23 23:31:04.320 [warning] [backup tracker] suspended, ignoring unregister event file:///home/miguel/Desktop/repositories/dimpro-rest/backend/dimpro/models.py 
2025-01-23 23:31:04.321 [warning] [backup tracker] suspended, ignoring unregister event file:///home/miguel/Desktop/repositories/dimpro-rest/frontend/src/routes/%28app%29/%2Blayout.svelte 
