2025-01-23 23:30:31.786 [info] Added views:outline in workbench.view.explorer
2025-01-23 23:30:31.786 [info] Added views:workbench.view.search in workbench.view.search
2025-01-23 23:30:31.787 [info] Added views:workbench.scm in workbench.view.scm
2025-01-23 23:30:31.787 [info] Added views:workbench.panel.markers.view in workbench.panel.markers
2025-01-23 23:30:31.787 [info] Added views:workbench.panel.output in workbench.panel.output
2025-01-23 23:30:31.787 [info] Added views:terminal in terminal
2025-01-23 23:30:31.787 [info] Added views:timeline in workbench.view.explorer
2025-01-23 23:30:31.787 [info] Added views:workbench.explorer.fileView in workbench.view.explorer
2025-01-23 23:30:32.411 [info] Added views:workbench.debug.welcome in workbench.view.debug
2025-01-23 23:30:35.367 [info] Added views:codeium.chatPanelView in workbench.view.extension.codeium
2025-01-23 23:30:35.368 [info] Added views:ddb50.debugView in workbench.view.extension.ddb50
2025-01-23 23:30:35.369 [info] Added views:github.codespaces.explorer in workbench.view.remote
2025-01-23 23:30:35.370 [info] Added views:dockerContainers,dockerImages,dockerRegistries,dockerNetworks,dockerVolumes,vscode-docker.views.dockerContexts,vscode-docker.views.help in workbench.view.extension.dockerView
2025-01-23 23:30:35.370 [info] Added views:dataworkspace.views.main in workbench.view.extension.dataworkspace
2025-01-23 23:30:35.371 [info] Added views:objectExplorer,queryHistory in workbench.view.extension.objectExplorer
2025-01-23 23:30:35.371 [info] Added views:targetsContainers,devVolumes in workbench.view.remote
2025-01-23 23:30:35.374 [info] Added views:remoteTargets in workbench.view.remote
2025-01-23 23:30:35.375 [info] Added views:sqltoolsViewConnectionExplorer,sqltoolsViewBookmarksExplorer,sqltoolsViewHistoryExplorer in workbench.view.extension.sqltoolsActivityBarContainer
2025-01-23 23:30:35.377 [info] Added views:sqltoolsViewConsoleMessages in workbench.view.extension.sqltoolsPanelContainer
2025-01-23 23:30:35.379 [info] Added views:rubberduck.chat in workbench.view.extension.rubberduck
2025-01-23 23:30:37.169 [info] Added views:workbench.panel.repl.view in workbench.panel.repl
2025-01-23 23:30:43.224 [info] Added views:workbench.scm.repositories,workbench.scm.history in workbench.view.scm
2025-01-23 23:30:44.356 [info] Added views:workbench.views.extensions.marketplace in workbench.view.extensions
2025-01-23 23:30:44.480 [info] Added views:~remote.forwardedPorts in ~remote.forwardedPortsContainer
2025-01-23 23:30:56.268 [info] Added views:workbench.panel.comments in workbench.views.service.panel.def85be2-e7a1-45c6-b33f-a326acd3567d
2025-01-23 23:31:04.308 [info] Removed views:workbench.scm.history,workbench.scm.repositories from workbench.view.scm
