[1737437495524] INFO  (ext): SQLTools is starting
[1737437495529] INFO  (ext): initializing language client...
[1737437495536] INFO  (ext): Registering client for languages [{"scheme":"sqltools"},{"language":"sql","scheme":"untitled"},{"language":"sql","scheme":"file"},{"language":"sql","scheme":"sqltools"}]
    ns: "lc"
[1737437495553] INFO  (ext): loading plugins...
[1737437495553] INFO  (ext): registering Formatter Plugin.
    plugin: {
      "name": "Formatter Plugin"
    }
[1737437495555] INFO  (ext): registering Connection Manager Plugin.
    plugin: {
      "name": "Connection Manager Plugin"
    }
[1737437495556] INFO  (ext): registering CodeLens Plugin.
    plugin: {
      "name": "CodeLens Plugin",
      "registeredLanguages": []
    }
[1737437495559] INFO  (ext): registering Dependency Manager Plugin.
    plugin: {
      "name": "Dependency Manager Plugin",
      "installingDrivers": []
    }
[1737437495568] INFO  (ext): Connection explorer changed. Will be updated.
    ns: "conn-man:explorer"
[1737437495571] INFO  (ext): registering History Manager Plugin.
    plugin: {
      "name": "History Manager Plugin"
    }
[1737437495572] INFO  (ext): registering Bookmarks Manager Plugin.
    plugin: {
      "name": "Bookmarks Manager Plugin"
    }
[1737437495576] INFO  (ext): registering Authentication Provider Plugin.
    plugin: {
      "name": "Authentication Provider Plugin",
      "isRegistered": false
    }
[1737437495576] INFO  (ext): registering Object Drop-in Provider (plugin).
    plugin: {
      "type": "plugin",
      "name": "Object Drop-in Provider",
      "isRegistered": false
    }
[1737437495580] INFO  (ext): SQLTools activation completed. 55.114915 ms
[1737437495581] INFO  (ext): Formatter Plugin registered!
[1737437495581] INFO  (ext): CodeLens Plugin registered!
[1737437495581] INFO  (ext): Dependency Manager Plugin registered!
[1737437495581] INFO  (ext): Connection Manager Plugin registered!
[1737437495581] INFO  (ext): History Manager Plugin registered!
[1737437495581] INFO  (ext): Bookmarks Manager Plugin registered!
[1737437495581] INFO  (ext): Authentication Provider Plugin registered!
[1737437495581] INFO  (ext): Object Drop-in Provider (plugin) registered!
[1737437496215] INFO  (ext): registering SQL Server/Azure Plugin (driver).
    plugin: {
      "extensionId": "mtxr.sqltools-driver-mssql",
      "name": "SQL Server/Azure Plugin",
      "type": "driver"
    }
[1737437496219] INFO  (ext): registering MySQL/MariaDB/TiDB Plugin (driver).
    plugin: {
      "extensionId": "mtxr.sqltools-driver-mysql",
      "name": "MySQL/MariaDB/TiDB Plugin",
      "type": "driver"
    }
[1737437496247] INFO  (ls): SQLTools Server started!
===============================
Using node runtime?: no
ExecPath: /opt/visual-studio-code/code 
===============================
[1737437496353] INFO  (ext): LanguageClient ready
    ns: "lc"
[1737437496348] INFO  (ls): Initialized with node version:v20.18.1
[1737437496358] INFO  (ls): REQUEST RECEIVED => ls/RegisterPlugin
[1737437496359] INFO  (ls): request to register plugin: "/home/miguel/.vscode/extensions/mtxr.sqltools-driver-mssql-0.4.3/out/ls/plugin.js"
[1737437496961] INFO  (ls): Driver mssql registered!
    place: "driver-map"
    ns: "ls-context"
[1737437496973] INFO  (ls): REQUEST RECEIVED => ls/RegisterPlugin
[1737437496973] INFO  (ls): request to register plugin: "/home/miguel/.vscode/extensions/mtxr.sqltools-driver-mysql-0.6.3/out/ls/plugin.js"
[1737437497246] INFO  (ls): Driver mysql registered!
    place: "driver-map"
    ns: "ls-context"
[1737437497246] INFO  (ls): Driver mariadb registered!
    place: "driver-map"
    ns: "ls-context"
[1737437497246] INFO  (ls): Driver tidb registered!
    place: "driver-map"
    ns: "ls-context"
[1737437501027] INFO  (ext): SQL Server/Azure Plugin (driver) registered!
[1737437501028] INFO  (ext): Connection explorer changed. Will be updated.
    ns: "conn-man:explorer"
[1737437501295] INFO  (ext): MySQL/MariaDB/TiDB Plugin (driver) registered!
[1737437502296] INFO  (ext): EXECUTING COMMAND => sqltools.refreshTree
[1737437502296] INFO  (ext): Connection explorer changed. Will be updated.
    ns: "conn-man:explorer"
[1737437505439] INFO  (ext): Connection explorer changed. Will be updated.
    ns: "conn-man:explorer"
[1737437505445] INFO  (ext): Connection explorer changed. Will be updated.
    ns: "conn-man:explorer"
[1737437505449] INFO  (ext): Connection explorer changed. Will be updated.
    ns: "conn-man:explorer"
[1737437505459] INFO  (ext): Connection explorer changed. Will be updated.
    ns: "conn-man:explorer"
[1737437505466] INFO  (ext): Connection explorer changed. Will be updated.
    ns: "conn-man:explorer"
[1737437505476] INFO  (ext): Connection explorer changed. Will be updated.
    ns: "conn-man:explorer"
[1737437505480] INFO  (ext): Connection explorer changed. Will be updated.
    ns: "conn-man:explorer"
[1737437537168] INFO  (ext): Connection explorer changed. Will be updated.
    ns: "conn-man:explorer"
