[1737482636594] INFO  (ext): SQLTools is starting
[1737482636611] INFO  (ext): initializing language client...
[1737482636623] INFO  (ext): Registering client for languages [{"scheme":"sqltools"},{"language":"sql","scheme":"untitled"},{"language":"sql","scheme":"file"},{"language":"sql","scheme":"sqltools"}]
    ns: "lc"
[1737482636654] INFO  (ext): loading plugins...
[1737482636654] INFO  (ext): registering Formatter Plugin.
    plugin: {
      "name": "Formatter Plugin"
    }
[1737482636657] INFO  (ext): registering Connection Manager Plugin.
    plugin: {
      "name": "Connection Manager Plugin"
    }
[1737482636657] INFO  (ext): registering CodeLens Plugin.
    plugin: {
      "name": "CodeLens Plugin",
      "registeredLanguages": []
    }
[1737482636661] INFO  (ext): registering Dependency Manager Plugin.
    plugin: {
      "name": "Dependency Manager Plugin",
      "installingDrivers": []
    }
[1737482636668] INFO  (ext): Connection explorer changed. Will be updated.
    ns: "conn-man:explorer"
[1737482636669] INFO  (ext): registering History Manager Plugin.
    plugin: {
      "name": "History Manager Plugin"
    }
[1737482636670] INFO  (ext): registering Bookmarks Manager Plugin.
    plugin: {
      "name": "Bookmarks Manager Plugin"
    }
[1737482636672] INFO  (ext): registering Authentication Provider Plugin.
    plugin: {
      "name": "Authentication Provider Plugin",
      "isRegistered": false
    }
[1737482636673] INFO  (ext): registering Object Drop-in Provider (plugin).
    plugin: {
      "type": "plugin",
      "name": "Object Drop-in Provider",
      "isRegistered": false
    }
[1737482636675] INFO  (ext): SQLTools activation completed. 81.341711 ms
[1737482636676] INFO  (ext): Formatter Plugin registered!
[1737482636676] INFO  (ext): CodeLens Plugin registered!
[1737482636676] INFO  (ext): Dependency Manager Plugin registered!
[1737482636676] INFO  (ext): Connection Manager Plugin registered!
[1737482636676] INFO  (ext): History Manager Plugin registered!
[1737482636676] INFO  (ext): Bookmarks Manager Plugin registered!
[1737482636676] INFO  (ext): Authentication Provider Plugin registered!
[1737482636676] INFO  (ext): Object Drop-in Provider (plugin) registered!
[1737482637330] INFO  (ls): SQLTools Server started!
===============================
Using node runtime?: no
ExecPath: /opt/visual-studio-code/code 
===============================
[1737482637517] INFO  (ext): LanguageClient ready
    ns: "lc"
[1737482637523] INFO  (ext): registering SQL Server/Azure Plugin (driver).
    plugin: {
      "extensionId": "mtxr.sqltools-driver-mssql",
      "name": "SQL Server/Azure Plugin",
      "type": "driver"
    }
[1737482637528] INFO  (ext): registering MySQL/MariaDB/TiDB Plugin (driver).
    plugin: {
      "extensionId": "mtxr.sqltools-driver-mysql",
      "name": "MySQL/MariaDB/TiDB Plugin",
      "type": "driver"
    }
[1737482637500] INFO  (ls): Initialized with node version:v20.18.1
[1737482637525] INFO  (ls): REQUEST RECEIVED => ls/RegisterPlugin
[1737482637526] INFO  (ls): request to register plugin: "/home/miguel/.vscode/extensions/mtxr.sqltools-driver-mssql-0.4.3/out/ls/plugin.js"
[1737482638076] INFO  (ls): Driver mssql registered!
    place: "driver-map"
    ns: "ls-context"
[1737482638085] INFO  (ls): REQUEST RECEIVED => ls/RegisterPlugin
[1737482638085] INFO  (ls): request to register plugin: "/home/miguel/.vscode/extensions/mtxr.sqltools-driver-mysql-0.6.3/out/ls/plugin.js"
[1737482638168] INFO  (ext): SQL Server/Azure Plugin (driver) registered!
[1737482638284] INFO  (ls): Driver mysql registered!
    place: "driver-map"
    ns: "ls-context"
[1737482638284] INFO  (ls): Driver mariadb registered!
    place: "driver-map"
    ns: "ls-context"
[1737482638285] INFO  (ls): Driver tidb registered!
    place: "driver-map"
    ns: "ls-context"
[1737482638390] INFO  (ext): MySQL/MariaDB/TiDB Plugin (driver) registered!
[1737482638558] INFO  (ext): Connection explorer changed. Will be updated.
    ns: "conn-man:explorer"
[1737482639607] INFO  (ext): Connection explorer changed. Will be updated.
    ns: "conn-man:explorer"
[1737482639625] INFO  (ext): EXECUTING COMMAND => sqltools.refreshTree
[1737482639625] INFO  (ext): Connection explorer changed. Will be updated.
    ns: "conn-man:explorer"
[1737482647878] INFO  (ext): Connection explorer changed. Will be updated.
    ns: "conn-man:explorer"
[1737482647890] INFO  (ext): Connection explorer changed. Will be updated.
    ns: "conn-man:explorer"
[1737482647897] INFO  (ext): Connection explorer changed. Will be updated.
    ns: "conn-man:explorer"
[1737482647907] INFO  (ext): Connection explorer changed. Will be updated.
    ns: "conn-man:explorer"
[1737482652823] INFO  (ext): Connection explorer changed. Will be updated.
    ns: "conn-man:explorer"
[1737482880748] INFO  (ext): Connection explorer changed. Will be updated.
    ns: "conn-man:explorer"
[1737484874745] INFO  (ext): Connection explorer changed. Will be updated.
    ns: "conn-man:explorer"
[1737485301250] INFO  (ext): Connection explorer changed. Will be updated.
    ns: "conn-man:explorer"
[1737485379834] INFO  (ext): Connection explorer changed. Will be updated.
    ns: "conn-man:explorer"
[1737485503746] INFO  (ext): Connection explorer changed. Will be updated.
    ns: "conn-man:explorer"
[1737485666523] INFO  (ext): Connection explorer changed. Will be updated.
    ns: "conn-man:explorer"
[1737485906173] INFO  (ext): Connection explorer changed. Will be updated.
    ns: "conn-man:explorer"
[1737492386969] INFO  (ext): Connection explorer changed. Will be updated.
    ns: "conn-man:explorer"
[1737492392006] INFO  (ext): Connection explorer changed. Will be updated.
    ns: "conn-man:explorer"
[1737503851876] INFO  (ext): Connection explorer changed. Will be updated.
    ns: "conn-man:explorer"
[1737504905092] INFO  (ext): Connection explorer changed. Will be updated.
    ns: "conn-man:explorer"
[1737505383530] INFO  (ext): Connection explorer changed. Will be updated.
    ns: "conn-man:explorer"
[1737505392659] INFO  (ext): Connection explorer changed. Will be updated.
    ns: "conn-man:explorer"
[1737505706329] INFO  (ext): Connection explorer changed. Will be updated.
    ns: "conn-man:explorer"
[1737506137226] INFO  (ext): Connection explorer changed. Will be updated.
    ns: "conn-man:explorer"
[1737506538068] INFO  (ext): Connection explorer changed. Will be updated.
    ns: "conn-man:explorer"
[1737507710272] INFO  (ext): Connection explorer changed. Will be updated.
    ns: "conn-man:explorer"
[1737507930109] INFO  (ext): Connection explorer changed. Will be updated.
    ns: "conn-man:explorer"
[1737508721596] INFO  (ext): Connection explorer changed. Will be updated.
    ns: "conn-man:explorer"
[1737508885160] INFO  (ext): Connection explorer changed. Will be updated.
    ns: "conn-man:explorer"
[1737509304968] INFO  (ext): Connection explorer changed. Will be updated.
    ns: "conn-man:explorer"
[1737511162878] INFO  (ext): Connection explorer changed. Will be updated.
    ns: "conn-man:explorer"
[1737512686142] INFO  (ext): Connection explorer changed. Will be updated.
    ns: "conn-man:explorer"
[1737512807394] INFO  (ext): Connection explorer changed. Will be updated.
    ns: "conn-man:explorer"
