2025-01-21 01:31:24.539 [info] Reading sessions from keychain...
2025-01-21 01:31:24.539 [info] Getting sessions for all scopes...
2025-01-21 01:31:24.539 [info] Getting sessions for all scopes...
2025-01-21 01:31:24.539 [info] Getting sessions for all scopes...
2025-01-21 01:31:24.539 [info] Getting sessions for all scopes...
2025-01-21 01:31:24.539 [info] Getting sessions for all scopes...
2025-01-21 01:31:24.539 [info] Getting sessions for all scopes...
2025-01-21 01:31:24.539 [info] Getting sessions for all scopes...
2025-01-21 01:31:24.539 [info] Got stored sessions!
2025-01-21 01:31:24.539 [info] Got 2 verified sessions.
2025-01-21 01:31:24.539 [info] Got 2 sessions for ...
2025-01-21 01:31:24.539 [info] Got 2 sessions for ...
2025-01-21 01:31:24.539 [info] Got 2 sessions for ...
2025-01-21 01:31:24.539 [info] Got 2 sessions for ...
2025-01-21 01:31:24.539 [info] Got 2 sessions for ...
2025-01-21 01:31:24.539 [info] Got 2 sessions for ...
2025-01-21 01:31:24.539 [info] Got 2 sessions for ...
2025-01-21 01:31:25.916 [info] Getting sessions for all scopes...
2025-01-21 01:31:25.916 [info] Got 2 sessions for ...
2025-01-21 01:31:26.210 [info] Getting sessions for user:email...
2025-01-21 01:31:26.210 [info] Got 1 sessions for user:email...
2025-01-21 01:31:27.092 [info] Getting sessions for read:user,repo,user:email,workflow...
2025-01-21 01:31:27.092 [info] Got 1 sessions for read:user,repo,user:email,workflow...
2025-01-21 01:31:28.755 [info] Getting sessions for read:user,repo,user:email,workflow...
2025-01-21 01:31:28.755 [info] Got 1 sessions for read:user,repo,user:email,workflow...
2025-01-21 01:31:28.762 [info] Getting sessions for user:email...
2025-01-21 01:31:28.762 [info] Got 1 sessions for user:email...
2025-01-21 01:31:28.981 [info] Getting sessions for user:email...
2025-01-21 01:31:28.981 [info] Got 1 sessions for user:email...
2025-01-21 01:31:34.598 [info] Reading sessions from keychain...
2025-01-21 01:31:34.598 [info] Getting sessions for all scopes...
2025-01-21 01:31:34.600 [info] Getting sessions for all scopes...
2025-01-21 01:31:34.600 [info] Getting sessions for all scopes...
2025-01-21 01:31:34.600 [info] Getting sessions for all scopes...
2025-01-21 01:31:34.600 [info] Getting sessions for all scopes...
2025-01-21 01:31:34.600 [info] Getting sessions for all scopes...
2025-01-21 01:31:34.600 [info] Getting sessions for all scopes...
2025-01-21 01:31:35.472 [info] Got stored sessions!
2025-01-21 01:31:35.472 [info] Got 2 verified sessions.
2025-01-21 01:31:35.472 [info] Got 2 sessions for ...
2025-01-21 01:31:35.472 [info] Got 2 sessions for ...
2025-01-21 01:31:35.472 [info] Got 2 sessions for ...
2025-01-21 01:31:35.472 [info] Got 2 sessions for ...
2025-01-21 01:31:35.472 [info] Got 2 sessions for ...
2025-01-21 01:31:35.472 [info] Got 2 sessions for ...
2025-01-21 01:31:35.472 [info] Got 2 sessions for ...
2025-01-21 01:31:40.908 [info] Getting sessions for all scopes...
2025-01-21 01:31:40.908 [info] Got 2 sessions for ...
2025-01-21 01:31:41.075 [info] Getting sessions for user:email...
2025-01-21 01:31:41.075 [info] Got 1 sessions for user:email...
2025-01-21 01:31:41.143 [info] Getting sessions for all scopes...
2025-01-21 01:31:41.143 [info] Got 2 sessions for ...
2025-01-21 01:31:42.295 [info] Getting sessions for user:email...
2025-01-21 01:31:42.295 [info] Got 1 sessions for user:email...
2025-01-21 01:31:42.301 [info] Getting sessions for user:email...
2025-01-21 01:31:42.301 [info] Got 1 sessions for user:email...
