2025-01-23 23:30:35.234 [info] Extension host with pid 218119 started
2025-01-23 23:30:35.234 [info] Skipping acquiring lock for /home/miguel/.config/Code/User/workspaceStorage/be59f81855ff1f1066db225f27745374.
2025-01-23 23:30:37.155 [info] ExtensionService#_doActivateExtension vscode.github-authentication, startup: false, activationEvent: 'onAuthenticationRequest:github'
2025-01-23 23:30:37.289 [info] ExtensionService#_doActivateExtension GrapeCity.gc-excelviewer, startup: false, activationEvent: 'onLanguage:plaintext'
2025-01-23 23:30:37.300 [info] ExtensionService#_doActivateExtension vscode.emmet, startup: false, activationEvent: 'onLanguage'
2025-01-23 23:30:37.367 [info] ExtensionService#_doActivateExtension vscode.typescript-language-features, startup: false, activationEvent: 'onLanguage:typescript'
2025-01-23 23:30:37.506 [info] ExtensionService#_doActivateExtension svelte.svelte-vscode, startup: false, activationEvent: 'onLanguage:typescript'
2025-01-23 23:30:37.863 [info] ExtensionService#_doActivateExtension VisualStudioExptTeam.intellicode-api-usage-examples, startup: false, activationEvent: 'onLanguage:typescript'
2025-01-23 23:30:38.151 [info] ExtensionService#_doActivateExtension VisualStudioExptTeam.vscodeintellicode, startup: false, activationEvent: 'onLanguage:typescript'
2025-01-23 23:30:38.298 [info] ExtensionService#_doActivateExtension vscode.git-base, startup: true, activationEvent: '*', root cause: vscode.git
2025-01-23 23:30:38.310 [info] ExtensionService#_doActivateExtension be5invis.vscode-custom-css, startup: true, activationEvent: '*'
2025-01-23 23:30:38.412 [info] ExtensionService#_doActivateExtension bysabi.prettier-vscode-standard, startup: true, activationEvent: '*'
2025-01-23 23:30:38.511 [info] ExtensionService#_doActivateExtension mtxr.sqltools, startup: true, activationEvent: '*'
2025-01-23 23:30:38.655 [info] ExtensionService#_doActivateExtension Zignd.html-css-class-completion, startup: true, activationEvent: '*'
2025-01-23 23:30:40.639 [info] ExtensionService#_doActivateExtension vscode.git, startup: true, activationEvent: '*'
2025-01-23 23:30:40.794 [info] ExtensionService#_doActivateExtension vscode.github, startup: true, activationEvent: '*'
2025-01-23 23:30:41.107 [info] ExtensionService#_doActivateExtension mtxr.sqltools-driver-mssql, startup: true, activationEvent: '*'
2025-01-23 23:30:41.114 [info] ExtensionService#_doActivateExtension mtxr.sqltools-driver-mysql, startup: true, activationEvent: '*'
2025-01-23 23:30:46.889 [info] ExtensionService#_doActivateExtension vscode.microsoft-authentication, startup: false, activationEvent: 'onAuthenticationRequest:microsoft'
2025-01-23 23:30:47.756 [info] ExtensionService#_doActivateExtension vscode.debug-auto-launch, startup: false, activationEvent: 'onStartupFinished'
2025-01-23 23:30:47.764 [info] ExtensionService#_doActivateExtension vscode.merge-conflict, startup: false, activationEvent: 'onStartupFinished'
2025-01-23 23:30:47.808 [info] ExtensionService#_doActivateExtension bradlc.vscode-tailwindcss, startup: false, activationEvent: 'onStartupFinished'
2025-01-23 23:30:47.991 [info] ExtensionService#_doActivateExtension Codeium.codeium, startup: false, activationEvent: 'onStartupFinished'
2025-01-23 23:30:49.922 [info] ExtensionService#_doActivateExtension esbenp.prettier-vscode, startup: false, activationEvent: 'onStartupFinished'
2025-01-23 23:30:50.233 [info] ExtensionService#_doActivateExtension manishsencha.readme-preview, startup: false, activationEvent: 'onStartupFinished'
2025-01-23 23:30:51.398 [info] ExtensionService#_doActivateExtension ms-dotnettools.vscode-dotnet-runtime, startup: false, activationEvent: 'onStartupFinished'
2025-01-23 23:30:51.555 [info] ExtensionService#_doActivateExtension ms-vscode-remote.remote-containers, startup: false, activationEvent: 'onStartupFinished'
2025-01-23 23:30:51.790 [info] ExtensionService#_doActivateExtension ritwickdey.LiveServer, startup: false, activationEvent: 'onStartupFinished'
2025-01-23 23:30:51.804 [info] ExtensionService#_doActivateExtension rubberduck.rubberduck-vscode, startup: false, activationEvent: 'onStartupFinished'
2025-01-23 23:30:51.936 [info] ExtensionService#_doActivateExtension vscode-icons-team.vscode-icons, startup: false, activationEvent: 'onStartupFinished'
2025-01-23 23:30:52.980 [info] ExtensionService#_doActivateExtension vscode.configuration-editing, startup: false, activationEvent: 'onLanguage:jsonc'
2025-01-23 23:30:53.008 [info] ExtensionService#_doActivateExtension vscode.json-language-features, startup: false, activationEvent: 'onLanguage:jsonc'
2025-01-23 23:30:55.637 [info] Eager extensions activated
2025-01-23 23:31:02.137 [info] ExtensionService#_doActivateExtension ms-python.python, startup: false, activationEvent: 'api', root cause: VisualStudioExptTeam.vscodeintellicode
2025-01-23 23:31:02.734 [info] ExtensionService#_doActivateExtension RafaelMartinez.svelte-preview, startup: false, activationEvent: 'onLanguage:svelte'
2025-01-23 23:31:04.677 [info] Extension host terminating: renderer closed the MessagePort
2025-01-23 23:31:04.947 [error] Canceled: Canceled
    at Fc (file:///opt/visual-studio-code/resources/app/out/vs/workbench/api/node/extensionHostProcess.js:7:1122)
    at file:///opt/visual-studio-code/resources/app/out/vs/workbench/api/node/extensionHostProcess.js:32:112153
    at Array.forEach (<anonymous>)
    at Dy.dispose (file:///opt/visual-studio-code/resources/app/out/vs/workbench/api/node/extensionHostProcess.js:32:112093)
    at zz.terminate (file:///opt/visual-studio-code/resources/app/out/vs/workbench/api/node/extensionHostProcess.js:119:10082)
    at QC.terminate (file:///opt/visual-studio-code/resources/app/out/vs/workbench/api/node/extensionHostProcess.js:120:1424)
    at Zi (file:///opt/visual-studio-code/resources/app/out/vs/workbench/api/node/extensionHostProcess.js:175:15080)
    at MessagePortMain.<anonymous> (file:///opt/visual-studio-code/resources/app/out/vs/workbench/api/node/extensionHostProcess.js:175:11628)
    at MessagePortMain.emit (node:events:518:28)
    at MessagePortMain.emit (node:domain:489:12)
    at Object.MessagePortMain._internalPort.emit (node:electron/js2c/utility_init:2:2949) setContext undefined
2025-01-23 23:31:04.948 [error] Canceled: Canceled
    at Fc (file:///opt/visual-studio-code/resources/app/out/vs/workbench/api/node/extensionHostProcess.js:7:1122)
    at file:///opt/visual-studio-code/resources/app/out/vs/workbench/api/node/extensionHostProcess.js:32:112153
    at Array.forEach (<anonymous>)
    at Dy.dispose (file:///opt/visual-studio-code/resources/app/out/vs/workbench/api/node/extensionHostProcess.js:32:112093)
    at zz.terminate (file:///opt/visual-studio-code/resources/app/out/vs/workbench/api/node/extensionHostProcess.js:119:10082)
    at QC.terminate (file:///opt/visual-studio-code/resources/app/out/vs/workbench/api/node/extensionHostProcess.js:120:1424)
    at Zi (file:///opt/visual-studio-code/resources/app/out/vs/workbench/api/node/extensionHostProcess.js:175:15080)
    at MessagePortMain.<anonymous> (file:///opt/visual-studio-code/resources/app/out/vs/workbench/api/node/extensionHostProcess.js:175:11628)
    at MessagePortMain.emit (node:events:518:28)
    at MessagePortMain.emit (node:domain:489:12)
    at Object.MessagePortMain._internalPort.emit (node:electron/js2c/utility_init:2:2949) setContext undefined
2025-01-23 23:31:04.948 [error] Canceled: Canceled
    at Fc (file:///opt/visual-studio-code/resources/app/out/vs/workbench/api/node/extensionHostProcess.js:7:1122)
    at file:///opt/visual-studio-code/resources/app/out/vs/workbench/api/node/extensionHostProcess.js:32:112153
    at Array.forEach (<anonymous>)
    at Dy.dispose (file:///opt/visual-studio-code/resources/app/out/vs/workbench/api/node/extensionHostProcess.js:32:112093)
    at zz.terminate (file:///opt/visual-studio-code/resources/app/out/vs/workbench/api/node/extensionHostProcess.js:119:10082)
    at QC.terminate (file:///opt/visual-studio-code/resources/app/out/vs/workbench/api/node/extensionHostProcess.js:120:1424)
    at Zi (file:///opt/visual-studio-code/resources/app/out/vs/workbench/api/node/extensionHostProcess.js:175:15080)
    at MessagePortMain.<anonymous> (file:///opt/visual-studio-code/resources/app/out/vs/workbench/api/node/extensionHostProcess.js:175:11628)
    at MessagePortMain.emit (node:events:518:28)
    at MessagePortMain.emit (node:domain:489:12)
    at Object.MessagePortMain._internalPort.emit (node:electron/js2c/utility_init:2:2949) setContext undefined
2025-01-23 23:31:05.016 [error] Error: Client is not running and can't be stopped. It's current state is: starting
    at LanguageClient.shutdown (/home/miguel/.vscode/extensions/svelte.svelte-vscode-109.5.2/node_modules/vscode-languageclient/lib/common/client.js:964:19)
    at LanguageClient.stop (/home/miguel/.vscode/extensions/svelte.svelte-vscode-109.5.2/node_modules/vscode-languageclient/lib/common/client.js:935:21)
    at LanguageClient.stop (/home/miguel/.vscode/extensions/svelte.svelte-vscode-109.5.2/node_modules/vscode-languageclient/lib/node/main.js:150:22)
    at Object.deactivate (/home/miguel/.vscode/extensions/svelte.svelte-vscode-109.5.2/src/extension.ts:86:33)
    at zz.eb (file:///opt/visual-studio-code/resources/app/out/vs/workbench/api/node/extensionHostProcess.js:119:11724)
    at file:///opt/visual-studio-code/resources/app/out/vs/workbench/api/node/extensionHostProcess.js:119:9874
    at Array.map (<anonymous>)
    at zz.$ (file:///opt/visual-studio-code/resources/app/out/vs/workbench/api/node/extensionHostProcess.js:119:9862)
    at zz.terminate (file:///opt/visual-studio-code/resources/app/out/vs/workbench/api/node/extensionHostProcess.js:119:10105)
    at QC.terminate (file:///opt/visual-studio-code/resources/app/out/vs/workbench/api/node/extensionHostProcess.js:120:1424)
    at Zi (file:///opt/visual-studio-code/resources/app/out/vs/workbench/api/node/extensionHostProcess.js:175:15080)
    at MessagePortMain.<anonymous> (file:///opt/visual-studio-code/resources/app/out/vs/workbench/api/node/extensionHostProcess.js:175:11628)
    at MessagePortMain.emit (node:events:518:28)
    at MessagePortMain.emit (node:domain:489:12)
    at Object.MessagePortMain._internalPort.emit (node:electron/js2c/utility_init:2:2949)
2025-01-23 23:31:05.030 [error] Canceled: Canceled
    at new IT (file:///opt/visual-studio-code/resources/app/out/vs/workbench/api/node/extensionHostProcess.js:32:110702)
    at Dy.U (file:///opt/visual-studio-code/resources/app/out/vs/workbench/api/node/extensionHostProcess.js:32:115312)
    at Proxy.s.<computed>.n.charCodeAt.s.<computed> (file:///opt/visual-studio-code/resources/app/out/vs/workbench/api/node/extensionHostProcess.js:32:112806)
    at cw.g (file:///opt/visual-studio-code/resources/app/out/vs/workbench/api/node/extensionHostProcess.js:115:32313)
    at cw.executeCommand (file:///opt/visual-studio-code/resources/app/out/vs/workbench/api/node/extensionHostProcess.js:115:31817)
    at r.registerCommand.description (file:///opt/visual-studio-code/resources/app/out/vs/workbench/api/node/extensionHostProcess.js:115:31147)
    at cw.h (file:///opt/visual-studio-code/resources/app/out/vs/workbench/api/node/extensionHostProcess.js:115:32833)
    at cw.g (file:///opt/visual-studio-code/resources/app/out/vs/workbench/api/node/extensionHostProcess.js:115:31910)
    at cw.executeCommand (file:///opt/visual-studio-code/resources/app/out/vs/workbench/api/node/extensionHostProcess.js:115:31817)
    at Object.executeCommand (file:///opt/visual-studio-code/resources/app/out/vs/workbench/api/node/extensionHostProcess.js:157:37484)
    at kh.L [as value] (/opt/visual-studio-code/resources/app/extensions/git/dist/main.js:2:975601)
    at P.B (file:///opt/visual-studio-code/resources/app/out/vs/workbench/api/node/extensionHostProcess.js:30:746)
    at P.C (file:///opt/visual-studio-code/resources/app/out/vs/workbench/api/node/extensionHostProcess.js:30:816)
    at P.fire (file:///opt/visual-studio-code/resources/app/out/vs/workbench/api/node/extensionHostProcess.js:30:1033)
    at Object.p [as dispose] (/opt/visual-studio-code/resources/app/extensions/git/dist/main.js:2:997158)
    at /opt/visual-studio-code/resources/app/extensions/git/dist/main.js:2:1003280
    at Array.forEach (<anonymous>)
    at b.dispose (/opt/visual-studio-code/resources/app/extensions/git/dist/main.js:2:1003266)
    at ev.<anonymous> (file:///opt/visual-studio-code/resources/app/out/vs/workbench/api/node/extensionHostProcess.js:109:20047)
    at ev.dispose (file:///opt/visual-studio-code/resources/app/out/vs/workbench/api/node/extensionHostProcess.js:109:20143)
    at ev.<anonymous> (/opt/visual-studio-code/resources/app/extensions/git/dist/main.js:2:978080)
    at ev.dispose (file:///opt/visual-studio-code/resources/app/out/vs/workbench/api/node/extensionHostProcess.js:109:20143)
    at ai (file:///opt/visual-studio-code/resources/app/out/vs/workbench/api/node/extensionHostProcess.js:25:699)
    at file:///opt/visual-studio-code/resources/app/out/vs/workbench/api/node/extensionHostProcess.js:119:14992
    at file:///opt/visual-studio-code/resources/app/out/vs/workbench/api/node/extensionHostProcess.js:25:1009
    at Object.dispose (file:///opt/visual-studio-code/resources/app/out/vs/workbench/api/node/extensionHostProcess.js:8:705)
    at zz.eb (file:///opt/visual-studio-code/resources/app/out/vs/workbench/api/node/extensionHostProcess.js:119:11919)
    at file:///opt/visual-studio-code/resources/app/out/vs/workbench/api/node/extensionHostProcess.js:119:9874
    at Array.map (<anonymous>)
    at zz.$ (file:///opt/visual-studio-code/resources/app/out/vs/workbench/api/node/extensionHostProcess.js:119:9862)
    at zz.terminate (file:///opt/visual-studio-code/resources/app/out/vs/workbench/api/node/extensionHostProcess.js:119:10105)
    at QC.terminate (file:///opt/visual-studio-code/resources/app/out/vs/workbench/api/node/extensionHostProcess.js:120:1424)
    at Zi (file:///opt/visual-studio-code/resources/app/out/vs/workbench/api/node/extensionHostProcess.js:175:15080)
    at MessagePortMain.<anonymous> (file:///opt/visual-studio-code/resources/app/out/vs/workbench/api/node/extensionHostProcess.js:175:11628)
    at MessagePortMain.emit (node:events:518:28)
    at MessagePortMain.emit (node:domain:489:12)
    at Object.MessagePortMain._internalPort.emit (node:electron/js2c/utility_init:2:2949) setContext undefined
2025-01-23 23:31:05.033 [error] Canceled: Canceled
    at new IT (file:///opt/visual-studio-code/resources/app/out/vs/workbench/api/node/extensionHostProcess.js:32:110702)
    at Dy.U (file:///opt/visual-studio-code/resources/app/out/vs/workbench/api/node/extensionHostProcess.js:32:115312)
    at Proxy.s.<computed>.n.charCodeAt.s.<computed> (file:///opt/visual-studio-code/resources/app/out/vs/workbench/api/node/extensionHostProcess.js:32:112806)
    at cw.g (file:///opt/visual-studio-code/resources/app/out/vs/workbench/api/node/extensionHostProcess.js:115:32313)
    at cw.executeCommand (file:///opt/visual-studio-code/resources/app/out/vs/workbench/api/node/extensionHostProcess.js:115:31817)
    at r.registerCommand.description (file:///opt/visual-studio-code/resources/app/out/vs/workbench/api/node/extensionHostProcess.js:115:31147)
    at cw.h (file:///opt/visual-studio-code/resources/app/out/vs/workbench/api/node/extensionHostProcess.js:115:32833)
    at cw.g (file:///opt/visual-studio-code/resources/app/out/vs/workbench/api/node/extensionHostProcess.js:115:31910)
    at cw.executeCommand (file:///opt/visual-studio-code/resources/app/out/vs/workbench/api/node/extensionHostProcess.js:115:31817)
    at Object.executeCommand (file:///opt/visual-studio-code/resources/app/out/vs/workbench/api/node/extensionHostProcess.js:157:37484)
    at a.VscodeDevShareProvider.set hasGitHubRepositories [as hasGitHubRepositories] (/opt/visual-studio-code/resources/app/extensions/github/dist/extension.js:2:328633)
    at /opt/visual-studio-code/resources/app/extensions/github/dist/extension.js:2:329592
    at kh.value (/opt/visual-studio-code/resources/app/extensions/git/dist/main.js:2:1088462)
    at P.B (file:///opt/visual-studio-code/resources/app/out/vs/workbench/api/node/extensionHostProcess.js:30:746)
    at P.C (file:///opt/visual-studio-code/resources/app/out/vs/workbench/api/node/extensionHostProcess.js:30:816)
    at P.fire (file:///opt/visual-studio-code/resources/app/out/vs/workbench/api/node/extensionHostProcess.js:30:1033)
    at Object.p [as dispose] (/opt/visual-studio-code/resources/app/extensions/git/dist/main.js:2:997158)
    at /opt/visual-studio-code/resources/app/extensions/git/dist/main.js:2:1003280
    at Array.forEach (<anonymous>)
    at b.dispose (/opt/visual-studio-code/resources/app/extensions/git/dist/main.js:2:1003266)
    at ev.<anonymous> (file:///opt/visual-studio-code/resources/app/out/vs/workbench/api/node/extensionHostProcess.js:109:20047)
    at ev.dispose (file:///opt/visual-studio-code/resources/app/out/vs/workbench/api/node/extensionHostProcess.js:109:20143)
    at ev.<anonymous> (/opt/visual-studio-code/resources/app/extensions/git/dist/main.js:2:978080)
    at ev.dispose (file:///opt/visual-studio-code/resources/app/out/vs/workbench/api/node/extensionHostProcess.js:109:20143)
    at ai (file:///opt/visual-studio-code/resources/app/out/vs/workbench/api/node/extensionHostProcess.js:25:699)
    at file:///opt/visual-studio-code/resources/app/out/vs/workbench/api/node/extensionHostProcess.js:119:14992
    at file:///opt/visual-studio-code/resources/app/out/vs/workbench/api/node/extensionHostProcess.js:25:1009
    at Object.dispose (file:///opt/visual-studio-code/resources/app/out/vs/workbench/api/node/extensionHostProcess.js:8:705)
    at zz.eb (file:///opt/visual-studio-code/resources/app/out/vs/workbench/api/node/extensionHostProcess.js:119:11919)
    at file:///opt/visual-studio-code/resources/app/out/vs/workbench/api/node/extensionHostProcess.js:119:9874
    at Array.map (<anonymous>)
    at zz.$ (file:///opt/visual-studio-code/resources/app/out/vs/workbench/api/node/extensionHostProcess.js:119:9862)
    at zz.terminate (file:///opt/visual-studio-code/resources/app/out/vs/workbench/api/node/extensionHostProcess.js:119:10105)
    at QC.terminate (file:///opt/visual-studio-code/resources/app/out/vs/workbench/api/node/extensionHostProcess.js:120:1424)
    at Zi (file:///opt/visual-studio-code/resources/app/out/vs/workbench/api/node/extensionHostProcess.js:175:15080)
    at MessagePortMain.<anonymous> (file:///opt/visual-studio-code/resources/app/out/vs/workbench/api/node/extensionHostProcess.js:175:11628)
    at MessagePortMain.emit (node:events:518:28)
    at MessagePortMain.emit (node:domain:489:12)
    at Object.MessagePortMain._internalPort.emit (node:electron/js2c/utility_init:2:2949) setContext undefined
2025-01-23 23:31:05.095 [error] Canceled: Canceled
    at new IT (file:///opt/visual-studio-code/resources/app/out/vs/workbench/api/node/extensionHostProcess.js:32:110702)
    at Dy.U (file:///opt/visual-studio-code/resources/app/out/vs/workbench/api/node/extensionHostProcess.js:32:115312)
    at Proxy.s.<computed>.n.charCodeAt.s.<computed> (file:///opt/visual-studio-code/resources/app/out/vs/workbench/api/node/extensionHostProcess.js:32:112806)
    at cw.g (file:///opt/visual-studio-code/resources/app/out/vs/workbench/api/node/extensionHostProcess.js:115:32313)
    at cw.executeCommand (file:///opt/visual-studio-code/resources/app/out/vs/workbench/api/node/extensionHostProcess.js:115:31817)
    at r.registerCommand.description (file:///opt/visual-studio-code/resources/app/out/vs/workbench/api/node/extensionHostProcess.js:115:31147)
    at cw.h (file:///opt/visual-studio-code/resources/app/out/vs/workbench/api/node/extensionHostProcess.js:115:32833)
    at cw.g (file:///opt/visual-studio-code/resources/app/out/vs/workbench/api/node/extensionHostProcess.js:115:31910)
    at cw.executeCommand (file:///opt/visual-studio-code/resources/app/out/vs/workbench/api/node/extensionHostProcess.js:115:31817)
    at Object.executeCommand (file:///opt/visual-studio-code/resources/app/out/vs/workbench/api/node/extensionHostProcess.js:157:37484)
    at s.executeCommand (/home/miguel/.vscode/extensions/ms-python.python-2024.22.2-linux-x64/out/client/extension.js:2:105254)
    at /home/miguel/.vscode/extensions/ms-python.python-2024.22.2-linux-x64/out/client/extension.js:2:441343
    at processTicksAndRejections (node:internal/process/task_queues:95:5)
    at t.activateComponents (/home/miguel/.vscode/extensions/ms-python.python-2024.22.2-linux-x64/out/client/extension.js:2:440250)
    at /home/miguel/.vscode/extensions/ms-python.python-2024.22.2-linux-x64/out/client/extension.js:2:2703693
    at e (/home/miguel/.vscode/extensions/ms-python.python-2024.22.2-linux-x64/out/client/extension.js:2:2703225)
    at K0.n (file:///opt/visual-studio-code/resources/app/out/vs/workbench/api/node/extensionHostProcess.js:115:4447)
    at K0.m (file:///opt/visual-studio-code/resources/app/out/vs/workbench/api/node/extensionHostProcess.js:115:4410)
    at K0.l (file:///opt/visual-studio-code/resources/app/out/vs/workbench/api/node/extensionHostProcess.js:115:3866) setContext undefined
2025-01-23 23:31:05.114 [error] Canceled: Canceled
    at new IT (file:///opt/visual-studio-code/resources/app/out/vs/workbench/api/node/extensionHostProcess.js:32:110702)
    at Dy.U (file:///opt/visual-studio-code/resources/app/out/vs/workbench/api/node/extensionHostProcess.js:32:115312)
    at Proxy.s.<computed>.n.charCodeAt.s.<computed> (file:///opt/visual-studio-code/resources/app/out/vs/workbench/api/node/extensionHostProcess.js:32:112806)
    at cw.g (file:///opt/visual-studio-code/resources/app/out/vs/workbench/api/node/extensionHostProcess.js:115:32313)
    at cw.executeCommand (file:///opt/visual-studio-code/resources/app/out/vs/workbench/api/node/extensionHostProcess.js:115:31817)
    at r.registerCommand.description (file:///opt/visual-studio-code/resources/app/out/vs/workbench/api/node/extensionHostProcess.js:115:31147)
    at cw.h (file:///opt/visual-studio-code/resources/app/out/vs/workbench/api/node/extensionHostProcess.js:115:32833)
    at cw.g (file:///opt/visual-studio-code/resources/app/out/vs/workbench/api/node/extensionHostProcess.js:115:31910)
    at cw.executeCommand (file:///opt/visual-studio-code/resources/app/out/vs/workbench/api/node/extensionHostProcess.js:115:31817)
    at Object.executeCommand (file:///opt/visual-studio-code/resources/app/out/vs/workbench/api/node/extensionHostProcess.js:157:37484)
    at t.executeCommand (/home/miguel/.vscode/extensions/ms-python.python-2024.22.2-linux-x64/out/client/extension.js:2:373391)
    at o (/home/miguel/.vscode/extensions/ms-python.python-2024.22.2-linux-x64/out/client/extension.js:2:712846)
    at t.registerCreateEnvironmentButtonFeatures (/home/miguel/.vscode/extensions/ms-python.python-2024.22.2-linux-x64/out/client/extension.js:2:713002)
    at t.registerAllCreateEnvironmentFeatures (/home/miguel/.vscode/extensions/ms-python.python-2024.22.2-linux-x64/out/client/extension.js:2:757274)
    at t.activateFeatures (/home/miguel/.vscode/extensions/ms-python.python-2024.22.2-linux-x64/out/client/extension.js:2:442522)
    at /home/miguel/.vscode/extensions/ms-python.python-2024.22.2-linux-x64/out/client/extension.js:2:2703752
    at processTicksAndRejections (node:internal/process/task_queues:95:5)
    at e (/home/miguel/.vscode/extensions/ms-python.python-2024.22.2-linux-x64/out/client/extension.js:2:2703225)
    at K0.n (file:///opt/visual-studio-code/resources/app/out/vs/workbench/api/node/extensionHostProcess.js:115:4447)
    at K0.m (file:///opt/visual-studio-code/resources/app/out/vs/workbench/api/node/extensionHostProcess.js:115:4410)
    at K0.l (file:///opt/visual-studio-code/resources/app/out/vs/workbench/api/node/extensionHostProcess.js:115:3866) setContext undefined
2025-01-23 23:31:05.114 [error] Canceled: Canceled
    at new IT (file:///opt/visual-studio-code/resources/app/out/vs/workbench/api/node/extensionHostProcess.js:32:110702)
    at Dy.U (file:///opt/visual-studio-code/resources/app/out/vs/workbench/api/node/extensionHostProcess.js:32:115312)
    at Proxy.s.<computed>.n.charCodeAt.s.<computed> (file:///opt/visual-studio-code/resources/app/out/vs/workbench/api/node/extensionHostProcess.js:32:112806)
    at cw.g (file:///opt/visual-studio-code/resources/app/out/vs/workbench/api/node/extensionHostProcess.js:115:32313)
    at cw.executeCommand (file:///opt/visual-studio-code/resources/app/out/vs/workbench/api/node/extensionHostProcess.js:115:31817)
    at r.registerCommand.description (file:///opt/visual-studio-code/resources/app/out/vs/workbench/api/node/extensionHostProcess.js:115:31147)
    at cw.h (file:///opt/visual-studio-code/resources/app/out/vs/workbench/api/node/extensionHostProcess.js:115:32833)
    at cw.g (file:///opt/visual-studio-code/resources/app/out/vs/workbench/api/node/extensionHostProcess.js:115:31910)
    at cw.executeCommand (file:///opt/visual-studio-code/resources/app/out/vs/workbench/api/node/extensionHostProcess.js:115:31817)
    at Object.executeCommand (file:///opt/visual-studio-code/resources/app/out/vs/workbench/api/node/extensionHostProcess.js:157:37484)
    at t.executeCommand (/home/miguel/.vscode/extensions/ms-python.python-2024.22.2-linux-x64/out/client/extension.js:2:373391)
    at t.registerPyProjectTomlFeatures (/home/miguel/.vscode/extensions/ms-python.python-2024.22.2-linux-x64/out/client/extension.js:2:756895)
    at t.registerAllCreateEnvironmentFeatures (/home/miguel/.vscode/extensions/ms-python.python-2024.22.2-linux-x64/out/client/extension.js:2:757313)
    at t.activateFeatures (/home/miguel/.vscode/extensions/ms-python.python-2024.22.2-linux-x64/out/client/extension.js:2:442522)
    at /home/miguel/.vscode/extensions/ms-python.python-2024.22.2-linux-x64/out/client/extension.js:2:2703752
    at processTicksAndRejections (node:internal/process/task_queues:95:5)
    at e (/home/miguel/.vscode/extensions/ms-python.python-2024.22.2-linux-x64/out/client/extension.js:2:2703225)
    at K0.n (file:///opt/visual-studio-code/resources/app/out/vs/workbench/api/node/extensionHostProcess.js:115:4447)
    at K0.m (file:///opt/visual-studio-code/resources/app/out/vs/workbench/api/node/extensionHostProcess.js:115:4410)
    at K0.l (file:///opt/visual-studio-code/resources/app/out/vs/workbench/api/node/extensionHostProcess.js:115:3866) setContext undefined
2025-01-23 23:31:05.161 [error] Canceled: Canceled
    at new IT (file:///opt/visual-studio-code/resources/app/out/vs/workbench/api/node/extensionHostProcess.js:32:110702)
    at Dy.U (file:///opt/visual-studio-code/resources/app/out/vs/workbench/api/node/extensionHostProcess.js:32:115312)
    at Proxy.s.<computed>.n.charCodeAt.s.<computed> (file:///opt/visual-studio-code/resources/app/out/vs/workbench/api/node/extensionHostProcess.js:32:112806)
    at cw.g (file:///opt/visual-studio-code/resources/app/out/vs/workbench/api/node/extensionHostProcess.js:115:32313)
    at cw.executeCommand (file:///opt/visual-studio-code/resources/app/out/vs/workbench/api/node/extensionHostProcess.js:115:31817)
    at r.registerCommand.description (file:///opt/visual-studio-code/resources/app/out/vs/workbench/api/node/extensionHostProcess.js:115:31147)
    at cw.h (file:///opt/visual-studio-code/resources/app/out/vs/workbench/api/node/extensionHostProcess.js:115:32833)
    at cw.g (file:///opt/visual-studio-code/resources/app/out/vs/workbench/api/node/extensionHostProcess.js:115:31910)
    at cw.executeCommand (file:///opt/visual-studio-code/resources/app/out/vs/workbench/api/node/extensionHostProcess.js:115:31817)
    at Object.executeCommand (file:///opt/visual-studio-code/resources/app/out/vs/workbench/api/node/extensionHostProcess.js:157:37484)
    at jd (/home/miguel/.vscode/extensions/bradlc.vscode-tailwindcss-0.14.1/dist/extension.js:40:8656)
    at runNextTicks (node:internal/process/task_queues:60:5)
    at processImmediate (node:internal/timers:454:9) setContext undefined
2025-01-23 23:31:05.224 [error] Error: Channel has been closed
    at s (file:///opt/visual-studio-code/resources/app/out/vs/workbench/api/node/extensionHostProcess.js:121:2431)
    at Object.appendLine (file:///opt/visual-studio-code/resources/app/out/vs/workbench/api/node/extensionHostProcess.js:121:2570)
    at D.logOutputMessage (/opt/visual-studio-code/resources/app/extensions/json-language-features/client/dist/node/jsonClientMain.js:1:285192)
    at D.info (/opt/visual-studio-code/resources/app/extensions/json-language-features/client/dist/node/jsonClientMain.js:1:284925)
    at ChildProcess.<anonymous> (/opt/visual-studio-code/resources/app/extensions/json-language-features/client/dist/node/jsonClientMain.js:1:503028)
    at ChildProcess.emit (node:events:518:28)
    at ChildProcess.emit (node:domain:489:12)
    at Process.ChildProcess._handle.onexit (node:internal/child_process:293:12)
2025-01-23 23:31:05.279 [error] Canceled: Canceled
    at new IT (file:///opt/visual-studio-code/resources/app/out/vs/workbench/api/node/extensionHostProcess.js:32:110702)
    at Dy.U (file:///opt/visual-studio-code/resources/app/out/vs/workbench/api/node/extensionHostProcess.js:32:115312)
    at Proxy.s.<computed>.n.charCodeAt.s.<computed> (file:///opt/visual-studio-code/resources/app/out/vs/workbench/api/node/extensionHostProcess.js:32:112806)
    at cw.g (file:///opt/visual-studio-code/resources/app/out/vs/workbench/api/node/extensionHostProcess.js:115:32313)
    at cw.executeCommand (file:///opt/visual-studio-code/resources/app/out/vs/workbench/api/node/extensionHostProcess.js:115:31817)
    at r.registerCommand.description (file:///opt/visual-studio-code/resources/app/out/vs/workbench/api/node/extensionHostProcess.js:115:31147)
    at cw.h (file:///opt/visual-studio-code/resources/app/out/vs/workbench/api/node/extensionHostProcess.js:115:32833)
    at cw.g (file:///opt/visual-studio-code/resources/app/out/vs/workbench/api/node/extensionHostProcess.js:115:31910)
    at cw.executeCommand (file:///opt/visual-studio-code/resources/app/out/vs/workbench/api/node/extensionHostProcess.js:115:31817)
    at Object.executeCommand (file:///opt/visual-studio-code/resources/app/out/vs/workbench/api/node/extensionHostProcess.js:157:37484)
    at s.executeCommand (/home/miguel/.vscode/extensions/ms-python.python-2024.22.2-linux-x64/out/client/extension.js:2:105254)
    at a.setContext (/home/miguel/.vscode/extensions/ms-python.python-2024.22.2-linux-x64/out/client/extension.js:2:113254)
    at C.updateTestUIButtons (/home/miguel/.vscode/extensions/ms-python.python-2024.22.2-linux-x64/out/client/extension.js:2:933878)
    at C.activate (/home/miguel/.vscode/extensions/ms-python.python-2024.22.2-linux-x64/out/client/extension.js:2:932787)
    at /home/miguel/.vscode/extensions/ms-python.python-2024.22.2-linux-x64/out/client/extension.js:2:2457
    at Array.map (<anonymous>)
    at v.activateWorkspace (/home/miguel/.vscode/extensions/ms-python.python-2024.22.2-linux-x64/out/client/extension.js:2:2447) setContext undefined
2025-01-23 23:31:05.292 [error] Canceled: Canceled
    at new IT (file:///opt/visual-studio-code/resources/app/out/vs/workbench/api/node/extensionHostProcess.js:32:110702)
    at Dy.U (file:///opt/visual-studio-code/resources/app/out/vs/workbench/api/node/extensionHostProcess.js:32:115312)
    at Proxy.s.<computed>.n.charCodeAt.s.<computed> (file:///opt/visual-studio-code/resources/app/out/vs/workbench/api/node/extensionHostProcess.js:32:112806)
    at cw.g (file:///opt/visual-studio-code/resources/app/out/vs/workbench/api/node/extensionHostProcess.js:115:32313)
    at cw.executeCommand (file:///opt/visual-studio-code/resources/app/out/vs/workbench/api/node/extensionHostProcess.js:115:31817)
    at r.registerCommand.description (file:///opt/visual-studio-code/resources/app/out/vs/workbench/api/node/extensionHostProcess.js:115:31147)
    at cw.h (file:///opt/visual-studio-code/resources/app/out/vs/workbench/api/node/extensionHostProcess.js:115:32833)
    at cw.g (file:///opt/visual-studio-code/resources/app/out/vs/workbench/api/node/extensionHostProcess.js:115:31910)
    at cw.executeCommand (file:///opt/visual-studio-code/resources/app/out/vs/workbench/api/node/extensionHostProcess.js:115:31817)
    at Object.executeCommand (file:///opt/visual-studio-code/resources/app/out/vs/workbench/api/node/extensionHostProcess.js:157:37484)
    at pE (/home/miguel/.vscode/extensions/bradlc.vscode-tailwindcss-0.14.1/dist/extension.js:40:8772)
    at Ne (/home/miguel/.vscode/extensions/bradlc.vscode-tailwindcss-0.14.1/dist/extension.js:4:1357)
    at me (/home/miguel/.vscode/extensions/bradlc.vscode-tailwindcss-0.14.1/dist/extension.js:3:6845)
    at Immediate.<anonymous> (/home/miguel/.vscode/extensions/bradlc.vscode-tailwindcss-0.14.1/dist/extension.js:3:6723)
    at processImmediate (node:internal/timers:483:21) setContext undefined
2025-01-23 23:31:05.294 [info] Extension host with pid 218119 exiting with code 0
