2025-01-27 01:13:36.170 [info] Added views:outline in workbench.view.explorer
2025-01-27 01:13:36.171 [info] Added views:workbench.view.search in workbench.view.search
2025-01-27 01:13:36.171 [info] Added views:workbench.scm in workbench.view.scm
2025-01-27 01:13:36.171 [info] Added views:workbench.panel.markers.view in workbench.panel.markers
2025-01-27 01:13:36.171 [info] Added views:workbench.panel.output in workbench.panel.output
2025-01-27 01:13:36.171 [info] Added views:terminal in terminal
2025-01-27 01:13:36.171 [info] Added views:timeline in workbench.view.explorer
2025-01-27 01:13:36.171 [info] Added views:workbench.explorer.fileView in workbench.view.explorer
2025-01-27 01:13:36.610 [info] Added views:workbench.debug.welcome in workbench.view.debug
2025-01-27 01:13:38.508 [info] Added views:ddb50.debugView in workbench.view.extension.ddb50
2025-01-27 01:13:38.508 [info] Added views:github.codespaces.explorer in workbench.view.remote
2025-01-27 01:13:38.511 [info] Added views:dockerContainers,dockerImages,dockerRegistries,dockerNetworks,dockerVolumes,vscode-docker.views.dockerContexts,vscode-docker.views.help in workbench.view.extension.dockerView
2025-01-27 01:13:38.512 [info] Added views:dataworkspace.views.main in workbench.view.extension.dataworkspace
2025-01-27 01:13:38.516 [info] Added views:objectExplorer,queryHistory in workbench.view.extension.objectExplorer
2025-01-27 01:13:38.517 [info] Added views:targetsContainers,devVolumes in workbench.view.remote
2025-01-27 01:13:38.517 [info] Added views:remoteTargets in workbench.view.remote
2025-01-27 01:13:38.519 [info] Added views:sqltoolsViewConnectionExplorer,sqltoolsViewBookmarksExplorer,sqltoolsViewHistoryExplorer in workbench.view.extension.sqltoolsActivityBarContainer
2025-01-27 01:13:38.520 [info] Added views:sqltoolsViewConsoleMessages in workbench.view.extension.sqltoolsPanelContainer
2025-01-27 01:13:38.522 [info] Added views:rubberduck.chat in workbench.view.extension.rubberduck
2025-01-27 01:13:39.236 [info] Added views:workbench.panel.repl.view in workbench.panel.repl
2025-01-27 01:13:44.053 [info] Added views:workbench.scm.repositories,workbench.scm.history in workbench.view.scm
2025-01-27 01:13:44.461 [info] Added views:~remote.forwardedPorts in ~remote.forwardedPortsContainer
2025-01-27 01:14:08.166 [info] Removed views:workbench.scm.history,workbench.scm.repositories from workbench.view.scm
2025-01-27 01:14:08.804 [info] Added views:outline in workbench.view.explorer
2025-01-27 01:14:08.804 [info] Added views:workbench.view.search in workbench.view.search
2025-01-27 01:14:08.804 [info] Added views:workbench.scm in workbench.view.scm
2025-01-27 01:14:08.804 [info] Added views:workbench.panel.markers.view in workbench.panel.markers
2025-01-27 01:14:08.804 [info] Added views:workbench.panel.output in workbench.panel.output
2025-01-27 01:14:08.804 [info] Added views:terminal in terminal
2025-01-27 01:14:08.804 [info] Added views:timeline in workbench.view.explorer
2025-01-27 01:14:08.804 [info] Added views:workbench.explorer.fileView in workbench.view.explorer
2025-01-27 01:14:09.494 [info] Added views:workbench.debug.variablesView,workbench.debug.watchExpressionsView,workbench.debug.callStackView,workbench.debug.breakPointsView in workbench.view.debug
2025-01-27 01:14:10.202 [info] Added views:github.codespaces.explorer in workbench.view.remote
2025-01-27 01:14:10.203 [info] Added views:dockerContainers,dockerImages,dockerRegistries,dockerNetworks,dockerVolumes,vscode-docker.views.dockerContexts,vscode-docker.views.help in workbench.view.extension.dockerView
2025-01-27 01:14:10.204 [info] Added views:dataworkspace.views.main in workbench.view.extension.dataworkspace
2025-01-27 01:14:10.205 [info] Added views:objectExplorer,queryHistory in workbench.view.extension.objectExplorer
2025-01-27 01:14:10.206 [info] Added views:targetsContainers,devVolumes in workbench.view.remote
2025-01-27 01:14:10.207 [info] Added views:remoteTargets in workbench.view.remote
2025-01-27 01:14:10.254 [info] Added views:~remote.forwardedPorts in ~remote.forwardedPortsContainer
2025-01-27 01:14:10.554 [info] Added views:workbench.panel.repl.view in workbench.panel.repl
2025-01-27 01:14:10.556 [info] Removed views:workbench.debug.breakPointsView,workbench.debug.callStackView,workbench.debug.watchExpressionsView,workbench.debug.variablesView from workbench.view.debug
2025-01-27 01:14:10.557 [info] Added views:workbench.debug.welcome in workbench.view.debug
2025-01-27 01:14:12.257 [info] Added views:ddb50.debugView in workbench.view.extension.ddb50
2025-01-27 01:14:12.262 [info] Added views:sqltoolsViewConnectionExplorer,sqltoolsViewBookmarksExplorer,sqltoolsViewHistoryExplorer in workbench.view.extension.sqltoolsActivityBarContainer
2025-01-27 01:14:12.262 [info] Added views:sqltoolsViewConsoleMessages in workbench.view.extension.sqltoolsPanelContainer
2025-01-27 01:14:12.263 [info] Added views:rubberduck.chat in workbench.view.extension.rubberduck
