2025-01-22 12:00:11.632 [warning] Via 'product.json#extensionEnabledApiProposals' extension 'ms-vscode.vscode-selfhost-test-provider' wants API proposal 'attributableCoverage' but that proposal DOES NOT EXIST. Likely, the proposal has been finalized (check 'vscode.d.ts') or was abandoned.
2025-01-22 12:00:11.633 [warning] Via 'product.json#extensionEnabledApiProposals' extension 'ms-python.python' wants API proposal 'contribIssueReporter' but that proposal DOES NOT EXIST. Likely, the proposal has been finalized (check 'vscode.d.ts') or was abandoned.
2025-01-22 12:00:11.633 [warning] Via 'product.json#extensionEnabledApiProposals' extension 'ms-python.debugpy' wants API proposal 'contribIssueReporter' but that proposal DOES NOT EXIST. Likely, the proposal has been finalized (check 'vscode.d.ts') or was abandoned.
2025-01-22 12:00:12.312 [info] Started local extension host with pid 8706.
2025-01-22 12:00:13.965 [error] Extension 'ms-vscode.cpptools' wants API proposal 'lmTools' but that proposal DOES NOT EXIST. Likely, the proposal has been finalized (check 'vscode.d.ts') or was abandoned.
2025-01-22 12:00:14.147 [warning] [esbenp.prettier-vscode]: Cannot register 'prettier.printWidth'. This property is already registered.
2025-01-22 12:00:14.147 [warning] [esbenp.prettier-vscode]: Cannot register 'prettier.tabWidth'. This property is already registered.
2025-01-22 12:00:14.147 [warning] [esbenp.prettier-vscode]: Cannot register 'prettier.singleQuote'. This property is already registered.
2025-01-22 12:00:14.150 [warning] [esbenp.prettier-vscode]: Cannot register 'prettier.trailingComma'. This property is already registered.
2025-01-22 12:00:14.151 [warning] [esbenp.prettier-vscode]: Cannot register 'prettier.bracketSpacing'. This property is already registered.
2025-01-22 12:00:14.151 [warning] [esbenp.prettier-vscode]: Cannot register 'prettier.jsxBracketSameLine'. This property is already registered.
2025-01-22 12:00:14.152 [warning] [esbenp.prettier-vscode]: Cannot register 'prettier.semi'. This property is already registered.
2025-01-22 12:00:14.152 [warning] [esbenp.prettier-vscode]: Cannot register 'prettier.useTabs'. This property is already registered.
2025-01-22 12:00:14.156 [warning] [twxs.cmake]: Cannot register 'cmake.cmakePath'. This property is already registered.
2025-01-22 12:00:17.689 [warning] Authentication provider sqltools-driver-credentials was not declared in the Extension Manifest.
2025-01-22 12:00:20.660 [info] Settings Sync: Token updated for the account migueacastro
2025-01-22 12:00:20.666 [info] Settings Sync: Account status changed from uninitialized to available
2025-01-22 12:00:22.709 [info] Settings Sync: Token updated for the account migueacastro
2025-01-22 12:00:23.298 [info] [perf] Render performance baseline is 103ms
2025-01-22 12:00:26.532 [info] Extension host (LocalProcess pid: 8706) is unresponsive.
2025-01-22 12:00:26.629 [info] Extension host (LocalProcess pid: 8706) is responsive.
2025-01-22 12:00:26.649 [info] UNRESPONSIVE extension host: received responsive event and cancelling profiling session
2025-01-22 12:00:27.796 [info] UNRESPONSIVE extension host: starting to profile NOW
2025-01-22 12:00:28.592 [warning] Authentication provider codeium_auth was not declared in the Extension Manifest.
