2025-01-23 23:43:19.721 [info] Reading sessions from keychain...
2025-01-23 23:43:19.721 [info] Getting sessions for all scopes...
2025-01-23 23:43:19.721 [info] Getting sessions for all scopes...
2025-01-23 23:43:19.721 [info] Got stored sessions!
2025-01-23 23:43:19.721 [info] Got 2 verified sessions.
2025-01-23 23:43:19.721 [info] Got 2 sessions for ...
2025-01-23 23:43:19.721 [info] Got 2 sessions for ...
2025-01-23 23:43:19.721 [info] Getting sessions for all scopes...
2025-01-23 23:43:19.721 [info] Got 2 sessions for ...
2025-01-23 23:43:19.721 [info] Getting sessions for all scopes...
2025-01-23 23:43:19.721 [info] Got 2 sessions for ...
2025-01-23 23:43:19.721 [info] Getting sessions for all scopes...
2025-01-23 23:43:19.721 [info] Got 2 sessions for ...
2025-01-23 23:43:19.721 [info] Getting sessions for all scopes...
2025-01-23 23:43:19.721 [info] Got 2 sessions for ...
2025-01-23 23:43:19.721 [info] Getting sessions for all scopes...
2025-01-23 23:43:19.721 [info] Got 2 sessions for ...
2025-01-23 23:43:19.721 [info] Getting sessions for all scopes...
2025-01-23 23:43:19.721 [info] Got 2 sessions for ...
2025-01-23 23:43:19.721 [info] Getting sessions for user:email...
2025-01-23 23:43:19.721 [info] Got 1 sessions for user:email...
2025-01-23 23:43:22.159 [info] Getting sessions for all scopes...
2025-01-23 23:43:22.159 [info] Got 2 sessions for ...
2025-01-23 23:43:23.404 [info] Getting sessions for user:email...
2025-01-23 23:43:23.404 [info] Got 1 sessions for user:email...
2025-01-23 23:43:23.719 [info] Getting sessions for user:email...
2025-01-23 23:43:23.719 [info] Got 1 sessions for user:email...
2025-01-23 23:43:23.720 [info] Getting sessions for read:user,repo,user:email,workflow...
2025-01-23 23:43:23.720 [info] Got 1 sessions for read:user,repo,user:email,workflow...
2025-01-23 23:43:24.640 [info] Getting sessions for read:user,repo,user:email,workflow...
2025-01-23 23:43:24.640 [info] Got 1 sessions for read:user,repo,user:email,workflow...
