[1737601246284] INFO  (ext): SQLTools is starting
[1737601246295] INFO  (ext): initializing language client...
[1737601246304] INFO  (ext): Registering client for languages [{"scheme":"sqltools"},{"language":"sql","scheme":"untitled"},{"language":"sql","scheme":"file"},{"language":"sql","scheme":"sqltools"}]
    ns: "lc"
[1737601246321] INFO  (ext): loading plugins...
[1737601246325] INFO  (ext): registering Formatter Plugin.
    plugin: {
      "name": "Formatter Plugin"
    }
[1737601246329] INFO  (ext): registering Connection Manager Plugin.
    plugin: {
      "name": "Connection Manager Plugin"
    }
[1737601246329] INFO  (ext): registering CodeLens Plugin.
    plugin: {
      "name": "CodeLens Plugin",
      "registeredLanguages": []
    }
[1737601246333] INFO  (ext): registering Dependency Manager Plugin.
    plugin: {
      "name": "Dependency Manager Plugin",
      "installingDrivers": []
    }
[1737601246346] INFO  (ext): Connection explorer changed. Will be updated.
    ns: "conn-man:explorer"
[1737601246349] INFO  (ext): registering History Manager Plugin.
    plugin: {
      "name": "History Manager Plugin"
    }
[1737601246350] INFO  (ext): registering Bookmarks Manager Plugin.
    plugin: {
      "name": "Bookmarks Manager Plugin"
    }
[1737601246352] INFO  (ext): registering Authentication Provider Plugin.
    plugin: {
      "name": "Authentication Provider Plugin",
      "isRegistered": false
    }
[1737601246353] INFO  (ext): registering Object Drop-in Provider (plugin).
    plugin: {
      "type": "plugin",
      "name": "Object Drop-in Provider",
      "isRegistered": false
    }
[1737601246354] INFO  (ext): SQLTools activation completed. 70.356957 ms
[1737601246355] INFO  (ext): Formatter Plugin registered!
[1737601246355] INFO  (ext): CodeLens Plugin registered!
[1737601246355] INFO  (ext): Dependency Manager Plugin registered!
[1737601246355] INFO  (ext): Connection Manager Plugin registered!
[1737601246355] INFO  (ext): History Manager Plugin registered!
[1737601246355] INFO  (ext): Bookmarks Manager Plugin registered!
[1737601246355] INFO  (ext): Authentication Provider Plugin registered!
[1737601246355] INFO  (ext): Object Drop-in Provider (plugin) registered!
[1737601246938] INFO  (ls): SQLTools Server started!
===============================
Using node runtime?: no
ExecPath: /opt/visual-studio-code/code 
===============================
[1737601247182] INFO  (ext): LanguageClient ready
    ns: "lc"
[1737601247218] INFO  (ext): registering SQL Server/Azure Plugin (driver).
    plugin: {
      "extensionId": "mtxr.sqltools-driver-mssql",
      "name": "SQL Server/Azure Plugin",
      "type": "driver"
    }
[1737601247220] INFO  (ext): registering MySQL/MariaDB/TiDB Plugin (driver).
    plugin: {
      "extensionId": "mtxr.sqltools-driver-mysql",
      "name": "MySQL/MariaDB/TiDB Plugin",
      "type": "driver"
    }
[1737601247172] INFO  (ls): Initialized with node version:v20.18.1
[1737601247218] INFO  (ls): REQUEST RECEIVED => ls/RegisterPlugin
[1737601247219] INFO  (ls): request to register plugin: "/home/miguel/.vscode/extensions/mtxr.sqltools-driver-mssql-0.4.3/out/ls/plugin.js"
[1737601248578] INFO  (ext): EXECUTING COMMAND => sqltools.refreshTree
[1737601248579] INFO  (ext): Connection explorer changed. Will be updated.
    ns: "conn-man:explorer"
[1737601248581] INFO  (ext): Connection explorer changed. Will be updated.
    ns: "conn-man:explorer"
[1737601248771] INFO  (ext): Connection explorer changed. Will be updated.
    ns: "conn-man:explorer"
[1737601247699] INFO  (ls): Driver mssql registered!
    place: "driver-map"
    ns: "ls-context"
[1737601247710] INFO  (ls): REQUEST RECEIVED => ls/RegisterPlugin
[1737601247710] INFO  (ls): request to register plugin: "/home/miguel/.vscode/extensions/mtxr.sqltools-driver-mysql-0.6.3/out/ls/plugin.js"
[1737601248049] INFO  (ls): Driver mysql registered!
    place: "driver-map"
    ns: "ls-context"
[1737601248049] INFO  (ls): Driver mariadb registered!
    place: "driver-map"
    ns: "ls-context"
[1737601248050] INFO  (ls): Driver tidb registered!
    place: "driver-map"
    ns: "ls-context"
[1737601248785] INFO  (ext): SQL Server/Azure Plugin (driver) registered!
[1737601249036] INFO  (ext): Connection explorer changed. Will be updated.
    ns: "conn-man:explorer"
[1737601249081] INFO  (ext): MySQL/MariaDB/TiDB Plugin (driver) registered!
[1737601250192] INFO  (ext): EXECUTING COMMAND => sqltools.refreshTree
[1737601250192] INFO  (ext): Connection explorer changed. Will be updated.
    ns: "conn-man:explorer"
[1737601256658] INFO  (ext): Connection explorer changed. Will be updated.
    ns: "conn-man:explorer"
[1737601256666] INFO  (ext): Connection explorer changed. Will be updated.
    ns: "conn-man:explorer"
[1737601257019] INFO  (ext): Connection explorer changed. Will be updated.
    ns: "conn-man:explorer"
[1737601257020] INFO  (ext): Connection explorer changed. Will be updated.
    ns: "conn-man:explorer"
[1737601796638] INFO  (ext): Connection explorer changed. Will be updated.
    ns: "conn-man:explorer"
[1737601901375] INFO  (ext): Connection explorer changed. Will be updated.
    ns: "conn-man:explorer"
