2025-01-31 17:00:57.104 [info] Reading sessions from keychain...
2025-01-31 17:00:57.104 [info] Getting sessions for all scopes...
2025-01-31 17:00:57.104 [info] Getting sessions for all scopes...
2025-01-31 17:00:57.104 [info] Got stored sessions!
2025-01-31 17:00:57.104 [info] Got 2 verified sessions.
2025-01-31 17:00:57.104 [info] Got 2 sessions for ...
2025-01-31 17:00:57.104 [info] Got 2 sessions for ...
2025-01-31 17:00:57.104 [info] Getting sessions for all scopes...
2025-01-31 17:00:57.104 [info] Got 2 sessions for ...
2025-01-31 17:00:57.104 [info] Getting sessions for all scopes...
2025-01-31 17:00:57.104 [info] Got 2 sessions for ...
2025-01-31 17:00:57.104 [info] Getting sessions for all scopes...
2025-01-31 17:00:57.104 [info] Got 2 sessions for ...
2025-01-31 17:00:57.104 [info] Getting sessions for all scopes...
2025-01-31 17:00:57.104 [info] Got 2 sessions for ...
2025-01-31 17:00:57.104 [info] Getting sessions for all scopes...
2025-01-31 17:00:57.104 [info] Got 2 sessions for ...
2025-01-31 17:00:57.281 [info] Getting sessions for all scopes...
2025-01-31 17:00:57.281 [info] Got 2 sessions for ...
2025-01-31 17:00:59.303 [info] Getting sessions for user:email...
2025-01-31 17:00:59.308 [info] Got 1 sessions for user:email...
2025-01-31 17:00:59.329 [info] Getting sessions for all scopes...
2025-01-31 17:00:59.329 [info] Got 2 sessions for ...
2025-01-31 17:01:00.073 [info] Getting sessions for user:email...
2025-01-31 17:01:00.073 [info] Got 1 sessions for user:email...
2025-01-31 17:01:00.074 [info] Getting sessions for user:email...
2025-01-31 17:01:00.074 [info] Got 1 sessions for user:email...
2025-01-31 17:01:20.851 [info] Reading sessions from keychain...
2025-01-31 17:01:20.851 [info] Getting sessions for all scopes...
2025-01-31 17:01:20.851 [info] Getting sessions for all scopes...
2025-01-31 17:01:20.851 [info] Getting sessions for all scopes...
2025-01-31 17:01:20.851 [info] Getting sessions for all scopes...
2025-01-31 17:01:20.851 [info] Getting sessions for all scopes...
2025-01-31 17:01:20.851 [info] Getting sessions for all scopes...
2025-01-31 17:01:20.851 [info] Getting sessions for all scopes...
2025-01-31 17:01:20.851 [info] Got stored sessions!
2025-01-31 17:01:20.851 [info] Got 2 verified sessions.
2025-01-31 17:01:20.851 [info] Got 2 sessions for ...
2025-01-31 17:01:20.851 [info] Got 2 sessions for ...
2025-01-31 17:01:20.851 [info] Got 2 sessions for ...
2025-01-31 17:01:20.851 [info] Got 2 sessions for ...
2025-01-31 17:01:20.851 [info] Got 2 sessions for ...
2025-01-31 17:01:20.851 [info] Got 2 sessions for ...
2025-01-31 17:01:20.851 [info] Got 2 sessions for ...
2025-01-31 17:01:20.851 [info] Getting sessions for all scopes...
2025-01-31 17:01:20.851 [info] Got 2 sessions for ...
2025-01-31 17:01:21.111 [info] Getting sessions for user:email...
2025-01-31 17:01:21.114 [info] Got 1 sessions for user:email...
2025-01-31 17:01:23.207 [info] Getting sessions for all scopes...
2025-01-31 17:01:23.207 [info] Got 2 sessions for ...
2025-01-31 17:01:24.470 [info] Getting sessions for user:email...
2025-01-31 17:01:24.470 [info] Got 1 sessions for user:email...
2025-01-31 17:01:24.570 [info] Getting sessions for read:user,repo,user:email,workflow...
2025-01-31 17:01:24.571 [info] Got 1 sessions for read:user,repo,user:email,workflow...
2025-01-31 17:01:24.652 [info] Getting sessions for user:email...
2025-01-31 17:01:24.652 [info] Got 1 sessions for user:email...
2025-01-31 17:01:25.478 [info] Getting sessions for read:user,repo,user:email,workflow...
2025-01-31 17:01:25.478 [info] Got 1 sessions for read:user,repo,user:email,workflow...
